#
# There is insufficient memory for the Java Runtime Environment to continue.
# Native memory allocation (malloc) failed to allocate 333888 bytes. Error detail: Chunk::new
# Possible reasons:
#   The system is out of physical RAM or swap space
#   This process is running with CompressedOops enabled, and the Java Heap may be blocking the growth of the native heap
# Possible solutions:
#   Reduce memory load on the system
#   Increase physical memory or swap space
#   Check if swap backing store is full
#   Decrease Java heap size (-Xmx/-Xms)
#   Decrease number of Java threads
#   Decrease Java thread stack sizes (-Xss)
#   Set larger code cache with -XX:ReservedCodeCacheSize=
#   JVM is running with Unscaled Compressed Oops mode in which the Java heap is
#     placed in the first 4GB address space. The Java Heap base address is the
#     maximum limit for the native heap growth. Please use -XX:HeapBaseMinAddress
#     to set the Java Heap base and to place the Java Heap above 4GB virtual address.
# This output file may be truncated or incomplete.
#
#  Out of Memory Error (arena.cpp:168), pid=14032, tid=14332
#
# JRE version: OpenJDK Runtime Environment Temurin-21.0.10+7 (21.0.10+7) (build 21.0.10+7-LTS)
# Java VM: OpenJDK 64-Bit Server VM Temurin-21.0.10+7 (21.0.10+7-LTS, mixed mode, sharing, tiered, compressed oops, compressed class ptrs, g1 gc, windows-amd64)
# No core dump will be written. Minidumps are not enabled by default on client versions of Windows
#

---------------  S U M M A R Y ------------

Command Line: org.jetbrains.kotlin.cli.jvm.K2JVMCompiler @D:\NaufalData\Koding\Flutter\flutter\packages\flutter_tools\gradle\build\20260511_1941214541514699181.compiler.options

Host: AMD Ryzen 3 5300U with Radeon Graphics         , 8 cores, 7G,  Windows 11 , 64 bit Build 26100 (10.0.26100.8246)
Time: Mon May 11 11:59:13 2026 SE Asia Standard Time elapsed time: 18.052339 seconds (0d 0h 0m 18s)

---------------  T H R E A D  ---------------

Current thread (0x000001eabfe35070):  JavaThread "C2 CompilerThread0" daemon [_thread_in_native, id=14332, stack(0x000000df54d00000,0x000000df54e00000) (1024K)]


Current CompileTask:
C2:18052 9386       4       org.jetbrains.kotlin.resolve.calls.inference.components.NewTypeSubstitutor::substitute (1071 bytes)

Stack: [0x000000df54d00000,0x000000df54e00000]
Native frames: (J=compiled Java code, j=interpreted, Vv=VM code, C=native code)
V  [jvm.dll+0x6d7a39]
V  [jvm.dll+0x8b4b26]
V  [jvm.dll+0x8b70de]
V  [jvm.dll+0x8b77c3]
V  [jvm.dll+0x284346]
V  [jvm.dll+0xc66ed]
V  [jvm.dll+0xc6c31]
V  [jvm.dll+0x3bec3b]
V  [jvm.dll+0x38b162]
V  [jvm.dll+0x38a5aa]
V  [jvm.dll+0x24c560]
V  [jvm.dll+0x24bb40]
V  [jvm.dll+0x1cb34e]
V  [jvm.dll+0x25b85d]
V  [jvm.dll+0x259dea]
V  [jvm.dll+0x3f857e]
V  [jvm.dll+0x85f59d]
V  [jvm.dll+0x6d626d]
C  [ucrtbase.dll+0x37b0]
C  [KERNEL32.DLL+0x2e8d7]
C  [ntdll.dll+0x8c3fc]


---------------  P R O C E S S  ---------------

Threads class SMR info:
_java_thread_list=0x000001eb051a2da0, length=13, elements={
0x000001eaa6687170, 0x000001eabfe26bc0, 0x000001eabfe2a7f0, 0x000001eabfe2b400,
0x000001eabfe2dfa0, 0x000001eabfe2ed90, 0x000001eabfe34130, 0x000001eabfe35070,
0x000001eabfe3b4b0, 0x000001eb0510d660, 0x000001eb05113af0, 0x000001eb06b9a410,
0x000001eb0a2382c0
}

Java Threads: ( => current thread )
  0x000001eaa6687170 JavaThread "main"                              [_thread_in_Java, id=10160, stack(0x000000df53f00000,0x000000df54000000) (1024K)]
  0x000001eabfe26bc0 JavaThread "Reference Handler"          daemon [_thread_blocked, id=18692, stack(0x000000df54700000,0x000000df54800000) (1024K)]
  0x000001eabfe2a7f0 JavaThread "Finalizer"                  daemon [_thread_blocked, id=19092, stack(0x000000df54800000,0x000000df54900000) (1024K)]
  0x000001eabfe2b400 JavaThread "Signal Dispatcher"          daemon [_thread_blocked, id=8396, stack(0x000000df54900000,0x000000df54a00000) (1024K)]
  0x000001eabfe2dfa0 JavaThread "Attach Listener"            daemon [_thread_blocked, id=5052, stack(0x000000df54a00000,0x000000df54b00000) (1024K)]
  0x000001eabfe2ed90 JavaThread "Service Thread"             daemon [_thread_blocked, id=19436, stack(0x000000df54b00000,0x000000df54c00000) (1024K)]
  0x000001eabfe34130 JavaThread "Monitor Deflation Thread"   daemon [_thread_blocked, id=3656, stack(0x000000df54c00000,0x000000df54d00000) (1024K)]
=>0x000001eabfe35070 JavaThread "C2 CompilerThread0"         daemon [_thread_in_native, id=14332, stack(0x000000df54d00000,0x000000df54e00000) (1024K)]
  0x000001eabfe3b4b0 JavaThread "C1 CompilerThread0"         daemon [_thread_blocked, id=6896, stack(0x000000df54e00000,0x000000df54f00000) (1024K)]
  0x000001eb0510d660 JavaThread "Notification Thread"        daemon [_thread_blocked, id=19184, stack(0x000000df54f00000,0x000000df55000000) (1024K)]
  0x000001eb05113af0 JavaThread "Common-Cleaner"             daemon [_thread_blocked, id=11012, stack(0x000000df55000000,0x000000df55100000) (1024K)]
  0x000001eb06b9a410 JavaThread "C2 CompilerThread1"         daemon [_thread_blocked, id=18416, stack(0x000000df55900000,0x000000df55a00000) (1024K)]
  0x000001eb0a2382c0 JavaThread "C2 CompilerThread2"         daemon [_thread_blocked, id=4296, stack(0x000000df55a00000,0x000000df55b00000) (1024K)]
Total: 13

Other Threads:
  0x000001eabfe0e110 VMThread "VM Thread"                           [id=9688, stack(0x000000df54600000,0x000000df54700000) (1024K)]
  0x000001eabfdf7820 WatcherThread "VM Periodic Task Thread"        [id=18644, stack(0x000000df54500000,0x000000df54600000) (1024K)]
  0x000001eaa8a70680 WorkerThread "GC Thread#0"                     [id=16964, stack(0x000000df54000000,0x000000df54100000) (1024K)]
  0x000001eabfe0caf0 WorkerThread "GC Thread#1"                     [id=3288, stack(0x000000df55100000,0x000000df55200000) (1024K)]
  0x000001eb057f1be0 WorkerThread "GC Thread#2"                     [id=2984, stack(0x000000df55200000,0x000000df55300000) (1024K)]
  0x000001eb057f1f90 WorkerThread "GC Thread#3"                     [id=19336, stack(0x000000df55300000,0x000000df55400000) (1024K)]
  0x000001eb057f2aa0 WorkerThread "GC Thread#4"                     [id=13500, stack(0x000000df55400000,0x000000df55500000) (1024K)]
  0x000001eb057f2340 WorkerThread "GC Thread#5"                     [id=11392, stack(0x000000df55500000,0x000000df55600000) (1024K)]
  0x000001eb057f26f0 WorkerThread "GC Thread#6"                     [id=2168, stack(0x000000df55600000,0x000000df55700000) (1024K)]
  0x000001eb057f2e50 WorkerThread "GC Thread#7"                     [id=15548, stack(0x000000df55700000,0x000000df55800000) (1024K)]
  0x000001eaa8a80e80 ConcurrentGCThread "G1 Main Marker"            [id=8308, stack(0x000000df54100000,0x000000df54200000) (1024K)]
  0x000001eaa8a82040 WorkerThread "G1 Conc#0"                       [id=18680, stack(0x000000df54200000,0x000000df54300000) (1024K)]
  0x000001eb057f3d10 WorkerThread "G1 Conc#1"                       [id=17972, stack(0x000000df55800000,0x000000df55900000) (1024K)]
  0x000001eabfcc2570 ConcurrentGCThread "G1 Refine#0"               [id=18292, stack(0x000000df54300000,0x000000df54400000) (1024K)]
  0x000001eabfcc2da0 ConcurrentGCThread "G1 Service"                [id=18368, stack(0x000000df54400000,0x000000df54500000) (1024K)]
Total: 15

Threads with active compile tasks:
C2 CompilerThread0  18081 9386       4       org.jetbrains.kotlin.resolve.calls.inference.components.NewTypeSubstitutor::substitute (1071 bytes)
Total: 1

VM state: not at safepoint (normal execution)

VM Mutex/Monitor currently owned by a thread: None

Heap address: 0x000000008ac00000, size: 1876 MB, Compressed Oops mode: 32-bit

CDS archive(s) mapped at: [0x000001eac0000000-0x000001eac0ba0000-0x000001eac0ba0000), size 12189696, SharedBaseAddress: 0x000001eac0000000, ArchiveRelocationMode: 1.
Compressed class space mapped at: 0x000001eac1000000-0x000001eb01000000, reserved size: 1073741824
Narrow klass base: 0x000001eac0000000, Narrow klass shift: 0, Narrow klass range: 0x100000000

GC Precious Log:
 CardTable entry size: 512
 Card Set container configuration: InlinePtr #cards 5 size 8 Array Of Cards #cards 12 size 40 Howl #buckets 4 coarsen threshold 1843 Howl Bitmap #cards 512 size 80 coarsen threshold 460 Card regions per heap region 1 cards per card region 2048
 CPUs: 8 total, 8 available
 Memory: 7502M
 Large Page Support: Disabled
 NUMA Support: Disabled
 Compressed Oops: Enabled (32-bit)
 Heap Region Size: 1M
 Heap Min Capacity: 8M
 Heap Initial Capacity: 118M
 Heap Max Capacity: 1876M
 Pre-touch: Disabled
 Parallel Workers: 8
 Concurrent Workers: 2
 Concurrent Refinement Workers: 8
 Periodic GC: Disabled

Heap:
 garbage-first heap   total 128000K, used 81350K [0x000000008ac00000, 0x0000000100000000)
  region size 1024K, 12 young (12288K), 1 survivors (1024K)
 Metaspace       used 55715K, committed 56576K, reserved 1114112K
  class space    used 6532K, committed 6912K, reserved 1048576K

Heap Regions: E=young(eden), S=young(survivor), O=old, HS=humongous(starts), HC=humongous(continues), CS=collection set, F=free, TAMS=top-at-mark-start, PB=parsable bottom
|   0|0x000000008ac00000, 0x000000008ad00000, 0x000000008ad00000|100%|HS|  |TAMS 0x000000008ac00000| PB 0x000000008ac00000| Complete 
|   1|0x000000008ad00000, 0x000000008ae00000, 0x000000008ae00000|100%|HC|  |TAMS 0x000000008ad00000| PB 0x000000008ad00000| Complete 
|   2|0x000000008ae00000, 0x000000008af00000, 0x000000008af00000|100%|HC|  |TAMS 0x000000008ae00000| PB 0x000000008ae00000| Complete 
|   3|0x000000008af00000, 0x000000008b000000, 0x000000008b000000|100%| O|  |TAMS 0x000000008af00000| PB 0x000000008af00000| Untracked 
|   4|0x000000008b000000, 0x000000008b100000, 0x000000008b100000|100%| O|  |TAMS 0x000000008b000000| PB 0x000000008b000000| Untracked 
|   5|0x000000008b100000, 0x000000008b200000, 0x000000008b200000|100%| O|  |TAMS 0x000000008b100000| PB 0x000000008b100000| Untracked 
|   6|0x000000008b200000, 0x000000008b300000, 0x000000008b300000|100%| O|  |TAMS 0x000000008b200000| PB 0x000000008b200000| Untracked 
|   7|0x000000008b300000, 0x000000008b400000, 0x000000008b400000|100%|HS|  |TAMS 0x000000008b300000| PB 0x000000008b300000| Complete 
|   8|0x000000008b400000, 0x000000008b500000, 0x000000008b500000|100%|HC|  |TAMS 0x000000008b400000| PB 0x000000008b400000| Complete 
|   9|0x000000008b500000, 0x000000008b600000, 0x000000008b600000|100%|HC|  |TAMS 0x000000008b500000| PB 0x000000008b500000| Complete 
|  10|0x000000008b600000, 0x000000008b700000, 0x000000008b700000|100%|HC|  |TAMS 0x000000008b600000| PB 0x000000008b600000| Complete 
|  11|0x000000008b700000, 0x000000008b800000, 0x000000008b800000|100%|HC|  |TAMS 0x000000008b700000| PB 0x000000008b700000| Complete 
|  12|0x000000008b800000, 0x000000008b900000, 0x000000008b900000|100%|HC|  |TAMS 0x000000008b800000| PB 0x000000008b800000| Complete 
|  13|0x000000008b900000, 0x000000008ba00000, 0x000000008ba00000|100%|HS|  |TAMS 0x000000008b900000| PB 0x000000008b900000| Complete 
|  14|0x000000008ba00000, 0x000000008bb00000, 0x000000008bb00000|100%|HS|  |TAMS 0x000000008ba00000| PB 0x000000008ba00000| Complete 
|  15|0x000000008bb00000, 0x000000008bc00000, 0x000000008bc00000|100%|HS|  |TAMS 0x000000008bb00000| PB 0x000000008bb00000| Complete 
|  16|0x000000008bc00000, 0x000000008bd00000, 0x000000008bd00000|100%|HC|  |TAMS 0x000000008bc00000| PB 0x000000008bc00000| Complete 
|  17|0x000000008bd00000, 0x000000008be00000, 0x000000008be00000|100%|HS|  |TAMS 0x000000008bd00000| PB 0x000000008bd00000| Complete 
|  18|0x000000008be00000, 0x000000008bf00000, 0x000000008bf00000|100%| O|  |TAMS 0x000000008be00000| PB 0x000000008be00000| Untracked 
|  19|0x000000008bf00000, 0x000000008c000000, 0x000000008c000000|100%| O|  |TAMS 0x000000008bf00000| PB 0x000000008bf00000| Untracked 
|  20|0x000000008c000000, 0x000000008c100000, 0x000000008c100000|100%| O|  |TAMS 0x000000008c000000| PB 0x000000008c000000| Untracked 
|  21|0x000000008c100000, 0x000000008c200000, 0x000000008c200000|100%| O|  |TAMS 0x000000008c100000| PB 0x000000008c100000| Untracked 
|  22|0x000000008c200000, 0x000000008c300000, 0x000000008c300000|100%| O|  |TAMS 0x000000008c200000| PB 0x000000008c200000| Untracked 
|  23|0x000000008c300000, 0x000000008c400000, 0x000000008c400000|100%| O|  |TAMS 0x000000008c300000| PB 0x000000008c300000| Untracked 
|  24|0x000000008c400000, 0x000000008c500000, 0x000000008c500000|100%| O|  |TAMS 0x000000008c400000| PB 0x000000008c400000| Untracked 
|  25|0x000000008c500000, 0x000000008c600000, 0x000000008c600000|100%| O|  |TAMS 0x000000008c500000| PB 0x000000008c500000| Untracked 
|  26|0x000000008c600000, 0x000000008c700000, 0x000000008c700000|100%| O|  |TAMS 0x000000008c600000| PB 0x000000008c600000| Untracked 
|  27|0x000000008c700000, 0x000000008c800000, 0x000000008c800000|100%| O|  |TAMS 0x000000008c700000| PB 0x000000008c700000| Untracked 
|  28|0x000000008c800000, 0x000000008c900000, 0x000000008c900000|100%| O|  |TAMS 0x000000008c800000| PB 0x000000008c800000| Untracked 
|  29|0x000000008c900000, 0x000000008ca00000, 0x000000008ca00000|100%| O|  |TAMS 0x000000008c900000| PB 0x000000008c900000| Untracked 
|  30|0x000000008ca00000, 0x000000008cb00000, 0x000000008cb00000|100%| O|  |TAMS 0x000000008ca00000| PB 0x000000008ca00000| Untracked 
|  31|0x000000008cb00000, 0x000000008cc00000, 0x000000008cc00000|100%| O|  |TAMS 0x000000008cb00000| PB 0x000000008cb00000| Untracked 
|  32|0x000000008cc00000, 0x000000008cd00000, 0x000000008cd00000|100%| O|  |TAMS 0x000000008cc00000| PB 0x000000008cc00000| Untracked 
|  33|0x000000008cd00000, 0x000000008ce00000, 0x000000008ce00000|100%| O|Cm|TAMS 0x000000008cd00000| PB 0x000000008cd00000| Complete 
|  34|0x000000008ce00000, 0x000000008cf00000, 0x000000008cf00000|100%| O|  |TAMS 0x000000008ce00000| PB 0x000000008ce00000| Untracked 
|  35|0x000000008cf00000, 0x000000008d000000, 0x000000008d000000|100%| O|  |TAMS 0x000000008cf00000| PB 0x000000008cf00000| Untracked 
|  36|0x000000008d000000, 0x000000008d100000, 0x000000008d100000|100%| O|  |TAMS 0x000000008d000000| PB 0x000000008d000000| Untracked 
|  37|0x000000008d100000, 0x000000008d200000, 0x000000008d200000|100%| O|  |TAMS 0x000000008d100000| PB 0x000000008d100000| Untracked 
|  38|0x000000008d200000, 0x000000008d300000, 0x000000008d300000|100%| O|  |TAMS 0x000000008d200000| PB 0x000000008d200000| Untracked 
|  39|0x000000008d300000, 0x000000008d400000, 0x000000008d400000|100%| O|  |TAMS 0x000000008d300000| PB 0x000000008d300000| Untracked 
|  40|0x000000008d400000, 0x000000008d500000, 0x000000008d500000|100%| O|  |TAMS 0x000000008d400000| PB 0x000000008d400000| Untracked 
|  41|0x000000008d500000, 0x000000008d600000, 0x000000008d600000|100%| O|  |TAMS 0x000000008d500000| PB 0x000000008d500000| Untracked 
|  42|0x000000008d600000, 0x000000008d700000, 0x000000008d700000|100%| O|  |TAMS 0x000000008d600000| PB 0x000000008d600000| Untracked 
|  43|0x000000008d700000, 0x000000008d800000, 0x000000008d800000|100%| O|  |TAMS 0x000000008d700000| PB 0x000000008d700000| Untracked 
|  44|0x000000008d800000, 0x000000008d900000, 0x000000008d900000|100%| O|  |TAMS 0x000000008d800000| PB 0x000000008d800000| Untracked 
|  45|0x000000008d900000, 0x000000008da00000, 0x000000008da00000|100%| O|  |TAMS 0x000000008d900000| PB 0x000000008d900000| Untracked 
|  46|0x000000008da00000, 0x000000008db00000, 0x000000008db00000|100%| O|  |TAMS 0x000000008da00000| PB 0x000000008da00000| Untracked 
|  47|0x000000008db00000, 0x000000008dc00000, 0x000000008dc00000|100%| O|  |TAMS 0x000000008db00000| PB 0x000000008db00000| Untracked 
|  48|0x000000008dc00000, 0x000000008dd00000, 0x000000008dd00000|100%| O|  |TAMS 0x000000008dc00000| PB 0x000000008dc00000| Untracked 
|  49|0x000000008dd00000, 0x000000008de00000, 0x000000008de00000|100%| O|  |TAMS 0x000000008dd00000| PB 0x000000008dd00000| Untracked 
|  50|0x000000008de00000, 0x000000008df00000, 0x000000008df00000|100%| O|  |TAMS 0x000000008de00000| PB 0x000000008de00000| Untracked 
|  51|0x000000008df00000, 0x000000008e000000, 0x000000008e000000|100%| O|  |TAMS 0x000000008df00000| PB 0x000000008df00000| Untracked 
|  52|0x000000008e000000, 0x000000008e100000, 0x000000008e100000|100%| O|  |TAMS 0x000000008e000000| PB 0x000000008e000000| Untracked 
|  53|0x000000008e100000, 0x000000008e200000, 0x000000008e200000|100%| O|  |TAMS 0x000000008e100000| PB 0x000000008e100000| Untracked 
|  54|0x000000008e200000, 0x000000008e271ab0, 0x000000008e300000| 44%| O|  |TAMS 0x000000008e200000| PB 0x000000008e200000| Untracked 
|  55|0x000000008e300000, 0x000000008e400000, 0x000000008e400000|100%| O|  |TAMS 0x000000008e300000| PB 0x000000008e300000| Untracked 
|  56|0x000000008e400000, 0x000000008e500000, 0x000000008e500000|100%| O|  |TAMS 0x000000008e400000| PB 0x000000008e400000| Untracked 
|  57|0x000000008e500000, 0x000000008e600000, 0x000000008e600000|100%| O|Cm|TAMS 0x000000008e500000| PB 0x000000008e500000| Complete 
|  58|0x000000008e600000, 0x000000008e700000, 0x000000008e700000|100%|HS|  |TAMS 0x000000008e600000| PB 0x000000008e600000| Complete 
|  59|0x000000008e700000, 0x000000008e700000, 0x000000008e800000|  0%| F|  |TAMS 0x000000008e700000| PB 0x000000008e700000| Untracked 
|  60|0x000000008e800000, 0x000000008e800000, 0x000000008e900000|  0%| F|  |TAMS 0x000000008e800000| PB 0x000000008e800000| Untracked 
|  61|0x000000008e900000, 0x000000008e900000, 0x000000008ea00000|  0%| F|  |TAMS 0x000000008e900000| PB 0x000000008e900000| Untracked 
|  62|0x000000008ea00000, 0x000000008ea00000, 0x000000008eb00000|  0%| F|  |TAMS 0x000000008ea00000| PB 0x000000008ea00000| Untracked 
|  63|0x000000008eb00000, 0x000000008eb00000, 0x000000008ec00000|  0%| F|  |TAMS 0x000000008eb00000| PB 0x000000008eb00000| Untracked 
|  64|0x000000008ec00000, 0x000000008ec00000, 0x000000008ed00000|  0%| F|  |TAMS 0x000000008ec00000| PB 0x000000008ec00000| Untracked 
|  65|0x000000008ed00000, 0x000000008ed00000, 0x000000008ee00000|  0%| F|  |TAMS 0x000000008ed00000| PB 0x000000008ed00000| Untracked 
|  66|0x000000008ee00000, 0x000000008ee00000, 0x000000008ef00000|  0%| F|  |TAMS 0x000000008ee00000| PB 0x000000008ee00000| Untracked 
|  67|0x000000008ef00000, 0x000000008ef00000, 0x000000008f000000|  0%| F|  |TAMS 0x000000008ef00000| PB 0x000000008ef00000| Untracked 
|  68|0x000000008f000000, 0x000000008f000000, 0x000000008f100000|  0%| F|  |TAMS 0x000000008f000000| PB 0x000000008f000000| Untracked 
|  69|0x000000008f100000, 0x000000008f100000, 0x000000008f200000|  0%| F|  |TAMS 0x000000008f100000| PB 0x000000008f100000| Untracked 
|  70|0x000000008f200000, 0x000000008f200000, 0x000000008f300000|  0%| F|  |TAMS 0x000000008f200000| PB 0x000000008f200000| Untracked 
|  71|0x000000008f300000, 0x000000008f300000, 0x000000008f400000|  0%| F|  |TAMS 0x000000008f300000| PB 0x000000008f300000| Untracked 
|  72|0x000000008f400000, 0x000000008f400000, 0x000000008f500000|  0%| F|  |TAMS 0x000000008f400000| PB 0x000000008f400000| Untracked 
|  73|0x000000008f500000, 0x000000008f500000, 0x000000008f600000|  0%| F|  |TAMS 0x000000008f500000| PB 0x000000008f500000| Untracked 
|  74|0x000000008f600000, 0x000000008f600000, 0x000000008f700000|  0%| F|  |TAMS 0x000000008f600000| PB 0x000000008f600000| Untracked 
|  75|0x000000008f700000, 0x000000008f700000, 0x000000008f800000|  0%| F|  |TAMS 0x000000008f700000| PB 0x000000008f700000| Untracked 
|  76|0x000000008f800000, 0x000000008f800000, 0x000000008f900000|  0%| F|  |TAMS 0x000000008f800000| PB 0x000000008f800000| Untracked 
|  77|0x000000008f900000, 0x000000008f900000, 0x000000008fa00000|  0%| F|  |TAMS 0x000000008f900000| PB 0x000000008f900000| Untracked 
|  78|0x000000008fa00000, 0x000000008fa00000, 0x000000008fb00000|  0%| F|  |TAMS 0x000000008fa00000| PB 0x000000008fa00000| Untracked 
|  79|0x000000008fb00000, 0x000000008fb00000, 0x000000008fc00000|  0%| F|  |TAMS 0x000000008fb00000| PB 0x000000008fb00000| Untracked 
|  80|0x000000008fc00000, 0x000000008fc00000, 0x000000008fd00000|  0%| F|  |TAMS 0x000000008fc00000| PB 0x000000008fc00000| Untracked 
|  81|0x000000008fd00000, 0x000000008fd00000, 0x000000008fe00000|  0%| F|  |TAMS 0x000000008fd00000| PB 0x000000008fd00000| Untracked 
|  82|0x000000008fe00000, 0x000000008fe00000, 0x000000008ff00000|  0%| F|  |TAMS 0x000000008fe00000| PB 0x000000008fe00000| Untracked 
|  83|0x000000008ff00000, 0x000000008ff00000, 0x0000000090000000|  0%| F|  |TAMS 0x000000008ff00000| PB 0x000000008ff00000| Untracked 
|  84|0x0000000090000000, 0x0000000090000000, 0x0000000090100000|  0%| F|  |TAMS 0x0000000090000000| PB 0x0000000090000000| Untracked 
|  85|0x0000000090100000, 0x0000000090100000, 0x0000000090200000|  0%| F|  |TAMS 0x0000000090100000| PB 0x0000000090100000| Untracked 
|  86|0x0000000090200000, 0x0000000090200000, 0x0000000090300000|  0%| F|  |TAMS 0x0000000090200000| PB 0x0000000090200000| Untracked 
|  87|0x0000000090300000, 0x0000000090300000, 0x0000000090400000|  0%| F|  |TAMS 0x0000000090300000| PB 0x0000000090300000| Untracked 
|  88|0x0000000090400000, 0x0000000090400000, 0x0000000090500000|  0%| F|  |TAMS 0x0000000090400000| PB 0x0000000090400000| Untracked 
|  89|0x0000000090500000, 0x0000000090500000, 0x0000000090600000|  0%| F|  |TAMS 0x0000000090500000| PB 0x0000000090500000| Untracked 
|  90|0x0000000090600000, 0x0000000090600000, 0x0000000090700000|  0%| F|  |TAMS 0x0000000090600000| PB 0x0000000090600000| Untracked 
|  91|0x0000000090700000, 0x0000000090700000, 0x0000000090800000|  0%| F|  |TAMS 0x0000000090700000| PB 0x0000000090700000| Untracked 
|  92|0x0000000090800000, 0x0000000090800000, 0x0000000090900000|  0%| F|  |TAMS 0x0000000090800000| PB 0x0000000090800000| Untracked 
|  93|0x0000000090900000, 0x0000000090900000, 0x0000000090a00000|  0%| F|  |TAMS 0x0000000090900000| PB 0x0000000090900000| Untracked 
|  94|0x0000000090a00000, 0x0000000090a00000, 0x0000000090b00000|  0%| F|  |TAMS 0x0000000090a00000| PB 0x0000000090a00000| Untracked 
|  95|0x0000000090b00000, 0x0000000090b00000, 0x0000000090c00000|  0%| F|  |TAMS 0x0000000090b00000| PB 0x0000000090b00000| Untracked 
|  96|0x0000000090c00000, 0x0000000090c00000, 0x0000000090d00000|  0%| F|  |TAMS 0x0000000090c00000| PB 0x0000000090c00000| Untracked 
|  97|0x0000000090d00000, 0x0000000090d00000, 0x0000000090e00000|  0%| F|  |TAMS 0x0000000090d00000| PB 0x0000000090d00000| Untracked 
|  98|0x0000000090e00000, 0x0000000090e00000, 0x0000000090f00000|  0%| F|  |TAMS 0x0000000090e00000| PB 0x0000000090e00000| Untracked 
|  99|0x0000000090f00000, 0x0000000090f00000, 0x0000000091000000|  0%| F|  |TAMS 0x0000000090f00000| PB 0x0000000090f00000| Untracked 
| 100|0x0000000091000000, 0x0000000091000000, 0x0000000091100000|  0%| F|  |TAMS 0x0000000091000000| PB 0x0000000091000000| Untracked 
| 101|0x0000000091100000, 0x0000000091100000, 0x0000000091200000|  0%| F|  |TAMS 0x0000000091100000| PB 0x0000000091100000| Untracked 
| 102|0x0000000091200000, 0x0000000091200000, 0x0000000091300000|  0%| F|  |TAMS 0x0000000091200000| PB 0x0000000091200000| Untracked 
| 103|0x0000000091300000, 0x0000000091380000, 0x0000000091400000| 50%| E|  |TAMS 0x0000000091300000| PB 0x0000000091300000| Complete 
| 104|0x0000000091400000, 0x0000000091500000, 0x0000000091500000|100%| E|CS|TAMS 0x0000000091400000| PB 0x0000000091400000| Complete 
| 105|0x0000000091500000, 0x0000000091600000, 0x0000000091600000|100%| E|CS|TAMS 0x0000000091500000| PB 0x0000000091500000| Complete 
| 106|0x0000000091600000, 0x0000000091700000, 0x0000000091700000|100%| E|CS|TAMS 0x0000000091600000| PB 0x0000000091600000| Complete 
| 107|0x0000000091700000, 0x0000000091800000, 0x0000000091800000|100%| E|CS|TAMS 0x0000000091700000| PB 0x0000000091700000| Complete 
| 108|0x0000000091800000, 0x0000000091900000, 0x0000000091900000|100%| E|CS|TAMS 0x0000000091800000| PB 0x0000000091800000| Complete 
| 109|0x0000000091900000, 0x0000000091a00000, 0x0000000091a00000|100%| E|CS|TAMS 0x0000000091900000| PB 0x0000000091900000| Complete 
| 110|0x0000000091a00000, 0x0000000091b00000, 0x0000000091b00000|100%| E|CS|TAMS 0x0000000091a00000| PB 0x0000000091a00000| Complete 
| 111|0x0000000091b00000, 0x0000000091c00000, 0x0000000091c00000|100%| S|CS|TAMS 0x0000000091b00000| PB 0x0000000091b00000| Complete 
| 112|0x0000000091c00000, 0x0000000091d00000, 0x0000000091d00000|100%| E|CS|TAMS 0x0000000091c00000| PB 0x0000000091c00000| Complete 
| 113|0x0000000091d00000, 0x0000000091e00000, 0x0000000091e00000|100%| E|CS|TAMS 0x0000000091d00000| PB 0x0000000091d00000| Complete 
| 117|0x0000000092100000, 0x0000000092200000, 0x0000000092200000|100%| E|CS|TAMS 0x0000000092100000| PB 0x0000000092100000| Complete 
|1866|0x00000000ff600000, 0x00000000ff700000, 0x00000000ff700000|100%| O|  |TAMS 0x00000000ff600000| PB 0x00000000ff600000| Untracked 
|1867|0x00000000ff700000, 0x00000000ff800000, 0x00000000ff800000|100%| O|  |TAMS 0x00000000ff700000| PB 0x00000000ff700000| Untracked 
|1868|0x00000000ff800000, 0x00000000ff900000, 0x00000000ff900000|100%| O|  |TAMS 0x00000000ff800000| PB 0x00000000ff800000| Untracked 
|1869|0x00000000ff900000, 0x00000000ffa00000, 0x00000000ffa00000|100%| O|  |TAMS 0x00000000ff900000| PB 0x00000000ff900000| Untracked 
|1870|0x00000000ffa00000, 0x00000000ffb00000, 0x00000000ffb00000|100%| O|  |TAMS 0x00000000ffa00000| PB 0x00000000ffa00000| Untracked 
|1871|0x00000000ffb00000, 0x00000000ffc00000, 0x00000000ffc00000|100%| O|  |TAMS 0x00000000ffb00000| PB 0x00000000ffb00000| Untracked 
|1872|0x00000000ffc00000, 0x00000000ffd00000, 0x00000000ffd00000|100%| O|  |TAMS 0x00000000ffc00000| PB 0x00000000ffc00000| Untracked 
|1873|0x00000000ffd00000, 0x00000000ffe00000, 0x00000000ffe00000|100%| O|  |TAMS 0x00000000ffd00000| PB 0x00000000ffd00000| Untracked 
|1874|0x00000000ffe00000, 0x00000000fff00000, 0x00000000fff00000|100%| O|  |TAMS 0x00000000ffe00000| PB 0x00000000ffe00000| Untracked 
|1875|0x00000000fff00000, 0x0000000100000000, 0x0000000100000000|100%| O|  |TAMS 0x00000000fff00000| PB 0x00000000fff00000| Untracked 

Card table byte_map: [0x000001eabb300000,0x000001eabb6b0000] _byte_map_base: 0x000001eabaeaa000

Marking Bits: (CMBitMap*) 0x000001eaa8a70ca0
 Bits: [0x000001eabb6b0000, 0x000001eabd400000)

Polling page: 0x000001eaa67e0000

Metaspace:

Usage:
  Non-class:     48.03 MB used.
      Class:      6.38 MB used.
       Both:     54.41 MB used.

Virtual space:
  Non-class space:       64.00 MB reserved,      48.50 MB ( 76%) committed,  1 nodes.
      Class space:        1.00 GB reserved,       6.75 MB ( <1%) committed,  1 nodes.
             Both:        1.06 GB reserved,      55.25 MB (  5%) committed. 

Chunk freelists:
   Non-Class:  15.03 MB
       Class:  9.06 MB
        Both:  24.09 MB

MaxMetaspaceSize: unlimited
CompressedClassSpaceSize: 1.00 GB
Initial GC threshold: 21.00 MB
Current GC threshold: 92.12 MB
CDS: on
 - commit_granule_bytes: 65536.
 - commit_granule_words: 8192.
 - virtual_space_node_default_size: 8388608.
 - enlarge_chunks_in_place: 1.
 - use_allocation_guard: 0.


Internal statistics:

num_allocs_failed_limit: 9.
num_arena_births: 1366.
num_arena_deaths: 0.
num_vsnodes_births: 2.
num_vsnodes_deaths: 0.
num_space_committed: 882.
num_space_uncommitted: 0.
num_chunks_returned_to_freelist: 9.
num_chunks_taken_from_freelist: 3561.
num_chunk_merges: 9.
num_chunk_splits: 2609.
num_chunks_enlarged: 1979.
num_inconsistent_stats: 0.

CodeHeap 'non-profiled nmethods': size=120000Kb used=4870Kb max_used=5000Kb free=115129Kb
 bounds [0x000001eab36f0000, 0x000001eab3be0000, 0x000001eabac20000]
CodeHeap 'profiled nmethods': size=120000Kb used=25655Kb max_used=25738Kb free=94344Kb
 bounds [0x000001eaabc20000, 0x000001eaad550000, 0x000001eab3150000]
CodeHeap 'non-nmethods': size=5760Kb used=1531Kb max_used=1576Kb free=4229Kb
 bounds [0x000001eab3150000, 0x000001eab33c0000, 0x000001eab36f0000]
CodeCache: size=245760Kb, used=32056Kb, max_used=32314Kb, free=213702Kb
 total_blobs=9585, nmethods=8923, adapters=562, full_count=0
Compilation: enabled, stopped_count=0, restarted_count=0

Compilation events (20 events):
Event: 18.035 Thread 0x000001eabfe3b4b0 nmethod 9392 0x000001eaabd50790 code [0x000001eaabd50960, 0x000001eaabd50b98]
Event: 18.037 Thread 0x000001eb0a2382c0 9393   !   4       org.jetbrains.kotlin.com.intellij.extapi.psi.StubBasedPsiElementBase::getContainingFile (37 bytes)
Event: 18.039 Thread 0x000001eabfe3b4b0 9394       3       org.jetbrains.kotlin.psi.KtBinaryExpression::getRight (48 bytes)
Event: 18.039 Thread 0x000001eabfe3b4b0 nmethod 9394 0x000001eaabe57590 code [0x000001eaabe577c0, 0x000001eaabe580a0]
Event: 18.040 Thread 0x000001eabfe3b4b0 9395       3       org.jetbrains.kotlin.resolve.calls.tower.TowerResolver::run (19 bytes)
Event: 18.040 Thread 0x000001eb06b9a410 9397       4       org.jetbrains.kotlin.resolve.descriptorUtil.AnnotationsForResolveKt::getHIDES_MEMBERS_NAME_LIST (4 bytes)
Event: 18.040 Thread 0x000001eabfe3b4b0 nmethod 9395 0x000001eaabe4fb10 code [0x000001eaabe4fcc0, 0x000001eaabe4fed8]
Event: 18.040 Thread 0x000001eabfe3b4b0 9396       3       org.jetbrains.kotlin.resolve.calls.tower.TowerResolver$Task::<init> (198 bytes)
Event: 18.040 Thread 0x000001eb06b9a410 nmethod 9397 0x000001eab376f590 code [0x000001eab376f720, 0x000001eab376f790]
Event: 18.043 Thread 0x000001eb0a2382c0 nmethod 9393 0x000001eab376ec90 code [0x000001eab376ee60, 0x000001eab376f150]
Event: 18.045 Thread 0x000001eabfe3b4b0 nmethod 9396 0x000001eaabf37f90 code [0x000001eaabf38720, 0x000001eaabf3c820]
Event: 18.045 Thread 0x000001eabfe3b4b0 9405       3       org.jetbrains.kotlin.psi.KtCommonFile::hasImportAlias (110 bytes)
Event: 18.047 Thread 0x000001eabfe3b4b0 nmethod 9405 0x000001eaabf35f90 code [0x000001eaabf36300, 0x000001eaabf37810]
Event: 18.047 Thread 0x000001eabfe3b4b0 9398       3       org.jetbrains.kotlin.resolve.calls.tower.TowerResolver$Task$$Lambda/0x000001eac164aa70::<init> (10 bytes)
Event: 18.047 Thread 0x000001eabfe3b4b0 nmethod 9398 0x000001eaabdccf10 code [0x000001eaabdcd0c0, 0x000001eaabdcd278]
Event: 18.047 Thread 0x000001eabfe3b4b0 9399       3       org.jetbrains.kotlin.resolve.calls.tower.TowerResolver$Task$$Lambda/0x000001eac164ac98::<init> (10 bytes)
Event: 18.048 Thread 0x000001eabfe3b4b0 nmethod 9399 0x000001eaabe3b190 code [0x000001eaabe3b340, 0x000001eaabe3b4f8]
Event: 18.048 Thread 0x000001eabfe3b4b0 9400       3       org.jetbrains.kotlin.resolve.calls.tower.HidesMembersTowerLevel::<init> (12 bytes)
Event: 18.049 Thread 0x000001eabfe3b4b0 nmethod 9400 0x000001eaabcdcb10 code [0x000001eaabcdcdc0, 0x000001eaabcdd8e8]
Event: 18.049 Thread 0x000001eabfe3b4b0 9401       3       org.jetbrains.kotlin.resolve.calls.tower.SyntheticScopeBasedTowerLevel::<init> (23 bytes)

GC Heap History (20 events):
Event: 2.014 GC heap before
{Heap before GC invocations=1 (full 0):
 garbage-first heap   total 120832K, used 38976K [0x000000008ac00000, 0x0000000100000000)
  region size 1024K, 35 young (35840K), 3 survivors (3072K)
 Metaspace       used 16613K, committed 16832K, reserved 1114112K
  class space    used 1879K, committed 1984K, reserved 1048576K
}
Event: 2.025 GC heap after
{Heap after GC invocations=2 (full 0):
 garbage-first heap   total 120832K, used 8182K [0x000000008ac00000, 0x0000000100000000)
  region size 1024K, 2 young (2048K), 2 survivors (2048K)
 Metaspace       used 16613K, committed 16832K, reserved 1114112K
  class space    used 1879K, committed 1984K, reserved 1048576K
}
Event: 4.118 GC heap before
{Heap before GC invocations=2 (full 0):
 garbage-first heap   total 120832K, used 87030K [0x000000008ac00000, 0x0000000100000000)
  region size 1024K, 69 young (70656K), 2 survivors (2048K)
 Metaspace       used 21279K, committed 21504K, reserved 1114112K
  class space    used 2716K, committed 2816K, reserved 1048576K
}
Event: 4.187 GC heap after
{Heap after GC invocations=3 (full 0):
 garbage-first heap   total 120832K, used 27136K [0x000000008ac00000, 0x0000000100000000)
  region size 1024K, 9 young (9216K), 9 survivors (9216K)
 Metaspace       used 21279K, committed 21504K, reserved 1114112K
  class space    used 2716K, committed 2816K, reserved 1048576K
}
Event: 6.333 GC heap before
{Heap before GC invocations=4 (full 0):
 garbage-first heap   total 89088K, used 88576K [0x000000008ac00000, 0x0000000100000000)
  region size 1024K, 59 young (60416K), 9 survivors (9216K)
 Metaspace       used 31168K, committed 31424K, reserved 1114112K
  class space    used 3926K, committed 4032K, reserved 1048576K
}
Event: 6.370 GC heap after
{Heap after GC invocations=5 (full 0):
 garbage-first heap   total 106496K, used 44544K [0x000000008ac00000, 0x0000000100000000)
  region size 1024K, 7 young (7168K), 7 survivors (7168K)
 Metaspace       used 31168K, committed 31424K, reserved 1114112K
  class space    used 3926K, committed 4032K, reserved 1048576K
}
Event: 7.211 GC heap before
{Heap before GC invocations=5 (full 0):
 garbage-first heap   total 106496K, used 72192K [0x000000008ac00000, 0x0000000100000000)
  region size 1024K, 35 young (35840K), 7 survivors (7168K)
 Metaspace       used 35307K, committed 36096K, reserved 1114112K
  class space    used 4466K, committed 4864K, reserved 1048576K
}
Event: 7.226 GC heap after
{Heap after GC invocations=6 (full 0):
 garbage-first heap   total 106496K, used 46592K [0x000000008ac00000, 0x0000000100000000)
  region size 1024K, 3 young (3072K), 3 survivors (3072K)
 Metaspace       used 35307K, committed 36096K, reserved 1114112K
  class space    used 4466K, committed 4864K, reserved 1048576K
}
Event: 7.276 GC heap before
{Heap before GC invocations=6 (full 0):
 garbage-first heap   total 106496K, used 46592K [0x000000008ac00000, 0x0000000100000000)
  region size 1024K, 4 young (4096K), 3 survivors (3072K)
 Metaspace       used 35599K, committed 36416K, reserved 1114112K
  class space    used 4502K, committed 4928K, reserved 1048576K
}
Event: 7.283 GC heap after
{Heap after GC invocations=7 (full 0):
 garbage-first heap   total 106496K, used 46678K [0x000000008ac00000, 0x0000000100000000)
  region size 1024K, 3 young (3072K), 3 survivors (3072K)
 Metaspace       used 35599K, committed 36416K, reserved 1114112K
  class space    used 4502K, committed 4928K, reserved 1048576K
}
Event: 8.628 GC heap before
{Heap before GC invocations=8 (full 0):
 garbage-first heap   total 106496K, used 87638K [0x000000008ac00000, 0x0000000100000000)
  region size 1024K, 42 young (43008K), 3 survivors (3072K)
 Metaspace       used 41116K, committed 41920K, reserved 1114112K
  class space    used 5136K, committed 5504K, reserved 1048576K
}
Event: 8.644 GC heap after
{Heap after GC invocations=9 (full 0):
 garbage-first heap   total 128000K, used 50477K [0x000000008ac00000, 0x0000000100000000)
  region size 1024K, 6 young (6144K), 6 survivors (6144K)
 Metaspace       used 41116K, committed 41920K, reserved 1114112K
  class space    used 5136K, committed 5504K, reserved 1048576K
}
Event: 10.731 GC heap before
{Heap before GC invocations=9 (full 0):
 garbage-first heap   total 128000K, used 103725K [0x000000008ac00000, 0x0000000100000000)
  region size 1024K, 58 young (59392K), 6 survivors (6144K)
 Metaspace       used 48327K, committed 49152K, reserved 1114112K
  class space    used 5964K, committed 6336K, reserved 1048576K
}
Event: 10.749 GC heap after
{Heap after GC invocations=10 (full 0):
 garbage-first heap   total 128000K, used 54665K [0x000000008ac00000, 0x0000000100000000)
  region size 1024K, 8 young (8192K), 8 survivors (8192K)
 Metaspace       used 48327K, committed 49152K, reserved 1114112K
  class space    used 5964K, committed 6336K, reserved 1048576K
}
Event: 14.210 GC heap before
{Heap before GC invocations=10 (full 0):
 garbage-first heap   total 128000K, used 105865K [0x000000008ac00000, 0x0000000100000000)
  region size 1024K, 58 young (59392K), 8 survivors (8192K)
 Metaspace       used 53323K, committed 54208K, reserved 1114112K
  class space    used 6419K, committed 6848K, reserved 1048576K
}
Event: 14.240 GC heap after
{Heap after GC invocations=11 (full 0):
 garbage-first heap   total 128000K, used 63430K [0x000000008ac00000, 0x0000000100000000)
  region size 1024K, 8 young (8192K), 8 survivors (8192K)
 Metaspace       used 53323K, committed 54208K, reserved 1114112K
  class space    used 6419K, committed 6848K, reserved 1048576K
}
Event: 17.459 GC heap before
{Heap before GC invocations=11 (full 0):
 garbage-first heap   total 128000K, used 109510K [0x000000008ac00000, 0x0000000100000000)
  region size 1024K, 53 young (54272K), 8 survivors (8192K)
 Metaspace       used 55648K, committed 56512K, reserved 1114112K
  class space    used 6524K, committed 6912K, reserved 1048576K
}
Event: 17.486 GC heap after
{Heap after GC invocations=12 (full 0):
 garbage-first heap   total 128000K, used 69896K [0x000000008ac00000, 0x0000000100000000)
  region size 1024K, 7 young (7168K), 7 survivors (7168K)
 Metaspace       used 55648K, committed 56512K, reserved 1114112K
  class space    used 6524K, committed 6912K, reserved 1048576K
}
Event: 17.686 GC heap before
{Heap before GC invocations=12 (full 0):
 garbage-first heap   total 128000K, used 71944K [0x000000008ac00000, 0x0000000100000000)
  region size 1024K, 10 young (10240K), 7 survivors (7168K)
 Metaspace       used 55700K, committed 56576K, reserved 1114112K
  class space    used 6527K, committed 6912K, reserved 1048576K
}
Event: 17.699 GC heap after
{Heap after GC invocations=13 (full 0):
 garbage-first heap   total 128000K, used 70086K [0x000000008ac00000, 0x0000000100000000)
  region size 1024K, 1 young (1024K), 1 survivors (1024K)
 Metaspace       used 55700K, committed 56576K, reserved 1114112K
  class space    used 6527K, committed 6912K, reserved 1048576K
}

Dll operation events (7 events):
Event: 0.018 Loaded shared library C:\Users\hp\.vscode\extensions\redhat.java-1.54.0-win32-x64\jre\21.0.10-win32-x86_64\bin\java.dll
Event: 0.134 Loaded shared library C:\Users\hp\.vscode\extensions\redhat.java-1.54.0-win32-x64\jre\21.0.10-win32-x86_64\bin\net.dll
Event: 0.140 Loaded shared library C:\Users\hp\.vscode\extensions\redhat.java-1.54.0-win32-x64\jre\21.0.10-win32-x86_64\bin\nio.dll
Event: 0.185 Loaded shared library C:\Users\hp\.vscode\extensions\redhat.java-1.54.0-win32-x64\jre\21.0.10-win32-x86_64\bin\zip.dll
Event: 0.232 Loaded shared library C:\Users\hp\.vscode\extensions\redhat.java-1.54.0-win32-x64\jre\21.0.10-win32-x86_64\bin\zip.dll
Event: 0.235 Loaded shared library C:\Users\hp\.vscode\extensions\redhat.java-1.54.0-win32-x64\jre\21.0.10-win32-x86_64\bin\jimage.dll
Event: 2.359 Loaded shared library C:\Users\hp\.vscode\extensions\redhat.java-1.54.0-win32-x64\jre\21.0.10-win32-x86_64\bin\verify.dll

Deoptimization events (20 events):
Event: 18.005 Thread 0x000001eaa6687170 Uncommon trap: trap_request=0xffffff66 fr.pc=0x000001eab374a20c relative=0x00000000000003cc
Event: 18.005 Thread 0x000001eaa6687170 Uncommon trap: reason=speculate_class_check action=maybe_recompile pc=0x000001eab374a20c method=org.jetbrains.kotlin.types.KotlinTypeKt.isError(Lorg/jetbrains/kotlin/types/KotlinType;)Z @ 14 c2
Event: 18.005 Thread 0x000001eaa6687170 DEOPT PACKING pc=0x000001eab374a20c sp=0x000000df53ffacb0
Event: 18.005 Thread 0x000001eaa6687170 DEOPT UNPACKING pc=0x000001eab31a4422 sp=0x000000df53ffab08 mode 2
Event: 18.006 Thread 0x000001eaa6687170 Uncommon trap: trap_request=0xffffff66 fr.pc=0x000001eab374a20c relative=0x00000000000003cc
Event: 18.006 Thread 0x000001eaa6687170 Uncommon trap: reason=speculate_class_check action=maybe_recompile pc=0x000001eab374a20c method=org.jetbrains.kotlin.types.KotlinTypeKt.isError(Lorg/jetbrains/kotlin/types/KotlinType;)Z @ 14 c2
Event: 18.006 Thread 0x000001eaa6687170 DEOPT PACKING pc=0x000001eab374a20c sp=0x000000df53ffacb0
Event: 18.006 Thread 0x000001eaa6687170 DEOPT UNPACKING pc=0x000001eab31a4422 sp=0x000000df53ffab08 mode 2
Event: 18.008 Thread 0x000001eaa6687170 Uncommon trap: trap_request=0xffffff66 fr.pc=0x000001eab374a20c relative=0x00000000000003cc
Event: 18.008 Thread 0x000001eaa6687170 Uncommon trap: reason=speculate_class_check action=maybe_recompile pc=0x000001eab374a20c method=org.jetbrains.kotlin.types.KotlinTypeKt.isError(Lorg/jetbrains/kotlin/types/KotlinType;)Z @ 14 c2
Event: 18.008 Thread 0x000001eaa6687170 DEOPT PACKING pc=0x000001eab374a20c sp=0x000000df53ffacb0
Event: 18.008 Thread 0x000001eaa6687170 DEOPT UNPACKING pc=0x000001eab31a4422 sp=0x000000df53ffab08 mode 2
Event: 18.008 Thread 0x000001eaa6687170 Uncommon trap: trap_request=0xffffff66 fr.pc=0x000001eab374a20c relative=0x00000000000003cc
Event: 18.008 Thread 0x000001eaa6687170 Uncommon trap: reason=speculate_class_check action=maybe_recompile pc=0x000001eab374a20c method=org.jetbrains.kotlin.types.KotlinTypeKt.isError(Lorg/jetbrains/kotlin/types/KotlinType;)Z @ 14 c2
Event: 18.008 Thread 0x000001eaa6687170 DEOPT PACKING pc=0x000001eab374a20c sp=0x000000df53ffacb0
Event: 18.009 Thread 0x000001eaa6687170 DEOPT UNPACKING pc=0x000001eab31a4422 sp=0x000000df53ffab08 mode 2
Event: 18.035 Thread 0x000001eaa6687170 Uncommon trap: trap_request=0xffffffde fr.pc=0x000001eab3bca850 relative=0x00000000000001f0
Event: 18.035 Thread 0x000001eaa6687170 Uncommon trap: reason=class_check action=maybe_recompile pc=0x000001eab3bca850 method=org.jetbrains.kotlin.resolve.calls.tower.ImplicitScopeTowerKt.getResultApplicabilityForCallDiagnostics(Ljava/util/Collection;)Lorg/jetbrains/kotlin/resolve/calls/tower/C
Event: 18.035 Thread 0x000001eaa6687170 DEOPT PACKING pc=0x000001eab3bca850 sp=0x000000df53ffc360
Event: 18.035 Thread 0x000001eaa6687170 DEOPT UNPACKING pc=0x000001eab31a4422 sp=0x000000df53ffc260 mode 2

Classes loaded (20 events):
Event: 8.360 Loading class java/text/CharacterIterator done
Event: 8.360 Loading class java/text/StringCharacterIterator done
Event: 9.529 Loading class java/security/CodeSigner
Event: 9.530 Loading class java/security/CodeSigner done
Event: 9.533 Loading class java/util/stream/LongStream
Event: 9.534 Loading class java/util/stream/LongStream done
Event: 9.534 Loading class java/util/stream/DoubleStream
Event: 9.534 Loading class java/util/stream/DoubleStream done
Event: 9.701 Loading class java/util/EnumMap$EntrySet
Event: 9.702 Loading class java/util/EnumMap$EntrySet done
Event: 9.702 Loading class java/util/EnumMap$EntryIterator
Event: 9.702 Loading class java/util/EnumMap$EnumMapIterator
Event: 9.702 Loading class java/util/EnumMap$EnumMapIterator done
Event: 9.702 Loading class java/util/EnumMap$EntryIterator done
Event: 9.702 Loading class java/util/EnumMap$EntryIterator$Entry
Event: 9.702 Loading class java/util/EnumMap$EntryIterator$Entry done
Event: 11.328 Loading class java/util/RegularEnumSet$EnumSetIterator
Event: 11.329 Loading class java/util/RegularEnumSet$EnumSetIterator done
Event: 14.177 Loading class java/util/Collections$2
Event: 14.177 Loading class java/util/Collections$2 done

Classes unloaded (0 events):
No events

Classes redefined (0 events):
No events

Internal exceptions (20 events):
Event: 13.248 Thread 0x000001eaa6687170 Implicit null exception at 0x000001eab39d2f24 to 0x000001eab39d44d4
Event: 13.248 Thread 0x000001eaa6687170 Implicit null exception at 0x000001eab39d2f24 to 0x000001eab39d44d4
Event: 13.248 Thread 0x000001eaa6687170 Implicit null exception at 0x000001eab39d2f24 to 0x000001eab39d44d4
Event: 13.248 Thread 0x000001eaa6687170 Implicit null exception at 0x000001eab39d2f24 to 0x000001eab39d44d4
Event: 13.248 Thread 0x000001eaa6687170 Implicit null exception at 0x000001eab39d2f24 to 0x000001eab39d44d4
Event: 13.248 Thread 0x000001eaa6687170 Implicit null exception at 0x000001eab39d2f24 to 0x000001eab39d44d4
Event: 13.248 Thread 0x000001eaa6687170 Implicit null exception at 0x000001eab39d2f24 to 0x000001eab39d44d4
Event: 13.248 Thread 0x000001eaa6687170 Implicit null exception at 0x000001eab39d2f24 to 0x000001eab39d44d4
Event: 13.248 Thread 0x000001eaa6687170 Implicit null exception at 0x000001eab39d2f24 to 0x000001eab39d44d4
Event: 13.248 Thread 0x000001eaa6687170 Implicit null exception at 0x000001eab39d2f24 to 0x000001eab39d44d4
Event: 13.248 Thread 0x000001eaa6687170 Implicit null exception at 0x000001eab398e983 to 0x000001eab398ef6c
Event: 13.521 Thread 0x000001eaa6687170 Exception <a 'java/lang/NoSuchMethodError'{0x000000008f8ab928}: 'java.lang.Object java.lang.invoke.DirectMethodHandle$Holder.newInvokeSpecial(java.lang.Object, int, java.lang.Object, java.lang.Object)'> (0x000000008f8ab928) 
thrown [s\src\hotspot\share\interpreter\linkResolver.cpp, line 773]
Event: 13.521 Thread 0x000001eaa6687170 Exception <a 'java/lang/NoSuchMethodError'{0x000000008f8afe20}: 'java.lang.Object java.lang.invoke.DirectMethodHandle$Holder.invokeSpecial(java.lang.Object, java.lang.Object, int, java.lang.Object, java.lang.Object)'> (0x000000008f8afe20) 
thrown [s\src\hotspot\share\interpreter\linkResolver.cpp, line 773]
Event: 13.983 Thread 0x000001eaa6687170 Implicit null exception at 0x000001eab3afc56a to 0x000001eab3afce40
Event: 14.151 Thread 0x000001eaa6687170 Exception <a 'java/lang/NoSuchMethodError'{0x000000008eec5c78}: 'java.lang.Object java.lang.invoke.DirectMethodHandle$Holder.invokeInterface(java.lang.Object, java.lang.Object, java.lang.Object)'> (0x000000008eec5c78) 
thrown [s\src\hotspot\share\interpreter\linkResolver.cpp, line 773]
Event: 14.152 Thread 0x000001eaa6687170 Exception <a 'java/lang/IncompatibleClassChangeError'{0x000000008eec9320}: Found class java.lang.Object, but interface was expected> (0x000000008eec9320) 
thrown [s\src\hotspot\share\interpreter\linkResolver.cpp, line 840]
Event: 14.400 Thread 0x000001eaa6687170 Exception <a 'java/lang/NoSuchMethodError'{0x0000000091beaee8}: 'java.lang.Object java.lang.invoke.DirectMethodHandle$Holder.invokeStatic(java.lang.Object, java.lang.Object, int, java.lang.Object)'> (0x0000000091beaee8) 
thrown [s\src\hotspot\share\interpreter\linkResolver.cpp, line 773]
Event: 14.401 Thread 0x000001eaa6687170 Exception <a 'java/lang/NoSuchMethodError'{0x0000000091bf23d0}: 'java.lang.Object java.lang.invoke.DirectMethodHandle$Holder.newInvokeSpecial(java.lang.Object, java.lang.Object, int, java.lang.Object)'> (0x0000000091bf23d0) 
thrown [s\src\hotspot\share\interpreter\linkResolver.cpp, line 773]
Event: 14.401 Thread 0x000001eaa6687170 Exception <a 'java/lang/NoSuchMethodError'{0x0000000091bf67b0}: 'java.lang.Object java.lang.invoke.DirectMethodHandle$Holder.invokeSpecial(java.lang.Object, java.lang.Object, java.lang.Object, int, java.lang.Object)'> (0x0000000091bf67b0) 
thrown [s\src\hotspot\share\interpreter\linkResolver.cpp, line 773]
Event: 14.402 Thread 0x000001eaa6687170 Exception <a 'java/lang/NoSuchMethodError'{0x0000000091bfa728}: 'java.lang.Object java.lang.invoke.Invokers$Holder.linkToTargetMethod(java.lang.Object, int, java.lang.Object, java.lang.Object)'> (0x0000000091bfa728) 
thrown [s\src\hotspot\share\interpreter\linkResolver.cpp, line 773]

ZGC Phase Switch (0 events):
No events

VM Operations (20 events):
Event: 16.059 Executing safepoint VM operation: ICBufferFull
Event: 16.059 Executing safepoint VM operation: ICBufferFull done
Event: 16.871 Executing safepoint VM operation: ICBufferFull
Event: 16.872 Executing safepoint VM operation: ICBufferFull done
Event: 17.181 Executing safepoint VM operation: ICBufferFull
Event: 17.182 Executing safepoint VM operation: ICBufferFull done
Event: 17.271 Executing non-safepoint VM operation: HandshakeAllThreads (Deoptimize)
Event: 17.271 Executing non-safepoint VM operation: HandshakeAllThreads (Deoptimize) done
Event: 17.417 Executing safepoint VM operation: ICBufferFull
Event: 17.417 Executing safepoint VM operation: ICBufferFull done
Event: 17.459 Executing safepoint VM operation: G1CollectForAllocation (G1 Evacuation Pause)
Event: 17.486 Executing safepoint VM operation: G1CollectForAllocation (G1 Evacuation Pause) done
Event: 17.686 Executing safepoint VM operation: G1TryInitiateConcMark (G1 Humongous Allocation)
Event: 17.699 Executing safepoint VM operation: G1TryInitiateConcMark (G1 Humongous Allocation) done
Event: 17.787 Executing safepoint VM operation: G1PauseRemark
Event: 17.806 Executing safepoint VM operation: G1PauseRemark done
Event: 17.841 Executing safepoint VM operation: G1PauseCleanup
Event: 17.841 Executing safepoint VM operation: G1PauseCleanup done
Event: 17.884 Executing non-safepoint VM operation: HandshakeAllThreads (Deoptimize)
Event: 17.884 Executing non-safepoint VM operation: HandshakeAllThreads (Deoptimize) done

Memory protections (0 events):
No events

Nmethod flushes (20 events):
Event: 17.804 Thread 0x000001eabfe0e110 flushing  nmethod 0x000001eaabde3190
Event: 17.804 Thread 0x000001eabfe0e110 flushing  nmethod 0x000001eaabde4290
Event: 17.804 Thread 0x000001eabfe0e110 flushing  nmethod 0x000001eaabde4b10
Event: 17.804 Thread 0x000001eabfe0e110 flushing  nmethod 0x000001eaabdff190
Event: 17.804 Thread 0x000001eabfe0e110 flushing  nmethod 0x000001eaabe07890
Event: 17.804 Thread 0x000001eabfe0e110 flushing  nmethod 0x000001eaabe2ce90
Event: 17.804 Thread 0x000001eabfe0e110 flushing  nmethod 0x000001eaabe2d910
Event: 17.804 Thread 0x000001eabfe0e110 flushing  nmethod 0x000001eaabe57290
Event: 17.804 Thread 0x000001eabfe0e110 flushing  nmethod 0x000001eaabe57610
Event: 17.804 Thread 0x000001eabfe0e110 flushing  nmethod 0x000001eaabe61d90
Event: 17.804 Thread 0x000001eabfe0e110 flushing  nmethod 0x000001eaabe94290
Event: 17.804 Thread 0x000001eabfe0e110 flushing  nmethod 0x000001eaabed9310
Event: 17.804 Thread 0x000001eabfe0e110 flushing  nmethod 0x000001eaabedaa10
Event: 17.804 Thread 0x000001eabfe0e110 flushing  nmethod 0x000001eaabedc610
Event: 17.804 Thread 0x000001eabfe0e110 flushing  nmethod 0x000001eaabf41010
Event: 17.804 Thread 0x000001eabfe0e110 flushing  nmethod 0x000001eaabf42e10
Event: 17.804 Thread 0x000001eabfe0e110 flushing  nmethod 0x000001eaabf74f90
Event: 17.804 Thread 0x000001eabfe0e110 flushing  nmethod 0x000001eaabf77c10
Event: 17.804 Thread 0x000001eabfe0e110 flushing  nmethod 0x000001eaac0a6c10
Event: 17.804 Thread 0x000001eabfe0e110 flushing  nmethod 0x000001eaac0ad490

Events (20 events):
Event: 0.120 Thread 0x000001eaa6687170 Thread added: 0x000001eb0510d660
Event: 0.125 Thread 0x000001eaa6687170 Thread added: 0x000001eb05113af0
Event: 0.170 Thread 0x000001eabfe35070 Thread added: 0x000001eb051608f0
Event: 0.170 Thread 0x000001eabfe35070 Thread added: 0x000001eb05162fb0
Event: 0.352 Thread 0x000001eb05162fb0 Thread exited: 0x000001eb05162fb0
Event: 0.483 Thread 0x000001eabfe35070 Thread added: 0x000001eb053fcfd0
Event: 0.786 Thread 0x000001eb053fcfd0 Thread exited: 0x000001eb053fcfd0
Event: 0.994 Thread 0x000001eb051608f0 Thread exited: 0x000001eb051608f0
Event: 2.500 Thread 0x000001eabfe3b4b0 Thread added: 0x000001eb06998290
Event: 2.508 Thread 0x000001eb06998290 Thread added: 0x000001eb069e15c0
Event: 3.335 Thread 0x000001eb069e15c0 Thread exited: 0x000001eb069e15c0
Event: 3.336 Thread 0x000001eb06998290 Thread exited: 0x000001eb06998290
Event: 5.493 Thread 0x000001eabfe3b4b0 Thread added: 0x000001eb06013e30
Event: 6.714 Thread 0x000001eabfe3b4b0 Thread added: 0x000001eb0b25c640
Event: 12.843 Thread 0x000001eb0b25c640 Thread exited: 0x000001eb0b25c640
Event: 12.889 Thread 0x000001eb06013e30 Thread exited: 0x000001eb06013e30
Event: 13.308 Thread 0x000001eabfe3b4b0 Thread added: 0x000001eb0aeca450
Event: 15.820 Thread 0x000001eb0aeca450 Thread exited: 0x000001eb0aeca450
Event: 16.849 Thread 0x000001eabfe3b4b0 Thread added: 0x000001eb06b9a410
Event: 17.729 Thread 0x000001eabfe3b4b0 Thread added: 0x000001eb0a2382c0


Dynamic libraries:
0x00007ff649bd0000 - 0x00007ff649bde000 	C:\Users\hp\.vscode\extensions\redhat.java-1.54.0-win32-x64\jre\21.0.10-win32-x86_64\bin\java.exe
0x00007ff83c080000 - 0x00007ff83c2e7000 	C:\WINDOWS\SYSTEM32\ntdll.dll
0x00007ff83a3b0000 - 0x00007ff83a479000 	C:\WINDOWS\System32\KERNEL32.DLL
0x00007ff839570000 - 0x00007ff839964000 	C:\WINDOWS\System32\KERNELBASE.dll
0x00007ff839970000 - 0x00007ff839abb000 	C:\WINDOWS\System32\ucrtbase.dll
0x00007fffa2080000 - 0x00007fffa209e000 	C:\Users\hp\.vscode\extensions\redhat.java-1.54.0-win32-x64\jre\21.0.10-win32-x86_64\bin\VCRUNTIME140.dll
0x00007fffa2060000 - 0x00007fffa2078000 	C:\Users\hp\.vscode\extensions\redhat.java-1.54.0-win32-x64\jre\21.0.10-win32-x86_64\bin\jli.dll
0x00007ff839f40000 - 0x00007ff83a105000 	C:\WINDOWS\System32\USER32.dll
0x00007ff823540000 - 0x00007ff8237d3000 	C:\WINDOWS\WinSxS\amd64_microsoft.windows.common-controls_6595b64144ccf1df_6.0.26100.8115_none_3e075c82e3354f9c\COMCTL32.dll
0x00007ff83a300000 - 0x00007ff83a3a9000 	C:\WINDOWS\System32\msvcrt.dll
0x00007ff839490000 - 0x00007ff8394b7000 	C:\WINDOWS\System32\win32u.dll
0x00007ff83bd00000 - 0x00007ff83bd2b000 	C:\WINDOWS\System32\GDI32.dll
0x00007ff839ac0000 - 0x00007ff839beb000 	C:\WINDOWS\System32\gdi32full.dll
0x00007ff839bf0000 - 0x00007ff839c93000 	C:\WINDOWS\System32\msvcp_win.dll
0x00007ff839e20000 - 0x00007ff839e52000 	C:\WINDOWS\System32\IMM32.DLL
0x00007fffa2050000 - 0x00007fffa205c000 	C:\Users\hp\.vscode\extensions\redhat.java-1.54.0-win32-x64\jre\21.0.10-win32-x86_64\bin\vcruntime140_1.dll
0x00007fffa1fc0000 - 0x00007fffa204d000 	C:\Users\hp\.vscode\extensions\redhat.java-1.54.0-win32-x64\jre\21.0.10-win32-x86_64\bin\msvcp140.dll
0x00007fff90150000 - 0x00007fff90ef1000 	C:\Users\hp\.vscode\extensions\redhat.java-1.54.0-win32-x64\jre\21.0.10-win32-x86_64\bin\server\jvm.dll
0x00007ff83a9e0000 - 0x00007ff83aa96000 	C:\WINDOWS\System32\ADVAPI32.dll
0x00007ff839e60000 - 0x00007ff839f07000 	C:\WINDOWS\System32\sechost.dll
0x00007ff83b2a0000 - 0x00007ff83b3b8000 	C:\WINDOWS\System32\RPCRT4.dll
0x00007ff83b210000 - 0x00007ff83b290000 	C:\WINDOWS\System32\WS2_32.dll
0x00007ff8387b0000 - 0x00007ff83880e000 	C:\WINDOWS\SYSTEM32\POWRPROF.dll
0x00007ff832fb0000 - 0x00007ff832fe6000 	C:\WINDOWS\SYSTEM32\WINMM.dll
0x00007ff832ff0000 - 0x00007ff832ffb000 	C:\WINDOWS\SYSTEM32\VERSION.dll
0x00007ff838790000 - 0x00007ff8387a4000 	C:\WINDOWS\SYSTEM32\UMPDC.dll
0x00007ff8376e0000 - 0x00007ff8376fb000 	C:\WINDOWS\SYSTEM32\kernel.appcore.dll
0x00007fffa1fb0000 - 0x00007fffa1fba000 	C:\Users\hp\.vscode\extensions\redhat.java-1.54.0-win32-x64\jre\21.0.10-win32-x86_64\bin\jimage.dll
0x00007ff82d550000 - 0x00007ff82d792000 	C:\WINDOWS\SYSTEM32\DBGHELP.DLL
0x00007ff83a4e0000 - 0x00007ff83a862000 	C:\WINDOWS\System32\combase.dll
0x00007ff83b5e0000 - 0x00007ff83b6b8000 	C:\WINDOWS\System32\OLEAUT32.dll
0x00007ff81b660000 - 0x00007ff81b69b000 	C:\WINDOWS\SYSTEM32\dbgcore.DLL
0x00007ff8394c0000 - 0x00007ff839565000 	C:\WINDOWS\System32\bcryptPrimitives.dll
0x00007fff90130000 - 0x00007fff90150000 	C:\Users\hp\.vscode\extensions\redhat.java-1.54.0-win32-x64\jre\21.0.10-win32-x86_64\bin\java.dll
0x00007ff83aaa0000 - 0x00007ff83b207000 	C:\WINDOWS\System32\SHELL32.dll
0x00007ff839ca0000 - 0x00007ff839e0a000 	C:\WINDOWS\System32\wintypes.dll
0x00007ff838aa0000 - 0x00007ff839308000 	C:\WINDOWS\System32\windows.storage.dll
0x00007ff83bf40000 - 0x00007ff83c038000 	C:\WINDOWS\System32\SHCORE.dll
0x00007ff83bd30000 - 0x00007ff83bd96000 	C:\WINDOWS\System32\shlwapi.dll
0x00007ff838870000 - 0x00007ff838899000 	C:\WINDOWS\SYSTEM32\profapi.dll
0x00007fff90100000 - 0x00007fff90110000 	C:\Users\hp\.vscode\extensions\redhat.java-1.54.0-win32-x64\jre\21.0.10-win32-x86_64\bin\net.dll
0x00007ff830520000 - 0x00007ff83064d000 	C:\WINDOWS\SYSTEM32\WINHTTP.dll
0x00007ff837c50000 - 0x00007ff837cbc000 	C:\WINDOWS\system32\mswsock.dll
0x00007fff8fa10000 - 0x00007fff8fa26000 	C:\Users\hp\.vscode\extensions\redhat.java-1.54.0-win32-x64\jre\21.0.10-win32-x86_64\bin\nio.dll
0x00007fff90110000 - 0x00007fff90128000 	C:\Users\hp\.vscode\extensions\redhat.java-1.54.0-win32-x64\jre\21.0.10-win32-x86_64\bin\zip.dll
0x00007ff833ff0000 - 0x00007ff834000000 	C:\Users\hp\.vscode\extensions\redhat.java-1.54.0-win32-x64\jre\21.0.10-win32-x86_64\bin\verify.dll

JVMTI agents: none

dbghelp: loaded successfully - version: 4.0.5 - missing functions: none
symbol engine: initialized successfully - sym options: 0x614 - pdb path: .;C:\Users\hp\.vscode\extensions\redhat.java-1.54.0-win32-x64\jre\21.0.10-win32-x86_64\bin;C:\WINDOWS\SYSTEM32;C:\WINDOWS\WinSxS\amd64_microsoft.windows.common-controls_6595b64144ccf1df_6.0.26100.8115_none_3e075c82e3354f9c;C:\Users\hp\.vscode\extensions\redhat.java-1.54.0-win32-x64\jre\21.0.10-win32-x86_64\bin\server

VM Arguments:
java_command: org.jetbrains.kotlin.cli.jvm.K2JVMCompiler @D:\NaufalData\Koding\Flutter\flutter\packages\flutter_tools\gradle\build\20260511_1941214541514699181.compiler.options
java_class_path (initial): C:\Users\hp\.gradle\caches\modules-2\files-2.1\org.jetbrains.kotlin\kotlin-compiler-embeddable\2.0.21\79346ed53db48b18312a472602eb5c057070c54d\kotlin-compiler-embeddable-2.0.21.jar;C:\Users\hp\.gradle\caches\modules-2\files-2.1\org.jetbrains.kotlin\kotlin-stdlib\2.0.21\618b539767b4899b4660a83006e052b63f1db551\kotlin-stdlib-2.0.21.jar;C:\Users\hp\.gradle\caches\modules-2\files-2.1\org.jetbrains.kotlin\kotlin-script-runtime\2.0.21\c9b044380ad41f89aa89aa896c2d32a8c0b2129d\kotlin-script-runtime-2.0.21.jar;C:\Users\hp\.gradle\caches\modules-2\files-2.1\org.jetbrains.kotlin\kotlin-reflect\1.6.10\1cbe9c92c12a94eea200d23c2bbaedaf3daf5132\kotlin-reflect-1.6.10.jar;C:\Users\hp\.gradle\caches\modules-2\files-2.1\org.jetbrains.kotlin\kotlin-daemon-embeddable\2.0.21\c9e933b23287de9b5a17e2116b4657bb91aea72c\kotlin-daemon-embeddable-2.0.21.jar;C:\Users\hp\.gradle\caches\modules-2\files-2.1\org.jetbrains.intellij.deps\trove4j\1.0.20200330\3afb14d5f9ceb459d724e907a21145e8ff394f02\trove4j-1.0.20200330.jar;C:\Users\hp\.gradle\caches\modules-2\files-2.1\org.jetbrains.kotlinx\kotlinx-coroutines-core-jvm\1.6.4\2c997cd1c0ef33f3e751d3831929aeff1390cb30\kotlinx-coroutines-core-jvm-1.6.4.jar;C:\Users\hp\.gradle\caches\modules-2\files-2.1\org.jetbrains\annotations\13.0\919f0dfe192fb4e063e7dacadee7f8bb9a2672a9\annotations-13.0.jar
Launcher Type: SUN_STANDARD

[Global flags]
     intx CICompilerCount                          = 4                                         {product} {ergonomic}
     uint ConcGCThreads                            = 2                                         {product} {ergonomic}
     uint G1ConcRefinementThreads                  = 8                                         {product} {ergonomic}
   size_t G1HeapRegionSize                         = 1048576                                   {product} {ergonomic}
    uintx GCDrainStackTargetSize                   = 64                                        {product} {ergonomic}
   size_t InitialHeapSize                          = 123731968                                 {product} {ergonomic}
   size_t MarkStackSize                            = 4194304                                   {product} {ergonomic}
   size_t MaxHeapSize                              = 1967128576                                {product} {ergonomic}
   size_t MaxNewSize                               = 1179648000                                {product} {ergonomic}
   size_t MinHeapDeltaBytes                        = 1048576                                   {product} {ergonomic}
   size_t MinHeapSize                              = 8388608                                   {product} {ergonomic}
    uintx NonNMethodCodeHeapSize                   = 5839372                                {pd product} {ergonomic}
    uintx NonProfiledCodeHeapSize                  = 122909434                              {pd product} {ergonomic}
    uintx ProfiledCodeHeapSize                     = 122909434                              {pd product} {ergonomic}
    uintx ReservedCodeCacheSize                    = 251658240                              {pd product} {ergonomic}
     bool SegmentedCodeCache                       = true                                      {product} {ergonomic}
   size_t SoftMaxHeapSize                          = 1967128576                             {manageable} {ergonomic}
     bool UseCompressedOops                        = true                           {product lp64_product} {ergonomic}
     bool UseG1GC                                  = true                                      {product} {ergonomic}
     bool UseLargePagesIndividualAllocation        = false                                  {pd product} {ergonomic}

Logging:
Log output configuration:
 #0: stdout all=warning uptime,level,tags foldmultilines=false
 #1: stderr all=off uptime,level,tags foldmultilines=false

Release file:
JAVA_VERSION="21.0.10" 
MODULES="java.base java.compiler java.datatransfer java.xml java.prefs java.desktop java.instrument java.logging java.management java.security.sasl java.naming java.rmi java.management.rmi java.net.http java.scripting java.security.jgss java.transaction.xa java.sql java.sql.rowset java.xml.crypto java.se java.smartcardio jdk.accessibility jdk.internal.jvmstat jdk.attach jdk.charsets jdk.internal.opt jdk.zipfs jdk.compiler jdk.crypto.ec jdk.crypto.cryptoki jdk.crypto.mscapi jdk.dynalink jdk.internal.ed jdk.editpad jdk.hotspot.agent jdk.httpserver jdk.internal.le jdk.internal.vm.ci jdk.internal.vm.compiler jdk.internal.vm.compiler.management jdk.jartool jdk.javadoc jdk.jcmd jdk.management jdk.management.agent jdk.jconsole jdk.jdeps jdk.jdwp.agent jdk.jdi jdk.jfr jdk.jshell jdk.jsobject jdk.jstatd jdk.localedata jdk.management.jfr jdk.naming.dns jdk.naming.rmi jdk.net jdk.nio.mapmode jdk.random jdk.sctp jdk.security.auth jdk.security.jgss jdk.unsupported jdk.unsupported.desktop jdk.xml.dom" 

Environment Variables:
JAVA_HOME=C:\Program Files\Java\jdk-17
PATH=C:\Users\hp\AppData\Local\Programs\Microsoft VS Code;C:\Program Files\Common Files\Oracle\Java\javapath;C:\Program Files (x86)\Common Files\Oracle\Java\javapath;C:\windows\system32;C:\windows;C:\windows\System32\Wbem;C:\windows\System32\WindowsPowerShell\v1.0\;C:\windows\System32\OpenSSH\;C:\Program Files\Microsoft SQL Server\150\Tools\Binn\;C:\Program Files\Microsoft SQL Server\Client SDK\ODBC\170\Tools\Binn\;C:\Program Files (x86)\dotnet\;C:\Program Files\Go\bin;C:\xampp\php;C:\Program Files\Git\cmd;C:\Program Files (x86)\Microsoft SQL Server\160\Tools\Binn\;C:\Program Files\Microsoft SQL Server\160\Tools\Binn\;C:\Program Files\Microsoft SQL Server\160\DTS\Binn\;C:\ProgramData\ComposerSetup\bin;C:\Program Files (x86)\Microsoft SQL Server\150\Tools\Binn\;C:\Program Files\Microsoft SQL Server\150\DTS\Binn\;C:\Program Files\Azure Data Studio\bin;D:\Naufal Data\PKL\Dev\flutter\bin;C:\MinGW\bin;C:\WINDOWS\system32;C:\WINDOWS;C:\WINDOWS\System32\Wbem;C:\WINDOWS\System32\WindowsPowerShell\v1.0\;C:\WINDOWS\System32\OpenSSH\;C:\Program Files\dotnet\;JAVA_HOME;C:\Program Files\nodejs\;C:\src\Android\SDK\cmdline-tools\tools\bin;C:\Program Files\Java\jdk-17;D:\NaufalData\PKL\JDK\jdk-21.0.1\bin;C:\Users\hp\.dotnet\tools;C:\Program Files\Java\scripts;C:\Users\hp\AppData\Local\Microsoft\WindowsApps;C:\Users\hp\AppData\Local\Programs\Microsoft VS Code\bin;C:\Users\hp\go\bin;C:\Users\hp\AppData\Roaming\Composer\vendor\bin;D:\NaufalData\Koding\Flutter\flutter\bin;C:\Users\hp\AppData\Local\spicetify;C:\Users\hp\AppData\Local\Microsoft\WindowsApps;C:\zig-windows-x86_64-0.13.0;C:\Users\hp\AppData\Local\GitHubDesktop\bin;C:\Users\hp\.dotnet\tools;C:\Users\hp\AppData\Local\Programs\Antigravity\bin;C:\src\Android\SDK\cmdline-tools\latest\bin;C:\src\Android\SDK\platform-tools;C:\Users\hp\AppData\Local\Python\bin;C:\Users\hp\AppData\Local\Python\bin\python.exe;C:\Users\hp\AppData\Local\Python\pythoncore-3.14-64\Scripts;C:\Program Files (x86)\MongoDB Atlas CLI\;C:\Users\hp\AppData\Local\Microsoft\WinGet\Packages\Genymobile.scrcpy_Microsoft.Winget.Source_8wekyb3d8bbwe\scrcpy-win64-v3.3.4;C:\Users\hp\AppData\Roaming\npm;C:\Users\hp\AppData\Local\Pub\Cache\bin
USERNAME=hp
OS=Windows_NT
PROCESSOR_IDENTIFIER=AMD64 Family 23 Model 104 Stepping 1, AuthenticAMD
TMP=C:\Users\hp\AppData\Local\Temp
TEMP=C:\Users\hp\AppData\Local\Temp




Periodic native trim disabled

---------------  S Y S T E M  ---------------

OS:
 Windows 11 , 64 bit Build 26100 (10.0.26100.8246)
OS uptime: 0 days 0:16 hours
Hyper-V role detected

CPU: total 8 (initial active 8) (8 cores per cpu, 2 threads per core) family 23 model 104 stepping 1 microcode 0x8608104, cx8, cmov, fxsr, ht, mmx, 3dnowpref, sse, sse2, sse3, ssse3, sse4a, sse4.1, sse4.2, popcnt, lzcnt, tsc, tscinvbit, avx, avx2, aes, clmul, bmi1, bmi2, adx, sha, fma, vzeroupper, clflush, clflushopt, hv, rdtscp, rdpid, f16c
Processor Information for the first 8 processors :
  Max Mhz: 2600, Current Mhz: 2003, Mhz Limit: 2600

Memory: 4k page, system-wide physical 7502M (655M free)
TotalPageFile size 19510M (AvailPageFile size 3M)
current process WorkingSet (physical memory assigned to process): 307M, peak: 320M
current process commit charge ("private bytes"): 342M, peak: 356M

vm_info: OpenJDK 64-Bit Server VM (21.0.10+7-LTS) for windows-amd64 JRE (21.0.10+7-LTS), built on 2026-01-20T00:00:00Z by "admin" with MS VC++ 17.12 (VS2022)

END.
