#
# There is insufficient memory for the Java Runtime Environment to continue.
# Native memory allocation (malloc) failed to allocate 943376 bytes. Error detail: Chunk::new
# Possible reasons:
#   The system is out of physical RAM or swap space
#   This process is running with CompressedOops enabled, and the Java Heap may be blocking the growth of the native heap
# Possible solutions:
#   Reduce memory load on the system
#   Increase physical memory or swap space
#   Check if swap backing store is full
#   Decrease Java heap size (-Xmx/-Xms)
#   Decrease number of Java threads
#   Decrease Java thread stack sizes (-Xss)
#   Set larger code cache with -XX:ReservedCodeCacheSize=
#   JVM is running with Unscaled Compressed Oops mode in which the Java heap is
#     placed in the first 4GB address space. The Java Heap base address is the
#     maximum limit for the native heap growth. Please use -XX:HeapBaseMinAddress
#     to set the Java Heap base and to place the Java Heap above 4GB virtual address.
# This output file may be truncated or incomplete.
#
#  Out of Memory Error (arena.cpp:168), pid=11792, tid=9540
#
# JRE version: OpenJDK Runtime Environment Temurin-21.0.10+7 (21.0.10+7) (build 21.0.10+7-LTS)
# Java VM: OpenJDK 64-Bit Server VM Temurin-21.0.10+7 (21.0.10+7-LTS, mixed mode, sharing, tiered, compressed oops, compressed class ptrs, g1 gc, windows-amd64)
# No core dump will be written. Minidumps are not enabled by default on client versions of Windows
#

---------------  S U M M A R Y ------------

Command Line: org.jetbrains.kotlin.cli.jvm.K2JVMCompiler @D:\NaufalData\Koding\Flutter\flutter\packages\flutter_tools\gradle\build\20260424_780694239938426492.compiler.options

Host: AMD Ryzen 3 5300U with Radeon Graphics         , 8 cores, 7G,  Windows 11 , 64 bit Build 26100 (10.0.26100.8246)
Time: Fri Apr 24 20:41:42 2026 SE Asia Standard Time elapsed time: 35.092635 seconds (0d 0h 0m 35s)

---------------  T H R E A D  ---------------

Current thread (0x0000017cdbf3c580):  JavaThread "C2 CompilerThread0" daemon [_thread_in_native, id=9540, stack(0x0000002443100000,0x0000002443200000) (1024K)]


Current CompileTask:
C2:35092 13941       4       org.jetbrains.kotlin.types.TypeSubstitutor::unsafeSubstitute (793 bytes)

Stack: [0x0000002443100000,0x0000002443200000]
Native frames: (J=compiled Java code, j=interpreted, Vv=VM code, C=native code)
V  [jvm.dll+0x6d7a39]
V  [jvm.dll+0x8b4b26]
V  [jvm.dll+0x8b70de]
V  [jvm.dll+0x8b77c3]
V  [jvm.dll+0x284346]
V  [jvm.dll+0xc66ed]
V  [jvm.dll+0xc6c31]
V  [jvm.dll+0x3bec3b]
V  [jvm.dll+0x1e3bc4]
V  [jvm.dll+0x24c6b3]
V  [jvm.dll+0x24bb40]
V  [jvm.dll+0x1cb34e]
V  [jvm.dll+0x25b85d]
V  [jvm.dll+0x259dea]
V  [jvm.dll+0x3f857e]
V  [jvm.dll+0x85f59d]
V  [jvm.dll+0x6d626d]
C  [ucrtbase.dll+0x37b0]
C  [KERNEL32.DLL+0x2e8d7]
C  [ntdll.dll+0x8c3fc]


---------------  P R O C E S S  ---------------

Threads class SMR info:
_java_thread_list=0x0000017ce636d580, length=12, elements={
0x0000017cc2759200, 0x0000017cdbf22270, 0x0000017cdbf23e90, 0x0000017cdbf29ff0,
0x0000017cdbf2ae00, 0x0000017cdbf34380, 0x0000017cdbf38ce0, 0x0000017cdbf3c580,
0x0000017cdbf416d0, 0x0000017ce00ffb40, 0x0000017ce0105390, 0x0000017ce6d723f0
}

Java Threads: ( => current thread )
  0x0000017cc2759200 JavaThread "main"                              [_thread_in_Java, id=17300, stack(0x0000002442300000,0x0000002442400000) (1024K)]
  0x0000017cdbf22270 JavaThread "Reference Handler"          daemon [_thread_blocked, id=792, stack(0x0000002442b00000,0x0000002442c00000) (1024K)]
  0x0000017cdbf23e90 JavaThread "Finalizer"                  daemon [_thread_blocked, id=19152, stack(0x0000002442c00000,0x0000002442d00000) (1024K)]
  0x0000017cdbf29ff0 JavaThread "Signal Dispatcher"          daemon [_thread_blocked, id=2456, stack(0x0000002442d00000,0x0000002442e00000) (1024K)]
  0x0000017cdbf2ae00 JavaThread "Attach Listener"            daemon [_thread_blocked, id=6380, stack(0x0000002442e00000,0x0000002442f00000) (1024K)]
  0x0000017cdbf34380 JavaThread "Service Thread"             daemon [_thread_blocked, id=12392, stack(0x0000002442f00000,0x0000002443000000) (1024K)]
  0x0000017cdbf38ce0 JavaThread "Monitor Deflation Thread"   daemon [_thread_blocked, id=4140, stack(0x0000002443000000,0x0000002443100000) (1024K)]
=>0x0000017cdbf3c580 JavaThread "C2 CompilerThread0"         daemon [_thread_in_native, id=9540, stack(0x0000002443100000,0x0000002443200000) (1024K)]
  0x0000017cdbf416d0 JavaThread "C1 CompilerThread0"         daemon [_thread_in_native, id=9268, stack(0x0000002443200000,0x0000002443300000) (1024K)]
  0x0000017ce00ffb40 JavaThread "Notification Thread"        daemon [_thread_blocked, id=4336, stack(0x0000002443300000,0x0000002443400000) (1024K)]
  0x0000017ce0105390 JavaThread "Common-Cleaner"             daemon [_thread_blocked, id=19272, stack(0x0000002443400000,0x0000002443500000) (1024K)]
  0x0000017ce6d723f0 JavaThread "C2 CompilerThread1"         daemon [_thread_in_native, id=13476, stack(0x0000002442000000,0x0000002442100000) (1024K)]
Total: 12

Other Threads:
  0x0000017cdbf08c50 VMThread "VM Thread"                           [id=13672, stack(0x0000002442a00000,0x0000002442b00000) (1024K)]
  0x0000017cdbef81a0 WatcherThread "VM Periodic Task Thread"        [id=7524, stack(0x0000002442900000,0x0000002442a00000) (1024K)]
  0x0000017cc2d90f60 WorkerThread "GC Thread#0"                     [id=4204, stack(0x0000002442400000,0x0000002442500000) (1024K)]
  0x0000017ce07b1190 WorkerThread "GC Thread#1"                     [id=5552, stack(0x0000002443500000,0x0000002443600000) (1024K)]
  0x0000017ce07e5f50 WorkerThread "GC Thread#2"                     [id=6024, stack(0x0000002443600000,0x0000002443700000) (1024K)]
  0x0000017ce07f2af0 WorkerThread "GC Thread#3"                     [id=1376, stack(0x0000002443700000,0x0000002443800000) (1024K)]
  0x0000017ce07f2ea0 WorkerThread "GC Thread#4"                     [id=15368, stack(0x0000002443800000,0x0000002443900000) (1024K)]
  0x0000017ce07f3250 WorkerThread "GC Thread#5"                     [id=15724, stack(0x0000002443900000,0x0000002443a00000) (1024K)]
  0x0000017ce0bfd4d0 WorkerThread "GC Thread#6"                     [id=15548, stack(0x0000002443a00000,0x0000002443b00000) (1024K)]
  0x0000017ce0bfd880 WorkerThread "GC Thread#7"                     [id=12100, stack(0x0000002443b00000,0x0000002443c00000) (1024K)]
  0x0000017cc2da1770 ConcurrentGCThread "G1 Main Marker"            [id=19300, stack(0x0000002442500000,0x0000002442600000) (1024K)]
  0x0000017cc2da2190 WorkerThread "G1 Conc#0"                       [id=17816, stack(0x0000002442600000,0x0000002442700000) (1024K)]
  0x0000017ce0bfc9c0 WorkerThread "G1 Conc#1"                       [id=2864, stack(0x0000002443c00000,0x0000002443d00000) (1024K)]
  0x0000017cdbdc0b60 ConcurrentGCThread "G1 Refine#0"               [id=10740, stack(0x0000002442700000,0x0000002442800000) (1024K)]
  0x0000017cdbdc14f0 ConcurrentGCThread "G1 Service"                [id=6692, stack(0x0000002442800000,0x0000002442900000) (1024K)]
Total: 15

Threads with active compile tasks:
C2 CompilerThread0  35124 13941       4       org.jetbrains.kotlin.types.TypeSubstitutor::unsafeSubstitute (793 bytes)
C2 CompilerThread1  35125 13944       4       org.jetbrains.kotlin.types.TypeSubstitutor::substituteTypeArguments (208 bytes)
Total: 2

VM state: not at safepoint (normal execution)

VM Mutex/Monitor currently owned by a thread: None

Heap address: 0x000000008ac00000, size: 1876 MB, Compressed Oops mode: 32-bit

CDS archive(s) mapped at: [0x0000017c80000000-0x0000017c80ba0000-0x0000017c80ba0000), size 12189696, SharedBaseAddress: 0x0000017c80000000, ArchiveRelocationMode: 1.
Compressed class space mapped at: 0x0000017c81000000-0x0000017cc1000000, reserved size: 1073741824
Narrow klass base: 0x0000017c80000000, Narrow klass shift: 0, Narrow klass range: 0x100000000

GC Precious Log:
 CardTable entry size: 512
 Card Set container configuration: InlinePtr #cards 5 size 8 Array Of Cards #cards 12 size 40 Howl #buckets 4 coarsen threshold 1843 Howl Bitmap #cards 512 size 80 coarsen threshold 460 Card regions per heap region 1 cards per card region 2048
 CPUs: 8 total, 8 available
 Memory: 7502M
 Large Page Support: Disabled
 NUMA Support: Disabled
 Compressed Oops: Enabled (32-bit)
 Heap Region Size: 1M
 Heap Min Capacity: 8M
 Heap Initial Capacity: 118M
 Heap Max Capacity: 1876M
 Pre-touch: Disabled
 Parallel Workers: 8
 Concurrent Workers: 2
 Concurrent Refinement Workers: 8
 Periodic GC: Disabled

Heap:
 garbage-first heap   total 153600K, used 118571K [0x000000008ac00000, 0x0000000100000000)
  region size 1024K, 32 young (32768K), 5 survivors (5120K)
 Metaspace       used 67253K, committed 68224K, reserved 1114112K
  class space    used 7546K, committed 8000K, reserved 1048576K

Heap Regions: E=young(eden), S=young(survivor), O=old, HS=humongous(starts), HC=humongous(continues), CS=collection set, F=free, TAMS=top-at-mark-start, PB=parsable bottom
|   0|0x000000008ac00000, 0x000000008ad00000, 0x000000008ad00000|100%|HS|  |TAMS 0x000000008ac00000| PB 0x000000008ac00000| Complete 
|   1|0x000000008ad00000, 0x000000008ae00000, 0x000000008ae00000|100%|HC|  |TAMS 0x000000008ad00000| PB 0x000000008ad00000| Complete 
|   2|0x000000008ae00000, 0x000000008af00000, 0x000000008af00000|100%|HC|  |TAMS 0x000000008ae00000| PB 0x000000008ae00000| Complete 
|   3|0x000000008af00000, 0x000000008b000000, 0x000000008b000000|100%| O|  |TAMS 0x000000008af00000| PB 0x000000008af00000| Untracked 
|   4|0x000000008b000000, 0x000000008b100000, 0x000000008b100000|100%| O|  |TAMS 0x000000008b000000| PB 0x000000008b000000| Untracked 
|   5|0x000000008b100000, 0x000000008b200000, 0x000000008b200000|100%| O|  |TAMS 0x000000008b100000| PB 0x000000008b100000| Untracked 
|   6|0x000000008b200000, 0x000000008b300000, 0x000000008b300000|100%|HS|  |TAMS 0x000000008b200000| PB 0x000000008b200000| Complete 
|   7|0x000000008b300000, 0x000000008b400000, 0x000000008b400000|100%|HC|  |TAMS 0x000000008b300000| PB 0x000000008b300000| Complete 
|   8|0x000000008b400000, 0x000000008b500000, 0x000000008b500000|100%|HC|  |TAMS 0x000000008b400000| PB 0x000000008b400000| Complete 
|   9|0x000000008b500000, 0x000000008b600000, 0x000000008b600000|100%|HC|  |TAMS 0x000000008b500000| PB 0x000000008b500000| Complete 
|  10|0x000000008b600000, 0x000000008b700000, 0x000000008b700000|100%|HC|  |TAMS 0x000000008b600000| PB 0x000000008b600000| Complete 
|  11|0x000000008b700000, 0x000000008b800000, 0x000000008b800000|100%|HC|  |TAMS 0x000000008b700000| PB 0x000000008b700000| Complete 
|  12|0x000000008b800000, 0x000000008b900000, 0x000000008b900000|100%|HS|  |TAMS 0x000000008b800000| PB 0x000000008b800000| Complete 
|  13|0x000000008b900000, 0x000000008ba00000, 0x000000008ba00000|100%|HS|  |TAMS 0x000000008b900000| PB 0x000000008b900000| Complete 
|  14|0x000000008ba00000, 0x000000008bb00000, 0x000000008bb00000|100%|HS|  |TAMS 0x000000008ba00000| PB 0x000000008ba00000| Complete 
|  15|0x000000008bb00000, 0x000000008bc00000, 0x000000008bc00000|100%|HC|  |TAMS 0x000000008bb00000| PB 0x000000008bb00000| Complete 
|  16|0x000000008bc00000, 0x000000008bd00000, 0x000000008bd00000|100%|HS|  |TAMS 0x000000008bc00000| PB 0x000000008bc00000| Complete 
|  17|0x000000008bd00000, 0x000000008be00000, 0x000000008be00000|100%| O|  |TAMS 0x000000008bd00000| PB 0x000000008bd00000| Untracked 
|  18|0x000000008be00000, 0x000000008bf00000, 0x000000008bf00000|100%| O|  |TAMS 0x000000008be00000| PB 0x000000008be00000| Untracked 
|  19|0x000000008bf00000, 0x000000008c000000, 0x000000008c000000|100%| O|  |TAMS 0x000000008bf00000| PB 0x000000008bf00000| Untracked 
|  20|0x000000008c000000, 0x000000008c100000, 0x000000008c100000|100%| O|  |TAMS 0x000000008c000000| PB 0x000000008c000000| Untracked 
|  21|0x000000008c100000, 0x000000008c200000, 0x000000008c200000|100%| O|  |TAMS 0x000000008c100000| PB 0x000000008c100000| Untracked 
|  22|0x000000008c200000, 0x000000008c300000, 0x000000008c300000|100%| O|  |TAMS 0x000000008c200000| PB 0x000000008c200000| Untracked 
|  23|0x000000008c300000, 0x000000008c400000, 0x000000008c400000|100%| O|  |TAMS 0x000000008c300000| PB 0x000000008c300000| Untracked 
|  24|0x000000008c400000, 0x000000008c500000, 0x000000008c500000|100%| O|  |TAMS 0x000000008c400000| PB 0x000000008c400000| Untracked 
|  25|0x000000008c500000, 0x000000008c600000, 0x000000008c600000|100%| O|  |TAMS 0x000000008c500000| PB 0x000000008c500000| Untracked 
|  26|0x000000008c600000, 0x000000008c700000, 0x000000008c700000|100%| O|  |TAMS 0x000000008c600000| PB 0x000000008c600000| Untracked 
|  27|0x000000008c700000, 0x000000008c800000, 0x000000008c800000|100%| O|  |TAMS 0x000000008c700000| PB 0x000000008c700000| Untracked 
|  28|0x000000008c800000, 0x000000008c900000, 0x000000008c900000|100%| O|  |TAMS 0x000000008c800000| PB 0x000000008c800000| Untracked 
|  29|0x000000008c900000, 0x000000008ca00000, 0x000000008ca00000|100%| O|  |TAMS 0x000000008c900000| PB 0x000000008c900000| Untracked 
|  30|0x000000008ca00000, 0x000000008cb00000, 0x000000008cb00000|100%| O|  |TAMS 0x000000008ca00000| PB 0x000000008ca00000| Untracked 
|  31|0x000000008cb00000, 0x000000008cc00000, 0x000000008cc00000|100%| O|  |TAMS 0x000000008cb00000| PB 0x000000008cb00000| Untracked 
|  32|0x000000008cc00000, 0x000000008cd00000, 0x000000008cd00000|100%| O|  |TAMS 0x000000008cc00000| PB 0x000000008cc00000| Untracked 
|  33|0x000000008cd00000, 0x000000008ce00000, 0x000000008ce00000|100%| O|  |TAMS 0x000000008cd00000| PB 0x000000008cd00000| Untracked 
|  34|0x000000008ce00000, 0x000000008cf00000, 0x000000008cf00000|100%| O|  |TAMS 0x000000008ce00000| PB 0x000000008ce00000| Untracked 
|  35|0x000000008cf00000, 0x000000008d000000, 0x000000008d000000|100%| O|  |TAMS 0x000000008cf00000| PB 0x000000008cf00000| Untracked 
|  36|0x000000008d000000, 0x000000008d100000, 0x000000008d100000|100%| O|  |TAMS 0x000000008d000000| PB 0x000000008d000000| Untracked 
|  37|0x000000008d100000, 0x000000008d200000, 0x000000008d200000|100%| O|  |TAMS 0x000000008d100000| PB 0x000000008d100000| Untracked 
|  38|0x000000008d200000, 0x000000008d300000, 0x000000008d300000|100%| O|  |TAMS 0x000000008d200000| PB 0x000000008d200000| Untracked 
|  39|0x000000008d300000, 0x000000008d400000, 0x000000008d400000|100%| O|  |TAMS 0x000000008d300000| PB 0x000000008d300000| Untracked 
|  40|0x000000008d400000, 0x000000008d500000, 0x000000008d500000|100%| O|  |TAMS 0x000000008d400000| PB 0x000000008d400000| Untracked 
|  41|0x000000008d500000, 0x000000008d600000, 0x000000008d600000|100%| O|  |TAMS 0x000000008d500000| PB 0x000000008d500000| Untracked 
|  42|0x000000008d600000, 0x000000008d700000, 0x000000008d700000|100%| O|  |TAMS 0x000000008d600000| PB 0x000000008d600000| Untracked 
|  43|0x000000008d700000, 0x000000008d800000, 0x000000008d800000|100%| O|  |TAMS 0x000000008d700000| PB 0x000000008d700000| Untracked 
|  44|0x000000008d800000, 0x000000008d900000, 0x000000008d900000|100%| O|  |TAMS 0x000000008d800000| PB 0x000000008d800000| Untracked 
|  45|0x000000008d900000, 0x000000008da00000, 0x000000008da00000|100%| O|  |TAMS 0x000000008d900000| PB 0x000000008d900000| Untracked 
|  46|0x000000008da00000, 0x000000008db00000, 0x000000008db00000|100%| O|  |TAMS 0x000000008da00000| PB 0x000000008da00000| Untracked 
|  47|0x000000008db00000, 0x000000008dc00000, 0x000000008dc00000|100%| O|  |TAMS 0x000000008db00000| PB 0x000000008db00000| Untracked 
|  48|0x000000008dc00000, 0x000000008dd00000, 0x000000008dd00000|100%| O|  |TAMS 0x000000008dc00000| PB 0x000000008dc00000| Untracked 
|  49|0x000000008dd00000, 0x000000008de00000, 0x000000008de00000|100%| O|  |TAMS 0x000000008dd00000| PB 0x000000008dd00000| Untracked 
|  50|0x000000008de00000, 0x000000008df00000, 0x000000008df00000|100%| O|  |TAMS 0x000000008de00000| PB 0x000000008de00000| Untracked 
|  51|0x000000008df00000, 0x000000008e000000, 0x000000008e000000|100%| O|  |TAMS 0x000000008df00000| PB 0x000000008df00000| Untracked 
|  52|0x000000008e000000, 0x000000008e100000, 0x000000008e100000|100%| O|  |TAMS 0x000000008e000000| PB 0x000000008e000000| Untracked 
|  53|0x000000008e100000, 0x000000008e200000, 0x000000008e200000|100%| O|  |TAMS 0x000000008e100000| PB 0x000000008e100000| Untracked 
|  54|0x000000008e200000, 0x000000008e300000, 0x000000008e300000|100%| O|  |TAMS 0x000000008e200000| PB 0x000000008e200000| Untracked 
|  55|0x000000008e300000, 0x000000008e400000, 0x000000008e400000|100%| O|  |TAMS 0x000000008e300000| PB 0x000000008e300000| Untracked 
|  56|0x000000008e400000, 0x000000008e500000, 0x000000008e500000|100%| O|  |TAMS 0x000000008e400000| PB 0x000000008e400000| Untracked 
|  57|0x000000008e500000, 0x000000008e600000, 0x000000008e600000|100%| O|  |TAMS 0x000000008e500000| PB 0x000000008e500000| Untracked 
|  58|0x000000008e600000, 0x000000008e700000, 0x000000008e700000|100%|HS|  |TAMS 0x000000008e600000| PB 0x000000008e600000| Complete 
|  59|0x000000008e700000, 0x000000008e800000, 0x000000008e800000|100%|HC|  |TAMS 0x000000008e700000| PB 0x000000008e700000| Complete 
|  60|0x000000008e800000, 0x000000008e900000, 0x000000008e900000|100%| O|  |TAMS 0x000000008e800000| PB 0x000000008e800000| Untracked 
|  61|0x000000008e900000, 0x000000008ea00000, 0x000000008ea00000|100%| O|  |TAMS 0x000000008e900000| PB 0x000000008e900000| Untracked 
|  62|0x000000008ea00000, 0x000000008eb00000, 0x000000008eb00000|100%| O|  |TAMS 0x000000008ea00000| PB 0x000000008ea00000| Untracked 
|  63|0x000000008eb00000, 0x000000008ec00000, 0x000000008ec00000|100%| O|  |TAMS 0x000000008eb00000| PB 0x000000008eb00000| Untracked 
|  64|0x000000008ec00000, 0x000000008ed00000, 0x000000008ed00000|100%| O|  |TAMS 0x000000008ec00000| PB 0x000000008ec00000| Untracked 
|  65|0x000000008ed00000, 0x000000008ee00000, 0x000000008ee00000|100%| O|  |TAMS 0x000000008ed00000| PB 0x000000008ed00000| Untracked 
|  66|0x000000008ee00000, 0x000000008ef00000, 0x000000008ef00000|100%| O|  |TAMS 0x000000008ee00000| PB 0x000000008ee00000| Untracked 
|  67|0x000000008ef00000, 0x000000008f000000, 0x000000008f000000|100%| O|  |TAMS 0x000000008ef00000| PB 0x000000008ef00000| Untracked 
|  68|0x000000008f000000, 0x000000008f100000, 0x000000008f100000|100%| O|  |TAMS 0x000000008f000000| PB 0x000000008f000000| Untracked 
|  69|0x000000008f100000, 0x000000008f200000, 0x000000008f200000|100%| O|  |TAMS 0x000000008f100000| PB 0x000000008f100000| Untracked 
|  70|0x000000008f200000, 0x000000008f300000, 0x000000008f300000|100%| O|  |TAMS 0x000000008f200000| PB 0x000000008f200000| Untracked 
|  71|0x000000008f300000, 0x000000008f400000, 0x000000008f400000|100%| O|  |TAMS 0x000000008f300000| PB 0x000000008f300000| Untracked 
|  72|0x000000008f400000, 0x000000008f500000, 0x000000008f500000|100%| O|Cm|TAMS 0x000000008f400000| PB 0x000000008f400000| Complete 
|  73|0x000000008f500000, 0x000000008f600000, 0x000000008f600000|100%| O|  |TAMS 0x000000008f500000| PB 0x000000008f500000| Untracked 
|  74|0x000000008f600000, 0x000000008f6cad00, 0x000000008f700000| 79%| O|  |TAMS 0x000000008f600000| PB 0x000000008f600000| Untracked 
|  75|0x000000008f700000, 0x000000008f700000, 0x000000008f800000|  0%| F|  |TAMS 0x000000008f700000| PB 0x000000008f700000| Untracked 
|  76|0x000000008f800000, 0x000000008f800000, 0x000000008f900000|  0%| F|  |TAMS 0x000000008f800000| PB 0x000000008f800000| Untracked 
|  77|0x000000008f900000, 0x000000008f900000, 0x000000008fa00000|  0%| F|  |TAMS 0x000000008f900000| PB 0x000000008f900000| Untracked 
|  78|0x000000008fa00000, 0x000000008fb00000, 0x000000008fb00000|100%| S|CS|TAMS 0x000000008fa00000| PB 0x000000008fa00000| Complete 
|  79|0x000000008fb00000, 0x000000008fc00000, 0x000000008fc00000|100%| S|CS|TAMS 0x000000008fb00000| PB 0x000000008fb00000| Complete 
|  80|0x000000008fc00000, 0x000000008fc00000, 0x000000008fd00000|  0%| F|  |TAMS 0x000000008fc00000| PB 0x000000008fc00000| Untracked 
|  81|0x000000008fd00000, 0x000000008fd00000, 0x000000008fe00000|  0%| F|  |TAMS 0x000000008fd00000| PB 0x000000008fd00000| Untracked 
|  82|0x000000008fe00000, 0x000000008fe00000, 0x000000008ff00000|  0%| F|  |TAMS 0x000000008fe00000| PB 0x000000008fe00000| Untracked 
|  83|0x000000008ff00000, 0x000000008ff00000, 0x0000000090000000|  0%| F|  |TAMS 0x000000008ff00000| PB 0x000000008ff00000| Untracked 
|  84|0x0000000090000000, 0x0000000090000000, 0x0000000090100000|  0%| F|  |TAMS 0x0000000090000000| PB 0x0000000090000000| Untracked 
|  85|0x0000000090100000, 0x0000000090100000, 0x0000000090200000|  0%| F|  |TAMS 0x0000000090100000| PB 0x0000000090100000| Untracked 
|  86|0x0000000090200000, 0x0000000090300000, 0x0000000090300000|100%| S|CS|TAMS 0x0000000090200000| PB 0x0000000090200000| Complete 
|  87|0x0000000090300000, 0x0000000090400000, 0x0000000090400000|100%| S|CS|TAMS 0x0000000090300000| PB 0x0000000090300000| Complete 
|  88|0x0000000090400000, 0x0000000090500000, 0x0000000090500000|100%| S|CS|TAMS 0x0000000090400000| PB 0x0000000090400000| Complete 
|  89|0x0000000090500000, 0x0000000090500000, 0x0000000090600000|  0%| F|  |TAMS 0x0000000090500000| PB 0x0000000090500000| Untracked 
|  90|0x0000000090600000, 0x0000000090600000, 0x0000000090700000|  0%| F|  |TAMS 0x0000000090600000| PB 0x0000000090600000| Untracked 
|  91|0x0000000090700000, 0x0000000090700000, 0x0000000090800000|  0%| F|  |TAMS 0x0000000090700000| PB 0x0000000090700000| Untracked 
|  92|0x0000000090800000, 0x0000000090800000, 0x0000000090900000|  0%| F|  |TAMS 0x0000000090800000| PB 0x0000000090800000| Untracked 
|  93|0x0000000090900000, 0x0000000090900000, 0x0000000090a00000|  0%| F|  |TAMS 0x0000000090900000| PB 0x0000000090900000| Untracked 
|  94|0x0000000090a00000, 0x0000000090a00000, 0x0000000090b00000|  0%| F|  |TAMS 0x0000000090a00000| PB 0x0000000090a00000| Untracked 
|  95|0x0000000090b00000, 0x0000000090b00000, 0x0000000090c00000|  0%| F|  |TAMS 0x0000000090b00000| PB 0x0000000090b00000| Untracked 
|  96|0x0000000090c00000, 0x0000000090c00000, 0x0000000090d00000|  0%| F|  |TAMS 0x0000000090c00000| PB 0x0000000090c00000| Untracked 
|  97|0x0000000090d00000, 0x0000000090d00000, 0x0000000090e00000|  0%| F|  |TAMS 0x0000000090d00000| PB 0x0000000090d00000| Untracked 
|  98|0x0000000090e00000, 0x0000000090e00000, 0x0000000090f00000|  0%| F|  |TAMS 0x0000000090e00000| PB 0x0000000090e00000| Untracked 
|  99|0x0000000090f00000, 0x0000000090f00000, 0x0000000091000000|  0%| F|  |TAMS 0x0000000090f00000| PB 0x0000000090f00000| Untracked 
| 100|0x0000000091000000, 0x0000000091000000, 0x0000000091100000|  0%| F|  |TAMS 0x0000000091000000| PB 0x0000000091000000| Untracked 
| 101|0x0000000091100000, 0x0000000091100000, 0x0000000091200000|  0%| F|  |TAMS 0x0000000091100000| PB 0x0000000091100000| Untracked 
| 102|0x0000000091200000, 0x0000000091200000, 0x0000000091300000|  0%| F|  |TAMS 0x0000000091200000| PB 0x0000000091200000| Untracked 
| 103|0x0000000091300000, 0x0000000091300000, 0x0000000091400000|  0%| F|  |TAMS 0x0000000091300000| PB 0x0000000091300000| Untracked 
| 104|0x0000000091400000, 0x0000000091400000, 0x0000000091500000|  0%| F|  |TAMS 0x0000000091400000| PB 0x0000000091400000| Untracked 
| 105|0x0000000091500000, 0x0000000091500000, 0x0000000091600000|  0%| F|  |TAMS 0x0000000091500000| PB 0x0000000091500000| Untracked 
| 106|0x0000000091600000, 0x0000000091600000, 0x0000000091700000|  0%| F|  |TAMS 0x0000000091600000| PB 0x0000000091600000| Untracked 
| 107|0x0000000091700000, 0x0000000091700000, 0x0000000091800000|  0%| F|  |TAMS 0x0000000091700000| PB 0x0000000091700000| Untracked 
| 108|0x0000000091800000, 0x0000000091800000, 0x0000000091900000|  0%| F|  |TAMS 0x0000000091800000| PB 0x0000000091800000| Untracked 
| 109|0x0000000091900000, 0x0000000091900000, 0x0000000091a00000|  0%| F|  |TAMS 0x0000000091900000| PB 0x0000000091900000| Untracked 
| 110|0x0000000091a00000, 0x0000000091a00000, 0x0000000091b00000|  0%| F|  |TAMS 0x0000000091a00000| PB 0x0000000091a00000| Untracked 
| 111|0x0000000091b00000, 0x0000000091b00000, 0x0000000091c00000|  0%| F|  |TAMS 0x0000000091b00000| PB 0x0000000091b00000| Untracked 
| 112|0x0000000091c00000, 0x0000000091c00000, 0x0000000091d00000|  0%| F|  |TAMS 0x0000000091c00000| PB 0x0000000091c00000| Untracked 
| 113|0x0000000091d00000, 0x0000000091e00000, 0x0000000091e00000|100%| E|  |TAMS 0x0000000091d00000| PB 0x0000000091d00000| Complete 
| 114|0x0000000091e00000, 0x0000000091f00000, 0x0000000091f00000|100%| E|CS|TAMS 0x0000000091e00000| PB 0x0000000091e00000| Complete 
| 115|0x0000000091f00000, 0x0000000092000000, 0x0000000092000000|100%| E|CS|TAMS 0x0000000091f00000| PB 0x0000000091f00000| Complete 
| 116|0x0000000092000000, 0x0000000092100000, 0x0000000092100000|100%| E|CS|TAMS 0x0000000092000000| PB 0x0000000092000000| Complete 
| 117|0x0000000092100000, 0x0000000092200000, 0x0000000092200000|100%| E|CS|TAMS 0x0000000092100000| PB 0x0000000092100000| Complete 
| 118|0x0000000092200000, 0x0000000092300000, 0x0000000092300000|100%| E|CS|TAMS 0x0000000092200000| PB 0x0000000092200000| Complete 
| 119|0x0000000092300000, 0x0000000092400000, 0x0000000092400000|100%| E|CS|TAMS 0x0000000092300000| PB 0x0000000092300000| Complete 
| 120|0x0000000092400000, 0x0000000092500000, 0x0000000092500000|100%| E|CS|TAMS 0x0000000092400000| PB 0x0000000092400000| Complete 
| 121|0x0000000092500000, 0x0000000092600000, 0x0000000092600000|100%| E|CS|TAMS 0x0000000092500000| PB 0x0000000092500000| Complete 
| 122|0x0000000092600000, 0x0000000092700000, 0x0000000092700000|100%| E|CS|TAMS 0x0000000092600000| PB 0x0000000092600000| Complete 
| 123|0x0000000092700000, 0x0000000092800000, 0x0000000092800000|100%| E|CS|TAMS 0x0000000092700000| PB 0x0000000092700000| Complete 
| 124|0x0000000092800000, 0x0000000092900000, 0x0000000092900000|100%| E|CS|TAMS 0x0000000092800000| PB 0x0000000092800000| Complete 
| 125|0x0000000092900000, 0x0000000092a00000, 0x0000000092a00000|100%| E|CS|TAMS 0x0000000092900000| PB 0x0000000092900000| Complete 
| 126|0x0000000092a00000, 0x0000000092b00000, 0x0000000092b00000|100%| E|CS|TAMS 0x0000000092a00000| PB 0x0000000092a00000| Complete 
| 127|0x0000000092b00000, 0x0000000092c00000, 0x0000000092c00000|100%| E|CS|TAMS 0x0000000092b00000| PB 0x0000000092b00000| Complete 
| 128|0x0000000092c00000, 0x0000000092d00000, 0x0000000092d00000|100%| E|CS|TAMS 0x0000000092c00000| PB 0x0000000092c00000| Complete 
| 129|0x0000000092d00000, 0x0000000092e00000, 0x0000000092e00000|100%| E|CS|TAMS 0x0000000092d00000| PB 0x0000000092d00000| Complete 
| 130|0x0000000092e00000, 0x0000000092f00000, 0x0000000092f00000|100%| E|CS|TAMS 0x0000000092e00000| PB 0x0000000092e00000| Complete 
| 131|0x0000000092f00000, 0x0000000093000000, 0x0000000093000000|100%| E|CS|TAMS 0x0000000092f00000| PB 0x0000000092f00000| Complete 
| 132|0x0000000093000000, 0x0000000093100000, 0x0000000093100000|100%| E|CS|TAMS 0x0000000093000000| PB 0x0000000093000000| Complete 
| 133|0x0000000093100000, 0x0000000093200000, 0x0000000093200000|100%| E|CS|TAMS 0x0000000093100000| PB 0x0000000093100000| Complete 
| 134|0x0000000093200000, 0x0000000093300000, 0x0000000093300000|100%| E|CS|TAMS 0x0000000093200000| PB 0x0000000093200000| Complete 
| 135|0x0000000093300000, 0x0000000093400000, 0x0000000093400000|100%| E|CS|TAMS 0x0000000093300000| PB 0x0000000093300000| Complete 
| 136|0x0000000093400000, 0x0000000093500000, 0x0000000093500000|100%| E|CS|TAMS 0x0000000093400000| PB 0x0000000093400000| Complete 
| 137|0x0000000093500000, 0x0000000093600000, 0x0000000093600000|100%| E|CS|TAMS 0x0000000093500000| PB 0x0000000093500000| Complete 
| 138|0x0000000093600000, 0x0000000093700000, 0x0000000093700000|100%| E|CS|TAMS 0x0000000093600000| PB 0x0000000093600000| Complete 
| 139|0x0000000093700000, 0x0000000093800000, 0x0000000093800000|100%| E|CS|TAMS 0x0000000093700000| PB 0x0000000093700000| Complete 
|1866|0x00000000ff600000, 0x00000000ff700000, 0x00000000ff700000|100%| O|Cm|TAMS 0x00000000ff600000| PB 0x00000000ff600000| Complete 
|1867|0x00000000ff700000, 0x00000000ff800000, 0x00000000ff800000|100%| O|  |TAMS 0x00000000ff700000| PB 0x00000000ff700000| Untracked 
|1868|0x00000000ff800000, 0x00000000ff900000, 0x00000000ff900000|100%| O|  |TAMS 0x00000000ff800000| PB 0x00000000ff800000| Untracked 
|1869|0x00000000ff900000, 0x00000000ffa00000, 0x00000000ffa00000|100%| O|  |TAMS 0x00000000ff900000| PB 0x00000000ff900000| Untracked 
|1870|0x00000000ffa00000, 0x00000000ffb00000, 0x00000000ffb00000|100%| O|  |TAMS 0x00000000ffa00000| PB 0x00000000ffa00000| Untracked 
|1871|0x00000000ffb00000, 0x00000000ffc00000, 0x00000000ffc00000|100%| O|  |TAMS 0x00000000ffb00000| PB 0x00000000ffb00000| Untracked 
|1872|0x00000000ffc00000, 0x00000000ffd00000, 0x00000000ffd00000|100%| O|  |TAMS 0x00000000ffc00000| PB 0x00000000ffc00000| Untracked 
|1873|0x00000000ffd00000, 0x00000000ffe00000, 0x00000000ffe00000|100%| O|  |TAMS 0x00000000ffd00000| PB 0x00000000ffd00000| Untracked 
|1874|0x00000000ffe00000, 0x00000000fff00000, 0x00000000fff00000|100%| O|  |TAMS 0x00000000ffe00000| PB 0x00000000ffe00000| Untracked 
|1875|0x00000000fff00000, 0x0000000100000000, 0x0000000100000000|100%| O|  |TAMS 0x00000000fff00000| PB 0x00000000fff00000| Untracked 

Card table byte_map: [0x0000017cd7380000,0x0000017cd7730000] _byte_map_base: 0x0000017cd6f2a000

Marking Bits: (CMBitMap*) 0x0000017cc2d91580
 Bits: [0x0000017cd7730000, 0x0000017cd9480000)

Polling page: 0x0000017cc2ac0000

Metaspace:

Usage:
  Non-class:     58.33 MB used.
      Class:      7.37 MB used.
       Both:     65.70 MB used.

Virtual space:
  Non-class space:       64.00 MB reserved,      58.81 MB ( 92%) committed,  1 nodes.
      Class space:        1.00 GB reserved,       7.81 MB ( <1%) committed,  1 nodes.
             Both:        1.06 GB reserved,      66.62 MB (  6%) committed. 

Chunk freelists:
   Non-Class:  4.88 MB
       Class:  8.04 MB
        Both:  12.93 MB

MaxMetaspaceSize: unlimited
CompressedClassSpaceSize: 1.00 GB
Initial GC threshold: 21.00 MB
Current GC threshold: 106.81 MB
CDS: on
 - commit_granule_bytes: 65536.
 - commit_granule_words: 8192.
 - virtual_space_node_default_size: 8388608.
 - enlarge_chunks_in_place: 1.
 - use_allocation_guard: 0.


Internal statistics:

num_allocs_failed_limit: 12.
num_arena_births: 1526.
num_arena_deaths: 0.
num_vsnodes_births: 2.
num_vsnodes_deaths: 0.
num_space_committed: 1064.
num_space_uncommitted: 0.
num_chunks_returned_to_freelist: 12.
num_chunks_taken_from_freelist: 4172.
num_chunk_merges: 12.
num_chunk_splits: 3085.
num_chunks_enlarged: 2364.
num_inconsistent_stats: 0.

CodeHeap 'non-profiled nmethods': size=120000Kb used=6138Kb max_used=6206Kb free=113861Kb
 bounds [0x0000017ccf030000, 0x0000017ccf670000, 0x0000017cd6560000]
CodeHeap 'profiled nmethods': size=120000Kb used=37519Kb max_used=37519Kb free=82480Kb
 bounds [0x0000017cc7560000, 0x0000017cc9a10000, 0x0000017ccea90000]
CodeHeap 'non-nmethods': size=5760Kb used=1653Kb max_used=1681Kb free=4106Kb
 bounds [0x0000017ccea90000, 0x0000017cced00000, 0x0000017ccf030000]
CodeCache: size=245760Kb, used=45310Kb, max_used=45406Kb, free=200447Kb
 total_blobs=12995, nmethods=12217, adapters=678, full_count=0
Compilation: enabled, stopped_count=0, restarted_count=0

Compilation events (20 events):
Event: 34.955 Thread 0x0000017cdbf416d0 14093       2       org.jetbrains.kotlin.backend.jvm.JvmGeneratorExtensionsImpl::computeExternalDeclarationOrigin (42 bytes)
Event: 34.956 Thread 0x0000017cdbf416d0 nmethod 14093 0x0000017cc99fff90 code [0x0000017cc9a00200, 0x0000017cc9a00880]
Event: 34.956 Thread 0x0000017cdbf416d0 14090       2       org.jetbrains.kotlin.ir.declarations.lazy.IrLazyFunctionBase$DefaultImpls::createLazyAnnotations (8 bytes)
Event: 34.958 Thread 0x0000017cdbf416d0 nmethod 14090 0x0000017cc9a00c90 code [0x0000017cc9a00f60, 0x0000017cc9a01878]
Event: 34.958 Thread 0x0000017cdbf416d0 14091       2       org.jetbrains.kotlin.ir.declarations.lazy.IrLazyFunctionBase$DefaultImpls::createInitialSignatureFunction (13 bytes)
Event: 34.959 Thread 0x0000017cdbf416d0 nmethod 14091 0x0000017cc9a01e90 code [0x0000017cc9a02060, 0x0000017cc9a02210]
Event: 34.959 Thread 0x0000017cdbf416d0 14081       1       org.jetbrains.kotlin.ir.declarations.lazy.IrLazyFunction::getSymbol (5 bytes)
Event: 34.959 Thread 0x0000017cdbf416d0 nmethod 14081 0x0000017ccf530110 code [0x0000017ccf5302a0, 0x0000017ccf530368]
Event: 34.959 Thread 0x0000017cdbf416d0 14095       2       org.jetbrains.kotlin.ir.declarations.lazy.IrLazyFunctionBase$DefaultImpls$$Lambda/0x0000017c817c42c0::<init> (10 bytes)
Event: 34.959 Thread 0x0000017cdbf416d0 nmethod 14095 0x0000017cc9a02390 code [0x0000017cc9a02520, 0x0000017cc9a02670]
Event: 34.959 Thread 0x0000017cdbf416d0 14087       1       org.jetbrains.kotlin.ir.declarations.lazy.IrLazyProperty::getDescriptor (5 bytes)
Event: 34.959 Thread 0x0000017cdbf416d0 nmethod 14087 0x0000017ccf52fe10 code [0x0000017ccf52ffa0, 0x0000017ccf530068]
Event: 34.959 Thread 0x0000017cdbf416d0 14092       2       org.jetbrains.kotlin.ir.util.DeclarationStubGenerator::computeOrigin (23 bytes)
Event: 34.960 Thread 0x0000017cdbf416d0 nmethod 14092 0x0000017cc9a02710 code [0x0000017cc9a02900, 0x0000017cc9a02be0]
Event: 35.018 Thread 0x0000017cdbf416d0 14096       2       org.jetbrains.kotlin.codegen.intrinsics.IntrinsicsMap::registerIntrinsic (61 bytes)
Event: 35.019 Thread 0x0000017cdbf416d0 nmethod 14096 0x0000017cc9a02e10 code [0x0000017cc9a030c0, 0x0000017cc9a03818]
Event: 35.019 Thread 0x0000017cdbf416d0 14097       2       org.jetbrains.kotlin.codegen.intrinsics.IntrinsicsMap$Key::<init> (38 bytes)
Event: 35.020 Thread 0x0000017cdbf416d0 nmethod 14097 0x0000017cc9a03d10 code [0x0000017cc9a03f40, 0x0000017cc9a044d8]
Event: 35.020 Thread 0x0000017cdbf416d0 14098       2       org.jetbrains.kotlin.codegen.intrinsics.IntrinsicMethods::declareIntrinsicFunction (39 bytes)
Event: 35.020 Thread 0x0000017cdbf416d0 nmethod 14098 0x0000017cc9a04790 code [0x0000017cc9a04960, 0x0000017cc9a04b40]

GC Heap History (20 events):
Event: 12.445 GC heap before
{Heap before GC invocations=9 (full 0):
 garbage-first heap   total 106496K, used 89250K [0x000000008ac00000, 0x0000000100000000)
  region size 1024K, 44 young (45056K), 6 survivors (6144K)
 Metaspace       used 46628K, committed 47488K, reserved 1114112K
  class space    used 5808K, committed 6208K, reserved 1048576K
}
Event: 12.469 GC heap after
{Heap after GC invocations=10 (full 0):
 garbage-first heap   total 128000K, used 52168K [0x000000008ac00000, 0x0000000100000000)
  region size 1024K, 3 young (3072K), 3 survivors (3072K)
 Metaspace       used 46628K, committed 47488K, reserved 1114112K
  class space    used 5808K, committed 6208K, reserved 1048576K
}
Event: 16.955 GC heap before
{Heap before GC invocations=10 (full 0):
 garbage-first heap   total 128000K, used 105416K [0x000000008ac00000, 0x0000000100000000)
  region size 1024K, 55 young (56320K), 3 survivors (3072K)
 Metaspace       used 52208K, committed 53056K, reserved 1114112K
  class space    used 6301K, committed 6720K, reserved 1048576K
}
Event: 16.981 GC heap after
{Heap after GC invocations=11 (full 0):
 garbage-first heap   total 128000K, used 60228K [0x000000008ac00000, 0x0000000100000000)
  region size 1024K, 7 young (7168K), 7 survivors (7168K)
 Metaspace       used 52208K, committed 53056K, reserved 1114112K
  class space    used 6301K, committed 6720K, reserved 1048576K
}
Event: 20.087 GC heap before
{Heap before GC invocations=11 (full 0):
 garbage-first heap   total 128000K, used 108356K [0x000000008ac00000, 0x0000000100000000)
  region size 1024K, 54 young (55296K), 7 survivors (7168K)
 Metaspace       used 55316K, committed 56192K, reserved 1114112K
  class space    used 6508K, committed 6912K, reserved 1048576K
}
Event: 20.117 GC heap after
{Heap after GC invocations=12 (full 0):
 garbage-first heap   total 128000K, used 67056K [0x000000008ac00000, 0x0000000100000000)
  region size 1024K, 6 young (6144K), 6 survivors (6144K)
 Metaspace       used 55316K, committed 56192K, reserved 1114112K
  class space    used 6508K, committed 6912K, reserved 1048576K
}
Event: 20.665 GC heap before
{Heap before GC invocations=12 (full 0):
 garbage-first heap   total 128000K, used 80368K [0x000000008ac00000, 0x0000000100000000)
  region size 1024K, 20 young (20480K), 6 survivors (6144K)
 Metaspace       used 55647K, committed 56512K, reserved 1114112K
  class space    used 6527K, committed 6912K, reserved 1048576K
}
Event: 20.681 GC heap after
{Heap after GC invocations=13 (full 0):
 garbage-first heap   total 128000K, used 69003K [0x000000008ac00000, 0x0000000100000000)
  region size 1024K, 2 young (2048K), 2 survivors (2048K)
 Metaspace       used 55647K, committed 56512K, reserved 1114112K
  class space    used 6527K, committed 6912K, reserved 1048576K
}
Event: 22.979 GC heap before
{Heap before GC invocations=14 (full 0):
 garbage-first heap   total 128000K, used 112011K [0x000000008ac00000, 0x0000000100000000)
  region size 1024K, 43 young (44032K), 2 survivors (2048K)
 Metaspace       used 56405K, committed 57280K, reserved 1114112K
  class space    used 6550K, committed 6976K, reserved 1048576K
}
Event: 22.996 GC heap after
{Heap after GC invocations=15 (full 0):
 garbage-first heap   total 128000K, used 74752K [0x000000008ac00000, 0x0000000100000000)
  region size 1024K, 6 young (6144K), 6 survivors (6144K)
 Metaspace       used 56405K, committed 57280K, reserved 1114112K
  class space    used 6550K, committed 6976K, reserved 1048576K
}
Event: 25.529 GC heap before
{Heap before GC invocations=15 (full 0):
 garbage-first heap   total 128000K, used 115712K [0x000000008ac00000, 0x0000000100000000)
  region size 1024K, 44 young (45056K), 6 survivors (6144K)
 Metaspace       used 57022K, committed 57856K, reserved 1114112K
  class space    used 6580K, committed 6976K, reserved 1048576K
}
Event: 25.553 GC heap after
{Heap after GC invocations=16 (full 0):
 garbage-first heap   total 128000K, used 81600K [0x000000008ac00000, 0x0000000100000000)
  region size 1024K, 5 young (5120K), 5 survivors (5120K)
 Metaspace       used 57022K, committed 57856K, reserved 1114112K
  class space    used 6580K, committed 6976K, reserved 1048576K
}
Event: 27.465 GC heap before
{Heap before GC invocations=16 (full 0):
 garbage-first heap   total 128000K, used 115392K [0x000000008ac00000, 0x0000000100000000)
  region size 1024K, 38 young (38912K), 5 survivors (5120K)
 Metaspace       used 57440K, committed 58304K, reserved 1114112K
  class space    used 6609K, committed 7040K, reserved 1048576K
}
Event: 27.484 GC heap after
{Heap after GC invocations=17 (full 0):
 garbage-first heap   total 128000K, used 84939K [0x000000008ac00000, 0x0000000100000000)
  region size 1024K, 4 young (4096K), 4 survivors (4096K)
 Metaspace       used 57440K, committed 58304K, reserved 1114112K
  class space    used 6609K, committed 7040K, reserved 1048576K
}
Event: 29.471 GC heap before
{Heap before GC invocations=18 (full 0):
 garbage-first heap   total 143360K, used 116683K [0x000000008ac00000, 0x0000000100000000)
  region size 1024K, 35 young (35840K), 4 survivors (4096K)
 Metaspace       used 57892K, committed 58752K, reserved 1114112K
  class space    used 6642K, committed 7040K, reserved 1048576K
}
Event: 29.488 GC heap after
{Heap after GC invocations=19 (full 0):
 garbage-first heap   total 143360K, used 87833K [0x000000008ac00000, 0x0000000100000000)
  region size 1024K, 3 young (3072K), 3 survivors (3072K)
 Metaspace       used 57892K, committed 58752K, reserved 1114112K
  class space    used 6642K, committed 7040K, reserved 1048576K
}
Event: 31.840 GC heap before
{Heap before GC invocations=19 (full 0):
 garbage-first heap   total 143360K, used 129817K [0x000000008ac00000, 0x0000000100000000)
  region size 1024K, 44 young (45056K), 3 survivors (3072K)
 Metaspace       used 59168K, committed 60096K, reserved 1114112K
  class space    used 6758K, committed 7168K, reserved 1048576K
}
Event: 31.855 GC heap after
{Heap after GC invocations=20 (full 0):
 garbage-first heap   total 143360K, used 89855K [0x000000008ac00000, 0x0000000100000000)
  region size 1024K, 6 young (6144K), 6 survivors (6144K)
 Metaspace       used 59168K, committed 60096K, reserved 1114112K
  class space    used 6758K, committed 7168K, reserved 1048576K
}
Event: 33.393 GC heap before
{Heap before GC invocations=20 (full 0):
 garbage-first heap   total 143360K, used 131839K [0x000000008ac00000, 0x0000000100000000)
  region size 1024K, 47 young (48128K), 6 survivors (6144K)
 Metaspace       used 63807K, committed 64768K, reserved 1114112K
  class space    used 7229K, committed 7680K, reserved 1048576K
}
Event: 33.412 GC heap after
{Heap after GC invocations=21 (full 0):
 garbage-first heap   total 143360K, used 91947K [0x000000008ac00000, 0x0000000100000000)
  region size 1024K, 5 young (5120K), 5 survivors (5120K)
 Metaspace       used 63807K, committed 64768K, reserved 1114112K
  class space    used 7229K, committed 7680K, reserved 1048576K
}

Dll operation events (7 events):
Event: 0.019 Loaded shared library C:\Users\hp\.vscode\extensions\redhat.java-1.54.0-win32-x64\jre\21.0.10-win32-x86_64\bin\java.dll
Event: 0.135 Loaded shared library C:\Users\hp\.vscode\extensions\redhat.java-1.54.0-win32-x64\jre\21.0.10-win32-x86_64\bin\net.dll
Event: 0.139 Loaded shared library C:\Users\hp\.vscode\extensions\redhat.java-1.54.0-win32-x64\jre\21.0.10-win32-x86_64\bin\nio.dll
Event: 0.183 Loaded shared library C:\Users\hp\.vscode\extensions\redhat.java-1.54.0-win32-x64\jre\21.0.10-win32-x86_64\bin\zip.dll
Event: 0.234 Loaded shared library C:\Users\hp\.vscode\extensions\redhat.java-1.54.0-win32-x64\jre\21.0.10-win32-x86_64\bin\zip.dll
Event: 0.241 Loaded shared library C:\Users\hp\.vscode\extensions\redhat.java-1.54.0-win32-x64\jre\21.0.10-win32-x86_64\bin\jimage.dll
Event: 2.922 Loaded shared library C:\Users\hp\.vscode\extensions\redhat.java-1.54.0-win32-x64\jre\21.0.10-win32-x86_64\bin\verify.dll

Deoptimization events (20 events):
Event: 34.507 Thread 0x0000017cc2759200 DEOPT PACKING pc=0x0000017cc98f2644 sp=0x00000024423fd550
Event: 34.507 Thread 0x0000017cc2759200 DEOPT UNPACKING pc=0x0000017cceae4bc2 sp=0x00000024423fc9e0 mode 0
Event: 34.612 Thread 0x0000017cc2759200 Uncommon trap: trap_request=0xffffffde fr.pc=0x0000017ccf5e25ec relative=0x000000000000054c
Event: 34.612 Thread 0x0000017cc2759200 Uncommon trap: reason=class_check action=maybe_recompile pc=0x0000017ccf5e25ec method=kotlin.collections.CollectionsKt___CollectionsKt.toSet(Ljava/lang/Iterable;)Ljava/util/Set; @ 58 c2
Event: 34.612 Thread 0x0000017cc2759200 DEOPT PACKING pc=0x0000017ccf5e25ec sp=0x00000024423fdfb0
Event: 34.612 Thread 0x0000017cc2759200 DEOPT UNPACKING pc=0x0000017cceae4422 sp=0x00000024423fdf90 mode 2
Event: 34.614 Thread 0x0000017cc2759200 Uncommon trap: trap_request=0xffffffde fr.pc=0x0000017ccf5e25ec relative=0x000000000000054c
Event: 34.614 Thread 0x0000017cc2759200 Uncommon trap: reason=class_check action=maybe_recompile pc=0x0000017ccf5e25ec method=kotlin.collections.CollectionsKt___CollectionsKt.toSet(Ljava/lang/Iterable;)Ljava/util/Set; @ 58 c2
Event: 34.614 Thread 0x0000017cc2759200 DEOPT PACKING pc=0x0000017ccf5e25ec sp=0x00000024423fdfb0
Event: 34.614 Thread 0x0000017cc2759200 DEOPT UNPACKING pc=0x0000017cceae4422 sp=0x00000024423fdf90 mode 2
Event: 34.619 Thread 0x0000017cc2759200 Uncommon trap: trap_request=0xffffffde fr.pc=0x0000017ccf5e25ec relative=0x000000000000054c
Event: 34.619 Thread 0x0000017cc2759200 Uncommon trap: reason=class_check action=maybe_recompile pc=0x0000017ccf5e25ec method=kotlin.collections.CollectionsKt___CollectionsKt.toSet(Ljava/lang/Iterable;)Ljava/util/Set; @ 58 c2
Event: 34.619 Thread 0x0000017cc2759200 DEOPT PACKING pc=0x0000017ccf5e25ec sp=0x00000024423fdfb0
Event: 34.619 Thread 0x0000017cc2759200 DEOPT UNPACKING pc=0x0000017cceae4422 sp=0x00000024423fdf90 mode 2
Event: 34.636 Thread 0x0000017cc2759200 DEOPT PACKING pc=0x0000017cc83fe134 sp=0x00000024423fe0b0
Event: 34.636 Thread 0x0000017cc2759200 DEOPT UNPACKING pc=0x0000017cceae4bc2 sp=0x00000024423fd708 mode 0
Event: 34.888 Thread 0x0000017cc2759200 Uncommon trap: trap_request=0xffffff45 fr.pc=0x0000017ccf458e60 relative=0x0000000000000400
Event: 34.888 Thread 0x0000017cc2759200 Uncommon trap: reason=unstable_if action=reinterpret pc=0x0000017ccf458e60 method=kotlin.LazyKt__LazyJVMKt.lazy(Lkotlin/LazyThreadSafetyMode;Lkotlin/jvm/functions/Function0;)Lkotlin/Lazy; @ 21 c2
Event: 34.889 Thread 0x0000017cc2759200 DEOPT PACKING pc=0x0000017ccf458e60 sp=0x00000024423fe350
Event: 34.889 Thread 0x0000017cc2759200 DEOPT UNPACKING pc=0x0000017cceae4422 sp=0x00000024423fe310 mode 2

Classes loaded (20 events):
Event: 14.079 Loading class java/util/RegularEnumSet$EnumSetIterator
Event: 14.080 Loading class java/util/RegularEnumSet$EnumSetIterator done
Event: 17.724 Loading class java/util/Collections$2
Event: 17.724 Loading class java/util/Collections$2 done
Event: 28.853 Loading class java/util/regex/Pattern$Bound
Event: 28.856 Loading class java/util/regex/Pattern$Bound done
Event: 28.856 Loading class java/util/regex/Pattern$LookBehindEndNode
Event: 28.856 Loading class java/util/regex/Pattern$LookBehindEndNode done
Event: 28.856 Loading class java/util/regex/Pattern$NotBehind
Event: 28.856 Loading class java/util/regex/Pattern$NotBehind done
Event: 32.812 Loading class java/text/MessageFormat
Event: 32.814 Loading class java/text/MessageFormat done
Event: 32.829 Loading class jdk/internal/reflect/MethodHandleBooleanFieldAccessorImpl
Event: 32.830 Loading class jdk/internal/reflect/MethodHandleBooleanFieldAccessorImpl done
Event: 32.900 Loading class java/text/ChoiceFormat
Event: 32.906 Loading class java/text/ChoiceFormat done
Event: 32.925 Loading class java/lang/invoke/DirectMethodHandle$1
Event: 32.926 Loading class java/lang/invoke/DirectMethodHandle$1 done
Event: 32.940 Loading class java/text/MessageFormat$Field
Event: 32.940 Loading class java/text/MessageFormat$Field done

Classes unloaded (0 events):
No events

Classes redefined (0 events):
No events

Internal exceptions (20 events):
Event: 31.557 Thread 0x0000017cc2759200 Implicit null exception at 0x0000017ccf0d573a to 0x0000017ccf0d59a8
Event: 32.831 Thread 0x0000017cc2759200 Exception <a 'java/lang/NoSuchMethodError'{0x000000009142abe0}: 'void java.lang.invoke.Invokers$Holder.invokeExact_MT(java.lang.Object, java.lang.Object, java.lang.Object, java.lang.Object)'> (0x000000009142abe0) 
thrown [s\src\hotspot\share\interpreter\linkResolver.cpp, line 773]
Event: 33.141 Thread 0x0000017cc2759200 Exception <a 'java/lang/NoSuchMethodError'{0x0000000090c676e0}: 'java.lang.Object java.lang.invoke.DirectMethodHandle$Holder.newInvokeSpecial(java.lang.Object, java.lang.Object, java.lang.Object, java.lang.Object, java.lang.Object, int, java.lang.Object)'> (0x0000000090c676e0) 
thrown [s\src\hotspot\share\interpreter\linkResolver.cpp, line 773]
Event: 33.142 Thread 0x0000017cc2759200 Exception <a 'java/lang/NoSuchMethodError'{0x0000000090c6b8f8}: 'java.lang.Object java.lang.invoke.DirectMethodHandle$Holder.invokeSpecial(java.lang.Object, java.lang.Object, java.lang.Object, java.lang.Object, java.lang.Object, java.lang.Object, int, java.lang.Object)'> (0x0000000090c6b8f8) 
thrown [s\src\hotspot\share\interpreter\linkResolver.cpp, line 773]
Event: 33.143 Thread 0x0000017cc2759200 Exception <a 'java/lang/NoSuchMethodError'{0x0000000090c6f4a0}: 'java.lang.Object java.lang.invoke.Invokers$Holder.linkToTargetMethod(java.lang.Object, java.lang.Object, java.lang.Object, java.lang.Object, int, java.lang.Object, java.lang.Object)'> (0x0000000090c6f4a0) 
thrown [s\src\hotspot\share\interpreter\linkResolver.cpp, line 773]
Event: 33.276 Thread 0x0000017cc2759200 Exception <a 'java/lang/NoSuchMethodError'{0x000000009089eb80}: 'java.lang.Object java.lang.invoke.DirectMethodHandle$Holder.newInvokeSpecial(java.lang.Object, java.lang.Object, int, int, java.lang.Object, java.lang.Object, java.lang.Object)'> (0x000000009089eb80) 
thrown [s\src\hotspot\share\interpreter\linkResolver.cpp, line 773]
Event: 33.317 Thread 0x0000017cc2759200 Exception <a 'java/lang/NoSuchMethodError'{0x0000000090626f98}: 'java.lang.Object java.lang.invoke.DirectMethodHandle$Holder.newInvokeSpecial(java.lang.Object, java.lang.Object, int, int, java.lang.Object, java.lang.Object, java.lang.Object, java.lang.Object)'> (0x0000000090626f98) 
thrown [s\src\hotspot\share\interpreter\linkResolver.cpp, line 773]
Event: 33.329 Thread 0x0000017cc2759200 Exception <a 'java/lang/NoSuchMethodError'{0x0000000090677ba0}: 'java.lang.Object java.lang.invoke.DirectMethodHandle$Holder.invokeStatic(java.lang.Object, java.lang.Object, java.lang.Object, int, int, java.lang.Object, java.lang.Object)'> (0x0000000090677ba0) 
thrown [s\src\hotspot\share\interpreter\linkResolver.cpp, line 773]
Event: 33.330 Thread 0x0000017cc2759200 Exception <a 'java/lang/NoSuchMethodError'{0x0000000090680628}: 'java.lang.Object java.lang.invoke.DirectMethodHandle$Holder.newInvokeSpecial(java.lang.Object, java.lang.Object, java.lang.Object, int, int, java.lang.Object)'> (0x0000000090680628) 
thrown [s\src\hotspot\share\interpreter\linkResolver.cpp, line 773]
Event: 33.331 Thread 0x0000017cc2759200 Exception <a 'java/lang/NoSuchMethodError'{0x0000000090687ad0}: 'java.lang.Object java.lang.invoke.Invokers$Holder.linkToTargetMethod(java.lang.Object, java.lang.Object, int, int, java.lang.Object, java.lang.Object)'> (0x0000000090687ad0) 
thrown [s\src\hotspot\share\interpreter\linkResolver.cpp, line 773]
Event: 33.361 Thread 0x0000017cc2759200 Exception <a 'java/lang/NoSuchMethodError'{0x0000000090550a28}: 'java.lang.Object java.lang.invoke.DirectMethodHandle$Holder.newInvokeSpecial(java.lang.Object, java.lang.Object, java.lang.Object, int, int, java.lang.Object, java.lang.Object)'> (0x0000000090550a28) 
thrown [s\src\hotspot\share\interpreter\linkResolver.cpp, line 773]
Event: 33.362 Thread 0x0000017cc2759200 Exception <a 'java/lang/NoSuchMethodError'{0x0000000090558220}: 'java.lang.Object java.lang.invoke.Invokers$Holder.linkToTargetMethod(java.lang.Object, java.lang.Object, int, int, java.lang.Object, java.lang.Object, java.lang.Object)'> (0x0000000090558220) 
thrown [s\src\hotspot\share\interpreter\linkResolver.cpp, line 773]
Event: 33.374 Thread 0x0000017cc2759200 Exception <a 'java/lang/NoSuchMethodError'{0x0000000090599a90}: 'java.lang.Object java.lang.invoke.DirectMethodHandle$Holder.newInvokeSpecial(java.lang.Object, java.lang.Object, java.lang.Object, int, int, java.lang.Object, java.lang.Object, java.lang.Object, java.lang.Object)'> (0x0000000090599a90) 
thrown [s\src\hotspot\share\interpreter\linkResolver.cpp, line 773]
Event: 33.375 Thread 0x0000017cc2759200 Exception <a 'java/lang/NoSuchMethodError'{0x00000000905a1e10}: 'java.lang.Object java.lang.invoke.Invokers$Holder.linkToTargetMethod(java.lang.Object, java.lang.Object, int, int, java.lang.Object, java.lang.Object, java.lang.Object, java.lang.Object, java.lang.Object)'> (0x00000000905a1e10) 
thrown [s\src\hotspot\share\interpreter\linkResolver.cpp, line 773]
Event: 33.771 Thread 0x0000017cc2759200 Exception <a 'java/lang/NoSuchMethodError'{0x0000000093618768}: 'java.lang.Object java.lang.invoke.DirectMethodHandle$Holder.invokeStatic(java.lang.Object, java.lang.Object, java.lang.Object, int, int, java.lang.Object, java.lang.Object, java.lang.Object)'> (0x0000000093618768) 
thrown [s\src\hotspot\share\interpreter\linkResolver.cpp, line 773]
Event: 33.773 Thread 0x0000017cc2759200 Exception <a 'java/lang/NoSuchMethodError'{0x0000000093620250}: 'java.lang.Object java.lang.invoke.DirectMethodHandle$Holder.newInvokeSpecial(java.lang.Object, java.lang.Object, java.lang.Object, int, int)'> (0x0000000093620250) 
thrown [s\src\hotspot\share\interpreter\linkResolver.cpp, line 773]
Event: 33.774 Thread 0x0000017cc2759200 Exception <a 'java/lang/NoSuchMethodError'{0x0000000093623df0}: 'java.lang.Object java.lang.invoke.DirectMethodHandle$Holder.invokeSpecial(java.lang.Object, java.lang.Object, java.lang.Object, java.lang.Object, int, int)'> (0x0000000093623df0) 
thrown [s\src\hotspot\share\interpreter\linkResolver.cpp, line 773]
Event: 33.774 Thread 0x0000017cc2759200 Exception <a 'java/lang/NoSuchMethodError'{0x0000000093627580}: 'java.lang.Object java.lang.invoke.Invokers$Holder.linkToTargetMethod(java.lang.Object, java.lang.Object, int, int, java.lang.Object)'> (0x0000000093627580) 
thrown [s\src\hotspot\share\interpreter\linkResolver.cpp, line 773]
Event: 33.899 Thread 0x0000017cc2759200 Exception <a 'java/lang/NoSuchMethodError'{0x0000000093590ec8}: 'java.lang.Object java.lang.invoke.DirectMethodHandle$Holder.newInvokeSpecial(java.lang.Object, int, int, java.lang.Object, java.lang.Object, java.lang.Object, java.lang.Object, java.lang.Object)'> (0x0000000093590ec8) 
thrown [s\src\hotspot\share\interpreter\linkResolver.cpp, line 773]
Event: 33.900 Thread 0x0000017cc2759200 Exception <a 'java/lang/NoSuchMethodError'{0x0000000093595680}: 'java.lang.Object java.lang.invoke.DirectMethodHandle$Holder.invokeSpecial(java.lang.Object, java.lang.Object, int, int, java.lang.Object, java.lang.Object, java.lang.Object, java.lang.Object, java.lang.Object)'> (0x0000000093595680) 
thrown [s\src\hotspot\share\interpreter\linkResolver.cpp, line 773]

ZGC Phase Switch (0 events):
No events

VM Operations (20 events):
Event: 34.604 Executing safepoint VM operation: ICBufferFull
Event: 34.605 Executing safepoint VM operation: ICBufferFull done
Event: 34.635 Executing non-safepoint VM operation: HandshakeAllThreads (Deoptimize)
Event: 34.635 Executing non-safepoint VM operation: HandshakeAllThreads (Deoptimize) done
Event: 34.753 Executing safepoint VM operation: ICBufferFull
Event: 34.754 Executing safepoint VM operation: ICBufferFull done
Event: 34.856 Executing non-safepoint VM operation: HandshakeAllThreads (Deoptimize)
Event: 34.856 Executing non-safepoint VM operation: HandshakeAllThreads (Deoptimize) done
Event: 34.885 Executing non-safepoint VM operation: HandshakeAllThreads (Deoptimize)
Event: 34.885 Executing non-safepoint VM operation: HandshakeAllThreads (Deoptimize) done
Event: 34.903 Executing non-safepoint VM operation: HandshakeAllThreads (Deoptimize)
Event: 34.903 Executing non-safepoint VM operation: HandshakeAllThreads (Deoptimize) done
Event: 34.912 Executing non-safepoint VM operation: HandshakeAllThreads (Deoptimize)
Event: 34.913 Executing non-safepoint VM operation: HandshakeAllThreads (Deoptimize) done
Event: 34.928 Executing non-safepoint VM operation: HandshakeAllThreads (Deoptimize)
Event: 34.928 Executing non-safepoint VM operation: HandshakeAllThreads (Deoptimize) done
Event: 34.991 Executing non-safepoint VM operation: HandshakeAllThreads (Deoptimize)
Event: 34.991 Executing non-safepoint VM operation: HandshakeAllThreads (Deoptimize) done
Event: 34.993 Executing safepoint VM operation: ICBufferFull
Event: 34.993 Executing safepoint VM operation: ICBufferFull done

Memory protections (0 events):
No events

Nmethod flushes (20 events):
Event: 33.580 Thread 0x0000017cdbf08c50 flushing  nmethod 0x0000017cc8903190
Event: 33.580 Thread 0x0000017cdbf08c50 flushing  nmethod 0x0000017cc89d5110
Event: 33.580 Thread 0x0000017cdbf08c50 flushing  nmethod 0x0000017cc89ef910
Event: 33.580 Thread 0x0000017cdbf08c50 flushing  nmethod 0x0000017cc89efc90
Event: 33.580 Thread 0x0000017cdbf08c50 flushing  nmethod 0x0000017cc8b3af10
Event: 33.580 Thread 0x0000017cdbf08c50 flushing  nmethod 0x0000017cc8b3ba90
Event: 33.580 Thread 0x0000017cdbf08c50 flushing  nmethod 0x0000017cc8ca3a90
Event: 33.580 Thread 0x0000017cdbf08c50 flushing  nmethod 0x0000017cc8d08710
Event: 33.580 Thread 0x0000017cdbf08c50 flushing  nmethod 0x0000017cc8e1a310
Event: 33.580 Thread 0x0000017cdbf08c50 flushing  nmethod 0x0000017cc8e1c190
Event: 33.580 Thread 0x0000017cdbf08c50 flushing  nmethod 0x0000017cc8e53b10
Event: 33.580 Thread 0x0000017cdbf08c50 flushing  nmethod 0x0000017cc8e5b090
Event: 33.580 Thread 0x0000017cdbf08c50 flushing  nmethod 0x0000017cc8e98690
Event: 33.580 Thread 0x0000017cdbf08c50 flushing  nmethod 0x0000017cc9156490
Event: 33.580 Thread 0x0000017cdbf08c50 flushing  nmethod 0x0000017cc9250610
Event: 33.580 Thread 0x0000017cdbf08c50 flushing  nmethod 0x0000017cc92a7a90
Event: 33.580 Thread 0x0000017cdbf08c50 flushing  nmethod 0x0000017cc92ad390
Event: 33.580 Thread 0x0000017cdbf08c50 flushing  nmethod 0x0000017cc92c0d90
Event: 33.580 Thread 0x0000017cdbf08c50 flushing  nmethod 0x0000017cc92c1190
Event: 33.580 Thread 0x0000017cdbf08c50 flushing  nmethod 0x0000017cc95e4e90

Events (20 events):
Event: 0.074 Thread 0x0000017cc2759200 Thread added: 0x0000017cdbf3c580
Event: 0.075 Thread 0x0000017cc2759200 Thread added: 0x0000017cdbf416d0
Event: 0.123 Thread 0x0000017cc2759200 Thread added: 0x0000017ce00ffb40
Event: 0.126 Thread 0x0000017cc2759200 Thread added: 0x0000017ce0105390
Event: 0.167 Thread 0x0000017cdbf3c580 Thread added: 0x0000017ce01140f0
Event: 0.167 Thread 0x0000017cdbf3c580 Thread added: 0x0000017ce0113350
Event: 0.802 Thread 0x0000017ce0113350 Thread exited: 0x0000017ce0113350
Event: 0.905 Thread 0x0000017ce01140f0 Thread exited: 0x0000017ce01140f0
Event: 3.203 Thread 0x0000017cdbf416d0 Thread added: 0x0000017ce05bac10
Event: 3.224 Thread 0x0000017cdbf416d0 Thread added: 0x0000017ce05b90d0
Event: 4.120 Thread 0x0000017ce05b90d0 Thread exited: 0x0000017ce05b90d0
Event: 4.281 Thread 0x0000017cdbf3c580 Thread added: 0x0000017ce05bb2e0
Event: 4.543 Thread 0x0000017ce05bb2e0 Thread exited: 0x0000017ce05bb2e0
Event: 4.543 Thread 0x0000017ce05bac10 Thread exited: 0x0000017ce05bac10
Event: 5.788 Thread 0x0000017cdbf416d0 Thread added: 0x0000017ce05b9e70
Event: 5.902 Thread 0x0000017ce05b9e70 Thread exited: 0x0000017ce05b9e70
Event: 8.550 Thread 0x0000017cdbf416d0 Thread added: 0x0000017ce05b8a00
Event: 16.453 Thread 0x0000017ce05b8a00 Thread exited: 0x0000017ce05b8a00
Event: 16.682 Thread 0x0000017cdbf416d0 Thread added: 0x0000017ce6d753a0
Event: 26.625 Thread 0x0000017ce6d753a0 Thread exited: 0x0000017ce6d753a0


Dynamic libraries:
0x00007ff77f1f0000 - 0x00007ff77f1fe000 	C:\Users\hp\.vscode\extensions\redhat.java-1.54.0-win32-x64\jre\21.0.10-win32-x86_64\bin\java.exe
0x00007ff9b25e0000 - 0x00007ff9b2847000 	C:\WINDOWS\SYSTEM32\ntdll.dll
0x00007ff9b0b60000 - 0x00007ff9b0c29000 	C:\WINDOWS\System32\KERNEL32.DLL
0x00007ff9afec0000 - 0x00007ff9b02b4000 	C:\WINDOWS\System32\KERNELBASE.dll
0x00007ff9af940000 - 0x00007ff9afa8b000 	C:\WINDOWS\System32\ucrtbase.dll
0x00007ff91f6a0000 - 0x00007ff91f6b8000 	C:\Users\hp\.vscode\extensions\redhat.java-1.54.0-win32-x64\jre\21.0.10-win32-x86_64\bin\jli.dll
0x00007ff91fc20000 - 0x00007ff91fc3e000 	C:\Users\hp\.vscode\extensions\redhat.java-1.54.0-win32-x64\jre\21.0.10-win32-x86_64\bin\VCRUNTIME140.dll
0x00007ff9b0600000 - 0x00007ff9b07c5000 	C:\WINDOWS\System32\USER32.dll
0x00007ff9aef70000 - 0x00007ff9aef97000 	C:\WINDOWS\System32\win32u.dll
0x00007ff999e50000 - 0x00007ff99a0e3000 	C:\WINDOWS\WinSxS\amd64_microsoft.windows.common-controls_6595b64144ccf1df_6.0.26100.8115_none_3e075c82e3354f9c\COMCTL32.dll
0x00007ff9b1990000 - 0x00007ff9b19bb000 	C:\WINDOWS\System32\GDI32.dll
0x00007ff9b0370000 - 0x00007ff9b0419000 	C:\WINDOWS\System32\msvcrt.dll
0x00007ff9aefa0000 - 0x00007ff9af0cb000 	C:\WINDOWS\System32\gdi32full.dll
0x00007ff9b02c0000 - 0x00007ff9b0363000 	C:\WINDOWS\System32\msvcp_win.dll
0x00007ff9b0b20000 - 0x00007ff9b0b52000 	C:\WINDOWS\System32\IMM32.DLL
0x00007ff977fb0000 - 0x00007ff977fbc000 	C:\Users\hp\.vscode\extensions\redhat.java-1.54.0-win32-x64\jre\21.0.10-win32-x86_64\bin\vcruntime140_1.dll
0x00007ff91f610000 - 0x00007ff91f69d000 	C:\Users\hp\.vscode\extensions\redhat.java-1.54.0-win32-x64\jre\21.0.10-win32-x86_64\bin\msvcp140.dll
0x00007ff90ea20000 - 0x00007ff90f7c1000 	C:\Users\hp\.vscode\extensions\redhat.java-1.54.0-win32-x64\jre\21.0.10-win32-x86_64\bin\server\jvm.dll
0x00007ff9b0d10000 - 0x00007ff9b0dc6000 	C:\WINDOWS\System32\ADVAPI32.dll
0x00007ff9b14e0000 - 0x00007ff9b1587000 	C:\WINDOWS\System32\sechost.dll
0x00007ff9b0eb0000 - 0x00007ff9b0fc8000 	C:\WINDOWS\System32\RPCRT4.dll
0x00007ff9b0a90000 - 0x00007ff9b0b10000 	C:\WINDOWS\System32\WS2_32.dll
0x00007ff9aed10000 - 0x00007ff9aed6e000 	C:\WINDOWS\SYSTEM32\POWRPROF.dll
0x00007ff9a9660000 - 0x00007ff9a9696000 	C:\WINDOWS\SYSTEM32\WINMM.dll
0x00007ff9a96a0000 - 0x00007ff9a96ab000 	C:\WINDOWS\SYSTEM32\VERSION.dll
0x00007ff9aecf0000 - 0x00007ff9aed04000 	C:\WINDOWS\SYSTEM32\UMPDC.dll
0x00007ff9adc40000 - 0x00007ff9adc5b000 	C:\WINDOWS\SYSTEM32\kernel.appcore.dll
0x00007ff970340000 - 0x00007ff97034a000 	C:\Users\hp\.vscode\extensions\redhat.java-1.54.0-win32-x64\jre\21.0.10-win32-x86_64\bin\jimage.dll
0x00007ff9a3230000 - 0x00007ff9a3472000 	C:\WINDOWS\SYSTEM32\DBGHELP.DLL
0x00007ff9b1600000 - 0x00007ff9b1982000 	C:\WINDOWS\System32\combase.dll
0x00007ff9b0dd0000 - 0x00007ff9b0ea8000 	C:\WINDOWS\System32\OLEAUT32.dll
0x00007ff9906a0000 - 0x00007ff9906db000 	C:\WINDOWS\SYSTEM32\dbgcore.DLL
0x00007ff9afa90000 - 0x00007ff9afb35000 	C:\WINDOWS\System32\bcryptPrimitives.dll
0x00007ff91f5c0000 - 0x00007ff91f5e0000 	C:\Users\hp\.vscode\extensions\redhat.java-1.54.0-win32-x64\jre\21.0.10-win32-x86_64\bin\java.dll
0x00007ff9b19c0000 - 0x00007ff9b2127000 	C:\WINDOWS\System32\SHELL32.dll
0x00007ff9afcc0000 - 0x00007ff9afe2a000 	C:\WINDOWS\System32\wintypes.dll
0x00007ff9af0d0000 - 0x00007ff9af938000 	C:\WINDOWS\System32\windows.storage.dll
0x00007ff9b0420000 - 0x00007ff9b0518000 	C:\WINDOWS\System32\SHCORE.dll
0x00007ff9b1590000 - 0x00007ff9b15f6000 	C:\WINDOWS\System32\shlwapi.dll
0x00007ff9aedd0000 - 0x00007ff9aedf9000 	C:\WINDOWS\SYSTEM32\profapi.dll
0x00007ff96d290000 - 0x00007ff96d2a0000 	C:\Users\hp\.vscode\extensions\redhat.java-1.54.0-win32-x64\jre\21.0.10-win32-x86_64\bin\net.dll
0x00007ff9a6170000 - 0x00007ff9a629d000 	C:\WINDOWS\SYSTEM32\WINHTTP.dll
0x00007ff9ae1b0000 - 0x00007ff9ae21c000 	C:\WINDOWS\system32\mswsock.dll
0x00007ff91f560000 - 0x00007ff91f576000 	C:\Users\hp\.vscode\extensions\redhat.java-1.54.0-win32-x64\jre\21.0.10-win32-x86_64\bin\nio.dll
0x00007ff91f5a0000 - 0x00007ff91f5b8000 	C:\Users\hp\.vscode\extensions\redhat.java-1.54.0-win32-x64\jre\21.0.10-win32-x86_64\bin\zip.dll
0x00007ff9a1cc0000 - 0x00007ff9a1cd0000 	C:\Users\hp\.vscode\extensions\redhat.java-1.54.0-win32-x64\jre\21.0.10-win32-x86_64\bin\verify.dll

JVMTI agents: none

dbghelp: loaded successfully - version: 4.0.5 - missing functions: none
symbol engine: initialized successfully - sym options: 0x614 - pdb path: .;C:\Users\hp\.vscode\extensions\redhat.java-1.54.0-win32-x64\jre\21.0.10-win32-x86_64\bin;C:\WINDOWS\SYSTEM32;C:\WINDOWS\WinSxS\amd64_microsoft.windows.common-controls_6595b64144ccf1df_6.0.26100.8115_none_3e075c82e3354f9c;C:\Users\hp\.vscode\extensions\redhat.java-1.54.0-win32-x64\jre\21.0.10-win32-x86_64\bin\server

VM Arguments:
java_command: org.jetbrains.kotlin.cli.jvm.K2JVMCompiler @D:\NaufalData\Koding\Flutter\flutter\packages\flutter_tools\gradle\build\20260424_780694239938426492.compiler.options
java_class_path (initial): C:\Users\hp\.gradle\caches\modules-2\files-2.1\org.jetbrains.kotlin\kotlin-compiler-embeddable\2.0.21\79346ed53db48b18312a472602eb5c057070c54d\kotlin-compiler-embeddable-2.0.21.jar;C:\Users\hp\.gradle\caches\modules-2\files-2.1\org.jetbrains.kotlin\kotlin-stdlib\2.0.21\618b539767b4899b4660a83006e052b63f1db551\kotlin-stdlib-2.0.21.jar;C:\Users\hp\.gradle\caches\modules-2\files-2.1\org.jetbrains.kotlin\kotlin-script-runtime\2.0.21\c9b044380ad41f89aa89aa896c2d32a8c0b2129d\kotlin-script-runtime-2.0.21.jar;C:\Users\hp\.gradle\caches\modules-2\files-2.1\org.jetbrains.kotlin\kotlin-reflect\1.6.10\1cbe9c92c12a94eea200d23c2bbaedaf3daf5132\kotlin-reflect-1.6.10.jar;C:\Users\hp\.gradle\caches\modules-2\files-2.1\org.jetbrains.kotlin\kotlin-daemon-embeddable\2.0.21\c9e933b23287de9b5a17e2116b4657bb91aea72c\kotlin-daemon-embeddable-2.0.21.jar;C:\Users\hp\.gradle\caches\modules-2\files-2.1\org.jetbrains.intellij.deps\trove4j\1.0.20200330\3afb14d5f9ceb459d724e907a21145e8ff394f02\trove4j-1.0.20200330.jar;C:\Users\hp\.gradle\caches\modules-2\files-2.1\org.jetbrains.kotlinx\kotlinx-coroutines-core-jvm\1.6.4\2c997cd1c0ef33f3e751d3831929aeff1390cb30\kotlinx-coroutines-core-jvm-1.6.4.jar;C:\Users\hp\.gradle\caches\modules-2\files-2.1\org.jetbrains\annotations\13.0\919f0dfe192fb4e063e7dacadee7f8bb9a2672a9\annotations-13.0.jar
Launcher Type: SUN_STANDARD

[Global flags]
     intx CICompilerCount                          = 4                                         {product} {ergonomic}
     uint ConcGCThreads                            = 2                                         {product} {ergonomic}
     uint G1ConcRefinementThreads                  = 8                                         {product} {ergonomic}
   size_t G1HeapRegionSize                         = 1048576                                   {product} {ergonomic}
    uintx GCDrainStackTargetSize                   = 64                                        {product} {ergonomic}
   size_t InitialHeapSize                          = 123731968                                 {product} {ergonomic}
   size_t MarkStackSize                            = 4194304                                   {product} {ergonomic}
   size_t MaxHeapSize                              = 1967128576                                {product} {ergonomic}
   size_t MaxNewSize                               = 1179648000                                {product} {ergonomic}
   size_t MinHeapDeltaBytes                        = 1048576                                   {product} {ergonomic}
   size_t MinHeapSize                              = 8388608                                   {product} {ergonomic}
    uintx NonNMethodCodeHeapSize                   = 5839372                                {pd product} {ergonomic}
    uintx NonProfiledCodeHeapSize                  = 122909434                              {pd product} {ergonomic}
    uintx ProfiledCodeHeapSize                     = 122909434                              {pd product} {ergonomic}
    uintx ReservedCodeCacheSize                    = 251658240                              {pd product} {ergonomic}
     bool SegmentedCodeCache                       = true                                      {product} {ergonomic}
   size_t SoftMaxHeapSize                          = 1967128576                             {manageable} {ergonomic}
     bool UseCompressedOops                        = true                           {product lp64_product} {ergonomic}
     bool UseG1GC                                  = true                                      {product} {ergonomic}
     bool UseLargePagesIndividualAllocation        = false                                  {pd product} {ergonomic}

Logging:
Log output configuration:
 #0: stdout all=warning uptime,level,tags foldmultilines=false
 #1: stderr all=off uptime,level,tags foldmultilines=false

Release file:
JAVA_VERSION="21.0.10" 
MODULES="java.base java.compiler java.datatransfer java.xml java.prefs java.desktop java.instrument java.logging java.management java.security.sasl java.naming java.rmi java.management.rmi java.net.http java.scripting java.security.jgss java.transaction.xa java.sql java.sql.rowset java.xml.crypto java.se java.smartcardio jdk.accessibility jdk.internal.jvmstat jdk.attach jdk.charsets jdk.internal.opt jdk.zipfs jdk.compiler jdk.crypto.ec jdk.crypto.cryptoki jdk.crypto.mscapi jdk.dynalink jdk.internal.ed jdk.editpad jdk.hotspot.agent jdk.httpserver jdk.internal.le jdk.internal.vm.ci jdk.internal.vm.compiler jdk.internal.vm.compiler.management jdk.jartool jdk.javadoc jdk.jcmd jdk.management jdk.management.agent jdk.jconsole jdk.jdeps jdk.jdwp.agent jdk.jdi jdk.jfr jdk.jshell jdk.jsobject jdk.jstatd jdk.localedata jdk.management.jfr jdk.naming.dns jdk.naming.rmi jdk.net jdk.nio.mapmode jdk.random jdk.sctp jdk.security.auth jdk.security.jgss jdk.unsupported jdk.unsupported.desktop jdk.xml.dom" 

Environment Variables:
JAVA_HOME=C:\Program Files\Java\jdk-17
PATH=C:\Users\hp\AppData\Local\Programs\Microsoft VS Code;C:\Program Files\Common Files\Oracle\Java\javapath;C:\Program Files (x86)\Common Files\Oracle\Java\javapath;C:\windows\system32;C:\windows;C:\windows\System32\Wbem;C:\windows\System32\WindowsPowerShell\v1.0\;C:\windows\System32\OpenSSH\;C:\Program Files\Microsoft SQL Server\150\Tools\Binn\;C:\Program Files\Microsoft SQL Server\Client SDK\ODBC\170\Tools\Binn\;C:\Program Files (x86)\dotnet\;C:\Program Files\nodejs\;C:\Program Files\Go\bin;C:\xampp\php;C:\Program Files\Git\cmd;C:\Program Files (x86)\Microsoft SQL Server\160\Tools\Binn\;C:\Program Files\Microsoft SQL Server\160\Tools\Binn\;C:\Program Files\Microsoft SQL Server\160\DTS\Binn\;C:\ProgramData\ComposerSetup\bin;C:\Program Files (x86)\Microsoft SQL Server\150\Tools\Binn\;C:\Program Files\Microsoft SQL Server\150\DTS\Binn\;C:\Program Files\Azure Data Studio\bin;D:\Naufal Data\PKL\Dev\flutter\bin;C:\MinGW\bin;C:\WINDOWS\system32;C:\WINDOWS;C:\WINDOWS\System32\Wbem;C:\WINDOWS\System32\WindowsPowerShell\v1.0\;C:\WINDOWS\System32\OpenSSH\;C:\Program Files\dotnet\;JAVA_HOME;C:\src\Android\SDK\cmdline-tools\tools\bin;C:\Program Files\Java\jdk-17;D:\NaufalData\PKL\JDK\jdk-21.0.1\bin;C:\Users\hp\.dotnet\tools;C:\Program Files\Java\scripts;C:\Users\hp\AppData\Local\Microsoft\WindowsApps;C:\Users\hp\AppData\Local\Programs\Microsoft VS Code\bin;C:\Users\hp\AppData\Roaming\npm;C:\Users\hp\go\bin;C:\Users\hp\AppData\Roaming\Composer\vendor\bin;D:\NaufalData\Koding\Flutter\flutter\bin;C:\Users\hp\AppData\Local\spicetify;C:\Users\hp\AppData\Local\Microsoft\WindowsApps;C:\zig-windows-x86_64-0.13.0;C:\Users\hp\AppData\Local\GitHubDesktop\bin;C:\Users\hp\.dotnet\tools;C:\Users\hp\AppData\Local\Programs\Antigravity\bin;C:\src\Android\SDK\cmdline-tools\latest\bin;C:\src\Android\SDK\platform-tools;C:\Users\hp\AppData\Local\Python\bin;C:\Users\hp\AppData\Local\Python\bin\python.exe;C:\Users\hp\AppData\Local\Python\pythoncore-3.14-64\Scripts;C:\Program Files (x86)\MongoDB Atlas CLI\;C:\Users\hp\AppData\Local\Microsoft\WinGet\Packages\Genymobile.scrcpy_Microsoft.Winget.Source_8wekyb3d8bbwe\scrcpy-win64-v3.3.4
USERNAME=hp
OS=Windows_NT
PROCESSOR_IDENTIFIER=AMD64 Family 23 Model 104 Stepping 1, AuthenticAMD
TMP=C:\Users\hp\AppData\Local\Temp
TEMP=C:\Users\hp\AppData\Local\Temp




Periodic native trim disabled

---------------  S Y S T E M  ---------------

OS:
 Windows 11 , 64 bit Build 26100 (10.0.26100.8246)
OS uptime: 0 days 9:11 hours
Hyper-V role detected

CPU: total 8 (initial active 8) (8 cores per cpu, 2 threads per core) family 23 model 104 stepping 1 microcode 0x8608104, cx8, cmov, fxsr, ht, mmx, 3dnowpref, sse, sse2, sse3, ssse3, sse4a, sse4.1, sse4.2, popcnt, lzcnt, tsc, tscinvbit, avx, avx2, aes, clmul, bmi1, bmi2, adx, sha, fma, vzeroupper, clflush, clflushopt, hv, rdtscp, rdpid, f16c
Processor Information for processor 0
  Max Mhz: 2600, Current Mhz: 1896, Mhz Limit: 2600
Processor Information for processor 1
  Max Mhz: 2600, Current Mhz: 1896, Mhz Limit: 2600
Processor Information for processor 2
  Max Mhz: 2600, Current Mhz: 1789, Mhz Limit: 2600
Processor Information for processor 3
  Max Mhz: 2600, Current Mhz: 1896, Mhz Limit: 2600
Processor Information for processor 4
  Max Mhz: 2600, Current Mhz: 1896, Mhz Limit: 2600
Processor Information for processor 5
  Max Mhz: 2600, Current Mhz: 1896, Mhz Limit: 2600
Processor Information for processor 6
  Max Mhz: 2600, Current Mhz: 1896, Mhz Limit: 2600
Processor Information for processor 7
  Max Mhz: 2600, Current Mhz: 1896, Mhz Limit: 2600

Memory: 4k page, system-wide physical 7502M (582M free)
TotalPageFile size 15052M (AvailPageFile size 26M)
current process WorkingSet (physical memory assigned to process): 379M, peak: 381M
current process commit charge ("private bytes"): 413M, peak: 414M

vm_info: OpenJDK 64-Bit Server VM (21.0.10+7-LTS) for windows-amd64 JRE (21.0.10+7-LTS), built on 2026-01-20T00:00:00Z by "admin" with MS VC++ 17.12 (VS2022)

END.
