#
# There is insufficient memory for the Java Runtime Environment to continue.
# Native memory allocation (mmap) failed to map 8388608 bytes for G1 virtual space
# Possible reasons:
#   The system is out of physical RAM or swap space
#   The process is running with CompressedOops enabled, and the Java Heap may be blocking the growth of the native heap
# Possible solutions:
#   Reduce memory load on the system
#   Increase physical memory or swap space
#   Check if swap backing store is full
#   Decrease Java heap size (-Xmx/-Xms)
#   Decrease number of Java threads
#   Decrease Java thread stack sizes (-Xss)
#   Set larger code cache with -XX:ReservedCodeCacheSize=
#   JVM is running with Zero Based Compressed Oops mode in which the Java heap is
#     placed in the first 32GB address space. The Java Heap base address is the
#     maximum limit for the native heap growth. Please use -XX:HeapBaseMinAddress
#     to set the Java Heap base and to place the Java Heap above 32GB virtual address.
# This output file may be truncated or incomplete.
#
#  Out of Memory Error (os_windows.cpp:3550), pid=11260, tid=8804
#
# JRE version: Java(TM) SE Runtime Environment (17.0.8+9) (build 17.0.8+9-LTS-211)
# Java VM: Java HotSpot(TM) 64-Bit Server VM (17.0.8+9-LTS-211, mixed mode, sharing, tiered, compressed oops, compressed class ptrs, g1 gc, windows-amd64)
# No core dump will be written. Minidumps are not enabled by default on client versions of Windows
#

---------------  S U M M A R Y ------------

Command Line: --add-opens=java.base/java.lang=ALL-UNNAMED --add-opens=java.base/java.lang.invoke=ALL-UNNAMED --add-opens=java.base/java.util=ALL-UNNAMED --add-opens=java.prefs/java.util.prefs=ALL-UNNAMED --add-exports=jdk.compiler/com.sun.tools.javac.api=ALL-UNNAMED --add-exports=jdk.compiler/com.sun.tools.javac.util=ALL-UNNAMED --add-opens=java.base/java.util=ALL-UNNAMED --add-opens=java.prefs/java.util.prefs=ALL-UNNAMED --add-opens=java.base/java.nio.charset=ALL-UNNAMED --add-opens=java.base/java.net=ALL-UNNAMED --add-opens=java.base/java.util.concurrent.atomic=ALL-UNNAMED --add-opens=java.xml/javax.xml.namespace=ALL-UNNAMED -XX:MaxMetaspaceSize=4G -XX:ReservedCodeCacheSize=512m -XX:+HeapDumpOnOutOfMemoryError -Xmx8G -Dfile.encoding=UTF-8 -Duser.country=US -Duser.language=en -Duser.variant -javaagent:C:\Users\hp\.gradle\wrapper\dists\gradle-8.14-all\c2qonpi39x1mddn7hk5gh9iqj\gradle-8.14\lib\agents\gradle-instrumentation-agent-8.14.jar org.gradle.launcher.daemon.bootstrap.GradleDaemon 8.14

Host: AMD Ryzen 3 5300U with Radeon Graphics         , 8 cores, 7G,  Windows 11 , 64 bit Build 26100 (10.0.26100.8246)
Time: Wed May 13 10:33:14 2026 SE Asia Standard Time elapsed time: 73.861931 seconds (0d 0h 1m 13s)

---------------  T H R E A D  ---------------

Current thread (0x000001ce78fb7940):  VMThread "VM Thread" [stack: 0x0000007c0fe00000,0x0000007c0ff00000] [id=8804]

Stack: [0x0000007c0fe00000,0x0000007c0ff00000]
Native frames: (J=compiled Java code, j=interpreted, Vv=VM code, C=native code)
V  [jvm.dll+0x677d0a]
V  [jvm.dll+0x7d8c54]
V  [jvm.dll+0x7da3fe]
V  [jvm.dll+0x7daa63]
V  [jvm.dll+0x245c5f]
V  [jvm.dll+0x674bb9]
V  [jvm.dll+0x6694f2]
V  [jvm.dll+0x3031d6]
V  [jvm.dll+0x30a756]
V  [jvm.dll+0x359f9e]
V  [jvm.dll+0x35a1cf]
V  [jvm.dll+0x2da3e8]
V  [jvm.dll+0x2dd486]
V  [jvm.dll+0x2e7c88]
V  [jvm.dll+0x31b6e0]
V  [jvm.dll+0x7df26b]
V  [jvm.dll+0x7dffa4]
V  [jvm.dll+0x7e04bd]
V  [jvm.dll+0x7e0894]
V  [jvm.dll+0x7e0960]
V  [jvm.dll+0x788bba]
V  [jvm.dll+0x676b35]
C  [ucrtbase.dll+0x37b0]
C  [KERNEL32.DLL+0x2e8d7]
C  [ntdll.dll+0x8c3fc]

VM_Operation (0x0000007c0faff7e0): G1Concurrent, mode: safepoint, requested by thread 0x000001ce6bebeb20


---------------  P R O C E S S  ---------------

Threads class SMR info:
_java_thread_list=0x000001cec7d1ee90, length=121, elements={
0x000001ce6e01e220, 0x000001ce78fb9e80, 0x000001ce78fba940, 0x000001ce78fd0ce0,
0x000001ce78fd15a0, 0x000001ce78fd1e60, 0x000001ce78fd2720, 0x000001ce78fd3310,
0x000001ce78fd6c30, 0x000001ce78fd7530, 0x000001ce78fa6860, 0x000001ce7bb08b10,
0x000001cec26fe4c0, 0x000001cec199fa40, 0x000001ce7bcdc8f0, 0x000001ce7bc28ac0,
0x000001cec11c9840, 0x000001ce7b9d5430, 0x000001ce7bb549d0, 0x000001ce7bb54ea0,
0x000001cec13fb120, 0x000001cec13fc930, 0x000001cec13fce00, 0x000001cec13fd7a0,
0x000001cec13f9de0, 0x000001cec13fc460, 0x000001cec13fa2b0, 0x000001cec13fbac0,
0x000001cec13fa780, 0x000001cec13fd2d0, 0x000001cec13fb5f0, 0x000001cec13fac50,
0x000001cec50c0940, 0x000001cec50bfad0, 0x000001cec50bf130, 0x000001cec50c0e10,
0x000001cec50bec60, 0x000001cec50c17b0, 0x000001cec50c1c80, 0x000001cec50be790,
0x000001cec50be2c0, 0x000001cec50c47d0, 0x000001cec50c4ca0, 0x000001cec50c2150,
0x000001cec50c2620, 0x000001cec50c2af0, 0x000001cec50c2fc0, 0x000001cec50c3490,
0x000001cec50c3e30, 0x000001cec4909580, 0x000001cec490ad90, 0x000001cec490c0d0,
0x000001cec490a8c0, 0x000001cec490c5a0, 0x000001cec490bc00, 0x000001cec490a3f0,
0x000001cec490b260, 0x000001cec490ca70, 0x000001cec490b730, 0x000001cec49090b0,
0x000001cec490cf40, 0x000001cec4909f20, 0x000001cec490d410, 0x000001cec4909a50,
0x000001cec490f0f0, 0x000001cec490e280, 0x000001cec490d8e0, 0x000001cec490e750,
0x000001cec490f5c0, 0x000001cec490ff60, 0x000001cec50c0470, 0x000001cec729b0f0,
0x000001cec72980d0, 0x000001cec729bf60, 0x000001cec7298f40, 0x000001cec72998e0,
0x000001cec72985a0, 0x000001cec729ac20, 0x000001cec729a280, 0x000001cec729b5c0,
0x000001cec729a750, 0x000001cec7299410, 0x000001cec729ba90, 0x000001cec7299db0,
0x000001cec729c430, 0x000001cec7298a70, 0x000001cec729e5e0, 0x000001cec729dc40,
0x000001cec729c900, 0x000001cec729ef80, 0x000001cec729cdd0, 0x000001cec729d2a0,
0x000001cec729eab0, 0x000001cec729f450, 0x000001cec729d770, 0x000001cec729e110,
0x000001cec729f920, 0x000001cec71fe0b0, 0x000001cec71fba30, 0x000001cec71fe580,
0x000001cec71fcd70, 0x000001cec71fd710, 0x000001cec71fea50, 0x000001cec71fdbe0,
0x000001cec71fef20, 0x000001cec71fb560, 0x000001cec71fc3d0, 0x000001cec71ff3f0,
0x000001cec71ff8c0, 0x000001cec71fc8a0, 0x000001cec71fd240, 0x000001cec71fbf00,
0x000001cec7200730, 0x000001cec72015a0, 0x000001cec72010d0, 0x000001cec7200260,
0x000001cec7201a70, 0x000001cec7201f40, 0x000001cec7202410, 0x000001cec2dfeb60,
0x000001cec7b70d20
}

Java Threads: ( => current thread )
  0x000001ce6e01e220 JavaThread "main" [_thread_blocked, id=9156, stack(0x0000007c0f800000,0x0000007c0f900000)]
  0x000001ce78fb9e80 JavaThread "Reference Handler" daemon [_thread_blocked, id=18932, stack(0x0000007c0ff00000,0x0000007c10000000)]
  0x000001ce78fba940 JavaThread "Finalizer" daemon [_thread_blocked, id=21696, stack(0x0000007c10000000,0x0000007c10100000)]
  0x000001ce78fd0ce0 JavaThread "Signal Dispatcher" daemon [_thread_blocked, id=10244, stack(0x0000007c10100000,0x0000007c10200000)]
  0x000001ce78fd15a0 JavaThread "Attach Listener" daemon [_thread_blocked, id=10428, stack(0x0000007c10200000,0x0000007c10300000)]
  0x000001ce78fd1e60 JavaThread "Service Thread" daemon [_thread_blocked, id=8832, stack(0x0000007c10300000,0x0000007c10400000)]
  0x000001ce78fd2720 JavaThread "Monitor Deflation Thread" daemon [_thread_blocked, id=17660, stack(0x0000007c10400000,0x0000007c10500000)]
  0x000001ce78fd3310 JavaThread "C2 CompilerThread0" daemon [_thread_blocked, id=11664, stack(0x0000007c10500000,0x0000007c10600000)]
  0x000001ce78fd6c30 JavaThread "C1 CompilerThread0" daemon [_thread_blocked, id=5372, stack(0x0000007c10600000,0x0000007c10700000)]
  0x000001ce78fd7530 JavaThread "Sweeper thread" daemon [_thread_blocked, id=17128, stack(0x0000007c10700000,0x0000007c10800000)]
  0x000001ce78fa6860 JavaThread "Common-Cleaner" daemon [_thread_blocked, id=9592, stack(0x0000007c10800000,0x0000007c10900000)]
  0x000001ce7bb08b10 JavaThread "Notification Thread" daemon [_thread_blocked, id=4816, stack(0x0000007c10900000,0x0000007c10a00000)]
  0x000001cec26fe4c0 JavaThread "Daemon health stats" [_thread_blocked, id=12272, stack(0x0000007c11000000,0x0000007c11100000)]
  0x000001cec199fa40 JavaThread "Incoming local TCP Connector on port 56993" [_thread_in_native, id=20304, stack(0x0000007c10b00000,0x0000007c10c00000)]
  0x000001ce7bcdc8f0 JavaThread "Daemon periodic checks" [_thread_blocked, id=740, stack(0x0000007c11100000,0x0000007c11200000)]
  0x000001ce7bc28ac0 JavaThread "Daemon" [_thread_blocked, id=9628, stack(0x0000007c11300000,0x0000007c11400000)]
  0x000001cec11c9840 JavaThread "Handler for socket connection from /127.0.0.1:56993 to /127.0.0.1:56994" [_thread_in_native, id=13616, stack(0x0000007c11400000,0x0000007c11500000)]
  0x000001ce7b9d5430 JavaThread "Cancel handler" [_thread_blocked, id=18280, stack(0x0000007c11200000,0x0000007c11300000)]
  0x000001ce7bb549d0 JavaThread "Daemon worker" [_thread_blocked, id=20772, stack(0x0000007c11500000,0x0000007c11600000)]
  0x000001ce7bb54ea0 JavaThread "Asynchronous log dispatcher for DefaultDaemonConnection: socket connection from /127.0.0.1:56993 to /127.0.0.1:56994" [_thread_blocked, id=14060, stack(0x0000007c11600000,0x0000007c11700000)]
  0x000001cec13fb120 JavaThread "Stdin handler" [_thread_blocked, id=11608, stack(0x0000007c11700000,0x0000007c11800000)]
  0x000001cec13fc930 JavaThread "Daemon client event forwarder" [_thread_blocked, id=12640, stack(0x0000007c11800000,0x0000007c11900000)]
  0x000001cec13fce00 JavaThread "Cache worker for journal cache (C:\Users\hp\.gradle\caches\journal-1)" [_thread_blocked, id=17712, stack(0x0000007c11900000,0x0000007c11a00000)]
  0x000001cec13fd7a0 JavaThread "File lock request listener" [_thread_in_native, id=9196, stack(0x0000007c11a00000,0x0000007c11b00000)]
  0x000001cec13f9de0 JavaThread "Cache worker for file hash cache (C:\Users\hp\.gradle\caches\8.14\fileHashes)" [_thread_blocked, id=10680, stack(0x0000007c11c00000,0x0000007c11d00000)]
  0x000001cec13fc460 JavaThread "File lock release action executor" [_thread_blocked, id=19864, stack(0x0000007c12000000,0x0000007c12100000)]
  0x000001cec13fa2b0 JavaThread "Cache worker for file hash cache (D:\NaufalData\Polban\Semester4\Proyek4\tubes\Tubes-Proyek_4-B4\sigma\android\.gradle\8.14\fileHashes)" [_thread_blocked, id=4280, stack(0x0000007c12100000,0x0000007c12200000)]
  0x000001cec13fbac0 JavaThread "Cache worker for Build Output Cleanup Cache (D:\NaufalData\Polban\Semester4\Proyek4\tubes\Tubes-Proyek_4-B4\sigma\android\.gradle\buildOutputCleanup)" [_thread_blocked, id=12516, stack(0x0000007c12200000,0x0000007c12300000)]
  0x000001cec13fa780 JavaThread "File watcher server" daemon [_thread_in_native, id=10172, stack(0x0000007c12400000,0x0000007c12500000)]
  0x000001cec13fd2d0 JavaThread "File watcher consumer" daemon [_thread_blocked, id=16496, stack(0x0000007c12500000,0x0000007c12600000)]
  0x000001cec13fb5f0 JavaThread "jar transforms" [_thread_blocked, id=16192, stack(0x0000007c12600000,0x0000007c12700000)]
  0x000001cec13fac50 JavaThread "jar transforms Thread 2" [_thread_blocked, id=15376, stack(0x0000007c12700000,0x0000007c12800000)]
  0x000001cec50c0940 JavaThread "jar transforms Thread 3" [_thread_blocked, id=10008, stack(0x0000007c12800000,0x0000007c12900000)]
  0x000001cec50bfad0 JavaThread "jar transforms Thread 4" [_thread_blocked, id=2276, stack(0x0000007c12900000,0x0000007c12a00000)]
  0x000001cec50bf130 JavaThread "jar transforms Thread 5" [_thread_blocked, id=12180, stack(0x0000007c12a00000,0x0000007c12b00000)]
  0x000001cec50c0e10 JavaThread "Cache worker for checksums cache (D:\NaufalData\Polban\Semester4\Proyek4\tubes\Tubes-Proyek_4-B4\sigma\android\.gradle\8.14\checksums)" [_thread_blocked, id=20196, stack(0x0000007c12c00000,0x0000007c12d00000)]
  0x000001cec50bec60 JavaThread "Cache worker for file content cache (C:\Users\hp\.gradle\caches\8.14\fileContent)" [_thread_blocked, id=19760, stack(0x0000007c12d00000,0x0000007c12e00000)]
  0x000001cec50c17b0 JavaThread "jar transforms Thread 6" [_thread_blocked, id=10892, stack(0x0000007c12e00000,0x0000007c12f00000)]
  0x000001cec50c1c80 JavaThread "jar transforms Thread 7" [_thread_blocked, id=19216, stack(0x0000007c12f00000,0x0000007c13000000)]
  0x000001cec50be790 JavaThread "jar transforms Thread 8" [_thread_blocked, id=19408, stack(0x0000007c13000000,0x0000007c13100000)]
  0x000001cec50be2c0 JavaThread "Cache worker for cache directory md-supplier (C:\Users\hp\.gradle\caches\8.14\md-supplier)" [_thread_blocked, id=21584, stack(0x0000007c12300000,0x0000007c12400000)]
  0x000001cec50c47d0 JavaThread "Cache worker for cache directory md-rule (C:\Users\hp\.gradle\caches\8.14\md-rule)" [_thread_blocked, id=6816, stack(0x0000007c13100000,0x0000007c13200000)]
  0x000001cec50c4ca0 JavaThread "Cache worker for Build Output Cleanup Cache (D:\NaufalData\Koding\Flutter\flutter\packages\flutter_tools\gradle\.gradle\buildOutputCleanup)" [_thread_blocked, id=18996, stack(0x0000007c13300000,0x0000007c13400000)]
  0x000001cec50c2150 JavaThread "Unconstrained build operations" [_thread_blocked, id=22296, stack(0x0000007c13400000,0x0000007c13500000)]
  0x000001cec50c2620 JavaThread "Unconstrained build operations Thread 2" [_thread_blocked, id=13096, stack(0x0000007c13500000,0x0000007c13600000)]
  0x000001cec50c2af0 JavaThread "Unconstrained build operations Thread 3" [_thread_blocked, id=19140, stack(0x0000007c13600000,0x0000007c13700000)]
  0x000001cec50c2fc0 JavaThread "Unconstrained build operations Thread 4" [_thread_blocked, id=2160, stack(0x0000007c13700000,0x0000007c13800000)]
  0x000001cec50c3490 JavaThread "Unconstrained build operations Thread 5" [_thread_blocked, id=15224, stack(0x0000007c13800000,0x0000007c13900000)]
  0x000001cec50c3e30 JavaThread "Unconstrained build operations Thread 6" [_thread_blocked, id=1532, stack(0x0000007c13900000,0x0000007c13a00000)]
  0x000001cec4909580 JavaThread "Unconstrained build operations Thread 7" [_thread_blocked, id=3816, stack(0x0000007c13a00000,0x0000007c13b00000)]
  0x000001cec490ad90 JavaThread "Unconstrained build operations Thread 8" [_thread_blocked, id=8372, stack(0x0000007c13c00000,0x0000007c13d00000)]
  0x000001cec490c0d0 JavaThread "Unconstrained build operations Thread 9" [_thread_blocked, id=22272, stack(0x0000007c13d00000,0x0000007c13e00000)]
  0x000001cec490a8c0 JavaThread "Unconstrained build operations Thread 10" [_thread_blocked, id=20024, stack(0x0000007c13e00000,0x0000007c13f00000)]
  0x000001cec490c5a0 JavaThread "Unconstrained build operations Thread 11" [_thread_blocked, id=13024, stack(0x0000007c13f00000,0x0000007c14000000)]
  0x000001cec490bc00 JavaThread "Unconstrained build operations Thread 12" [_thread_blocked, id=7784, stack(0x0000007c14000000,0x0000007c14100000)]
  0x000001cec490a3f0 JavaThread "Unconstrained build operations Thread 13" [_thread_blocked, id=916, stack(0x0000007c14100000,0x0000007c14200000)]
  0x000001cec490b260 JavaThread "Unconstrained build operations Thread 14" [_thread_blocked, id=20896, stack(0x0000007c14200000,0x0000007c14300000)]
  0x000001cec490ca70 JavaThread "Unconstrained build operations Thread 15" [_thread_blocked, id=4988, stack(0x0000007c13b00000,0x0000007c13c00000)]
  0x000001cec490b730 JavaThread "Unconstrained build operations Thread 16" [_thread_blocked, id=11304, stack(0x0000007c14300000,0x0000007c14400000)]
  0x000001cec49090b0 JavaThread "Unconstrained build operations Thread 17" [_thread_blocked, id=6032, stack(0x0000007c14400000,0x0000007c14500000)]
  0x000001cec490cf40 JavaThread "Unconstrained build operations Thread 18" [_thread_blocked, id=8648, stack(0x0000007c14500000,0x0000007c14600000)]
  0x000001cec4909f20 JavaThread "Unconstrained build operations Thread 19" [_thread_blocked, id=20496, stack(0x0000007c14600000,0x0000007c14700000)]
  0x000001cec490d410 JavaThread "Unconstrained build operations Thread 20" [_thread_blocked, id=6220, stack(0x0000007c14700000,0x0000007c14800000)]
  0x000001cec4909a50 JavaThread "Unconstrained build operations Thread 21" [_thread_blocked, id=12068, stack(0x0000007c14800000,0x0000007c14900000)]
  0x000001cec490f0f0 JavaThread "Memory manager" [_thread_blocked, id=11048, stack(0x0000007c14b00000,0x0000007c14c00000)]
  0x000001cec490e280 JavaThread "build event listener" [_thread_blocked, id=10520, stack(0x0000007c14c00000,0x0000007c14d00000)]
  0x000001cec490d8e0 JavaThread "included builds" [_thread_blocked, id=22112, stack(0x0000007c14e00000,0x0000007c14f00000)]
  0x000001cec490e750 JavaThread "Execution worker" [_thread_blocked, id=21168, stack(0x0000007c14f00000,0x0000007c15000000)]
  0x000001cec490f5c0 JavaThread "Execution worker Thread 2" [_thread_blocked, id=15724, stack(0x0000007c15000000,0x0000007c15100000)]
  0x000001cec490ff60 JavaThread "Execution worker Thread 3" [_thread_blocked, id=19068, stack(0x0000007c15100000,0x0000007c15200000)]
  0x000001cec50c0470 JavaThread "Execution worker Thread 4" [_thread_blocked, id=18620, stack(0x0000007c15200000,0x0000007c15300000)]
  0x000001cec729b0f0 JavaThread "Execution worker Thread 5" [_thread_blocked, id=21948, stack(0x0000007c15300000,0x0000007c15400000)]
  0x000001cec72980d0 JavaThread "Execution worker Thread 6" [_thread_blocked, id=9256, stack(0x0000007c15400000,0x0000007c15500000)]
  0x000001cec729bf60 JavaThread "Execution worker Thread 7" [_thread_blocked, id=1116, stack(0x0000007c15500000,0x0000007c15600000)]
  0x000001cec7298f40 JavaThread "Cache worker for execution history cache (D:\NaufalData\Koding\Flutter\flutter\packages\flutter_tools\gradle\.gradle\8.14\executionHistory)" [_thread_blocked, id=20672, stack(0x0000007c15600000,0x0000007c15700000)]
  0x000001cec72998e0 JavaThread "Unconstrained build operations Thread 22" [_thread_blocked, id=8784, stack(0x0000007c15700000,0x0000007c15800000)]
  0x000001cec72985a0 JavaThread "Unconstrained build operations Thread 23" [_thread_blocked, id=8128, stack(0x0000007c15800000,0x0000007c15900000)]
  0x000001cec729ac20 JavaThread "Unconstrained build operations Thread 24" [_thread_blocked, id=8876, stack(0x0000007c15900000,0x0000007c15a00000)]
  0x000001cec729a280 JavaThread "Unconstrained build operations Thread 25" [_thread_blocked, id=13760, stack(0x0000007c15a00000,0x0000007c15b00000)]
  0x000001cec729b5c0 JavaThread "Unconstrained build operations Thread 26" [_thread_blocked, id=3584, stack(0x0000007c15b00000,0x0000007c15c00000)]
  0x000001cec729a750 JavaThread "Unconstrained build operations Thread 27" [_thread_blocked, id=18480, stack(0x0000007c15c00000,0x0000007c15d00000)]
  0x000001cec7299410 JavaThread "Unconstrained build operations Thread 28" [_thread_blocked, id=7316, stack(0x0000007c15d00000,0x0000007c15e00000)]
  0x000001cec729ba90 JavaThread "Unconstrained build operations Thread 29" [_thread_blocked, id=3572, stack(0x0000007c15e00000,0x0000007c15f00000)]
  0x000001cec7299db0 JavaThread "Unconstrained build operations Thread 30" [_thread_blocked, id=10636, stack(0x0000007c15f00000,0x0000007c16000000)]
  0x000001cec729c430 JavaThread "Unconstrained build operations Thread 31" [_thread_blocked, id=11052, stack(0x0000007c16000000,0x0000007c16100000)]
  0x000001cec7298a70 JavaThread "Unconstrained build operations Thread 32" [_thread_blocked, id=12248, stack(0x0000007c16100000,0x0000007c16200000)]
  0x000001cec729e5e0 JavaThread "Unconstrained build operations Thread 33" [_thread_blocked, id=11300, stack(0x0000007c16200000,0x0000007c16300000)]
  0x000001cec729dc40 JavaThread "Unconstrained build operations Thread 34" [_thread_blocked, id=12896, stack(0x0000007c16300000,0x0000007c16400000)]
  0x000001cec729c900 JavaThread "Unconstrained build operations Thread 35" [_thread_blocked, id=1920, stack(0x0000007c16400000,0x0000007c16500000)]
  0x000001cec729ef80 JavaThread "Unconstrained build operations Thread 36" [_thread_blocked, id=18064, stack(0x0000007c16500000,0x0000007c16600000)]
  0x000001cec729cdd0 JavaThread "Unconstrained build operations Thread 37" [_thread_blocked, id=10848, stack(0x0000007c16600000,0x0000007c16700000)]
  0x000001cec729d2a0 JavaThread "Unconstrained build operations Thread 38" [_thread_blocked, id=4972, stack(0x0000007c16700000,0x0000007c16800000)]
  0x000001cec729eab0 JavaThread "Unconstrained build operations Thread 39" [_thread_blocked, id=19052, stack(0x0000007c16800000,0x0000007c16900000)]
  0x000001cec729f450 JavaThread "Unconstrained build operations Thread 40" [_thread_blocked, id=19620, stack(0x0000007c16900000,0x0000007c16a00000)]
  0x000001cec729d770 JavaThread "Unconstrained build operations Thread 41" [_thread_blocked, id=16476, stack(0x0000007c16a00000,0x0000007c16b00000)]
  0x000001cec729e110 JavaThread "Unconstrained build operations Thread 42" [_thread_blocked, id=16608, stack(0x0000007c16b00000,0x0000007c16c00000)]
  0x000001cec729f920 JavaThread "Unconstrained build operations Thread 43" [_thread_blocked, id=17240, stack(0x0000007c16c00000,0x0000007c16d00000)]
  0x000001cec71fe0b0 JavaThread "Unconstrained build operations Thread 44" [_thread_blocked, id=13144, stack(0x0000007c16d00000,0x0000007c16e00000)]
  0x000001cec71fba30 JavaThread "Unconstrained build operations Thread 45" [_thread_blocked, id=3004, stack(0x0000007c14d00000,0x0000007c14e00000)]
  0x000001cec71fe580 JavaThread "Unconstrained build operations Thread 46" [_thread_blocked, id=324, stack(0x0000007c16e00000,0x0000007c16f00000)]
  0x000001cec71fcd70 JavaThread "Unconstrained build operations Thread 47" [_thread_blocked, id=4920, stack(0x0000007c16f00000,0x0000007c17000000)]
  0x000001cec71fd710 JavaThread "Unconstrained build operations Thread 48" [_thread_blocked, id=2252, stack(0x0000007c17000000,0x0000007c17100000)]
  0x000001cec71fea50 JavaThread "Unconstrained build operations Thread 49" [_thread_blocked, id=8540, stack(0x0000007c17100000,0x0000007c17200000)]
  0x000001cec71fdbe0 JavaThread "Unconstrained build operations Thread 50" [_thread_blocked, id=20616, stack(0x0000007c17200000,0x0000007c17300000)]
  0x000001cec71fef20 JavaThread "Unconstrained build operations Thread 51" [_thread_blocked, id=11256, stack(0x0000007c17300000,0x0000007c17400000)]
  0x000001cec71fb560 JavaThread "Unconstrained build operations Thread 52" [_thread_blocked, id=20872, stack(0x0000007c17500000,0x0000007c17600000)]
  0x000001cec71fc3d0 JavaThread "Unconstrained build operations Thread 53" [_thread_blocked, id=9080, stack(0x0000007c17600000,0x0000007c17700000)]
  0x000001cec71ff3f0 JavaThread "Unconstrained build operations Thread 54" [_thread_blocked, id=22056, stack(0x0000007c17700000,0x0000007c17800000)]
  0x000001cec71ff8c0 JavaThread "Unconstrained build operations Thread 55" [_thread_blocked, id=20560, stack(0x0000007c17800000,0x0000007c17900000)]
  0x000001cec71fc8a0 JavaThread "Unconstrained build operations Thread 56" [_thread_blocked, id=12344, stack(0x0000007c17900000,0x0000007c17a00000)]
  0x000001cec71fd240 JavaThread "Unconstrained build operations Thread 57" [_thread_blocked, id=6628, stack(0x0000007c17a00000,0x0000007c17b00000)]
  0x000001cec71fbf00 JavaThread "Unconstrained build operations Thread 58" [_thread_blocked, id=9556, stack(0x0000007c17b00000,0x0000007c17c00000)]
  0x000001cec7200730 JavaThread "Unconstrained build operations Thread 59" [_thread_blocked, id=9044, stack(0x0000007c17d00000,0x0000007c17e00000)]
  0x000001cec72015a0 JavaThread "Unconstrained build operations Thread 60" [_thread_blocked, id=11912, stack(0x0000007c17e00000,0x0000007c17f00000)]
  0x000001cec72010d0 JavaThread "Unconstrained build operations Thread 61" [_thread_blocked, id=22032, stack(0x0000007c17f00000,0x0000007c18000000)]
  0x000001cec7200260 JavaThread "Unconstrained build operations Thread 62" [_thread_blocked, id=11980, stack(0x0000007c18000000,0x0000007c18100000)]
  0x000001cec7201a70 JavaThread "Unconstrained build operations Thread 63" [_thread_blocked, id=17976, stack(0x0000007c18100000,0x0000007c18200000)]
  0x000001cec7201f40 JavaThread "Unconstrained build operations Thread 64" [_thread_blocked, id=11704, stack(0x0000007c18200000,0x0000007c18300000)]
  0x000001cec7202410 JavaThread "Unconstrained build operations Thread 65" [_thread_blocked, id=13780, stack(0x0000007c18300000,0x0000007c18400000)]
  0x000001cec2dfeb60 JavaThread "build event listener" [_thread_blocked, id=11384, stack(0x0000007c0f500000,0x0000007c0f600000)]
  0x000001cec7b70d20 JavaThread "C2 CompilerThread1" daemon [_thread_blocked, id=17896, stack(0x0000007c0f600000,0x0000007c0f700000)]

Other Threads:
=>0x000001ce78fb7940 VMThread "VM Thread" [stack: 0x0000007c0fe00000,0x0000007c0ff00000] [id=8804]
  0x000001ce6e0de4e0 WatcherThread [stack: 0x0000007c10a00000,0x0000007c10b00000] [id=14940]
  0x000001ce6e0cc5b0 GCTaskThread "GC Thread#0" [stack: 0x0000007c0f900000,0x0000007c0fa00000] [id=20624]
  0x000001cec11a24b0 GCTaskThread "GC Thread#1" [stack: 0x0000007c10c00000,0x0000007c10d00000] [id=18052]
  0x000001ce7bd87130 GCTaskThread "GC Thread#2" [stack: 0x0000007c10d00000,0x0000007c10e00000] [id=21052]
  0x000001cec203fc40 GCTaskThread "GC Thread#3" [stack: 0x0000007c10e00000,0x0000007c10f00000] [id=10556]
  0x000001cec139a8a0 GCTaskThread "GC Thread#4" [stack: 0x0000007c10f00000,0x0000007c11000000] [id=15640]
  0x000001cec2c9dc60 GCTaskThread "GC Thread#5" [stack: 0x0000007c11d00000,0x0000007c11e00000] [id=1380]
  0x000001cec2e3f010 GCTaskThread "GC Thread#6" [stack: 0x0000007c11e00000,0x0000007c11f00000] [id=18576]
  0x000001cec3799a80 GCTaskThread "GC Thread#7" [stack: 0x0000007c11f00000,0x0000007c12000000] [id=20500]
  0x000001ce6bebeb20 ConcurrentGCThread "G1 Main Marker" [stack: 0x0000007c0fa00000,0x0000007c0fb00000] [id=12276]
  0x000001ce6e0d9680 ConcurrentGCThread "G1 Conc#0" [stack: 0x0000007c0fb00000,0x0000007c0fc00000] [id=5984]
  0x000001cec505c200 ConcurrentGCThread "G1 Conc#1" [stack: 0x0000007c11b00000,0x0000007c11c00000] [id=11024]
  0x000001ce78e6bdf0 ConcurrentGCThread "G1 Refine#0" [stack: 0x0000007c0fc00000,0x0000007c0fd00000] [id=5596]
  0x000001cec4a53c80 ConcurrentGCThread "G1 Refine#1" [stack: 0x0000007c12b00000,0x0000007c12c00000] [id=13720]
  0x000001ce78e724e0 ConcurrentGCThread "G1 Service" [stack: 0x0000007c0fd00000,0x0000007c0fe00000] [id=5968]

Threads with active compile tasks:

VM state: at safepoint (normal execution)

VM Mutex/Monitor currently owned by a thread:  ([mutex/lock_event])
[0x000001ce6e019d80] Threads_lock - owner thread: 0x000001ce78fb7940
[0x000001ce6e019120] Heap_lock - owner thread: 0x000001ce6bebeb20

Heap address: 0x0000000600000000, size: 8192 MB, Compressed Oops mode: Zero based, Oop shift amount: 3

CDS archive(s) mapped at: [0x000001ce7c000000-0x000001ce7cbd0000-0x000001ce7cbd0000), size 12386304, SharedBaseAddress: 0x000001ce7c000000, ArchiveRelocationMode: 1.
Compressed class space mapped at: 0x000001ce7d000000-0x000001cebd000000, reserved size: 1073741824
Narrow klass base: 0x000001ce7c000000, Narrow klass shift: 0, Narrow klass range: 0x100000000

GC Precious Log:
 CPUs: 8 total, 8 available
 Memory: 7502M
 Large Page Support: Disabled
 NUMA Support: Disabled
 Compressed Oops: Enabled (Zero based)
 Heap Region Size: 4M
 Heap Min Capacity: 8M
 Heap Initial Capacity: 120M
 Heap Max Capacity: 8G
 Pre-touch: Disabled
 Parallel Workers: 8
 Concurrent Workers: 2
 Concurrent Refinement Workers: 8
 Periodic GC: Disabled

Heap:
 garbage-first heap   total 204800K, used 121088K [0x0000000600000000, 0x0000000800000000)
  region size 4096K, 2 young (8192K), 1 survivors (4096K)
 Metaspace       used 93431K, committed 94336K, reserved 1179648K
  class space    used 12903K, committed 13312K, reserved 1048576K

Heap Regions: E=young(eden), S=young(survivor), O=old, HS=humongous(starts), HC=humongous(continues), CS=collection set, F=free, OA=open archive, CA=closed archive, TAMS=top-at-mark-start (previous, next)
|   0|0x0000000600000000, 0x0000000600400000, 0x0000000600400000|100%|HS|  |TAMS 0x0000000600400000, 0x0000000600000000| Complete 
|   1|0x0000000600400000, 0x0000000600800000, 0x0000000600800000|100%| O|  |TAMS 0x0000000600800000, 0x0000000600400000| Untracked 
|   2|0x0000000600800000, 0x0000000600c00000, 0x0000000600c00000|100%| O|  |TAMS 0x0000000600c00000, 0x0000000600800000| Untracked 
|   3|0x0000000600c00000, 0x0000000600fb7000, 0x0000000601000000| 92%| O|  |TAMS 0x0000000600fb7000, 0x0000000600c00000| Untracked 
|   4|0x0000000601000000, 0x0000000601400000, 0x0000000601400000|100%| O|  |TAMS 0x0000000601400000, 0x0000000601000000| Untracked 
|   5|0x0000000601400000, 0x0000000601800000, 0x0000000601800000|100%| O|  |TAMS 0x0000000601800000, 0x0000000601400000| Untracked 
|   6|0x0000000601800000, 0x0000000601c00000, 0x0000000601c00000|100%|HS|  |TAMS 0x0000000601c00000, 0x0000000601800000| Complete 
|   7|0x0000000601c00000, 0x0000000602000000, 0x0000000602000000|100%| O|  |TAMS 0x0000000602000000, 0x0000000601c00000| Untracked 
|   8|0x0000000602000000, 0x0000000602400000, 0x0000000602400000|100%| O|  |TAMS 0x0000000602400000, 0x0000000602000000| Untracked 
|   9|0x0000000602400000, 0x0000000602800000, 0x0000000602800000|100%| O|  |TAMS 0x0000000602800000, 0x0000000602400000| Untracked 
|  10|0x0000000602800000, 0x0000000602c00000, 0x0000000602c00000|100%| O|  |TAMS 0x0000000602c00000, 0x0000000602800000| Untracked 
|  11|0x0000000602c00000, 0x0000000603000000, 0x0000000603000000|100%| O|  |TAMS 0x0000000603000000, 0x0000000602c00000| Updating 
|  12|0x0000000603000000, 0x0000000603400000, 0x0000000603400000|100%|HS|  |TAMS 0x0000000603400000, 0x0000000603000000| Complete 
|  13|0x0000000603400000, 0x0000000603800000, 0x0000000603800000|100%| O|  |TAMS 0x0000000603800000, 0x0000000603400000| Untracked 
|  14|0x0000000603800000, 0x0000000603c00000, 0x0000000603c00000|100%| O|  |TAMS 0x0000000603c00000, 0x0000000603800000| Untracked 
|  15|0x0000000603c00000, 0x0000000604000000, 0x0000000604000000|100%| O|  |TAMS 0x0000000604000000, 0x0000000603c00000| Untracked 
|  16|0x0000000604000000, 0x0000000604400000, 0x0000000604400000|100%| O|  |TAMS 0x0000000604400000, 0x0000000604000000| Updating 
|  17|0x0000000604400000, 0x0000000604800000, 0x0000000604800000|100%| O|  |TAMS 0x0000000604800000, 0x0000000604400000| Updating 
|  18|0x0000000604800000, 0x0000000604c00000, 0x0000000604c00000|100%| O|  |TAMS 0x0000000604c00000, 0x0000000604800000| Updating 
|  19|0x0000000604c00000, 0x0000000605000000, 0x0000000605000000|100%| O|  |TAMS 0x0000000605000000, 0x0000000604c00000| Updating 
|  20|0x0000000605000000, 0x0000000605400000, 0x0000000605400000|100%| O|  |TAMS 0x0000000605400000, 0x0000000605000000| Updating 
|  21|0x0000000605400000, 0x0000000605800000, 0x0000000605800000|100%| O|  |TAMS 0x0000000605800000, 0x0000000605400000| Updating 
|  22|0x0000000605800000, 0x0000000605c00000, 0x0000000605c00000|100%| O|  |TAMS 0x0000000605c00000, 0x0000000605800000| Updating 
|  23|0x0000000605c00000, 0x0000000606000000, 0x0000000606000000|100%| O|  |TAMS 0x0000000606000000, 0x0000000605c00000| Untracked 
|  24|0x0000000606000000, 0x0000000606400000, 0x0000000606400000|100%| O|  |TAMS 0x0000000606400000, 0x0000000606000000| Untracked 
|  25|0x0000000606400000, 0x0000000606800000, 0x0000000606800000|100%| O|  |TAMS 0x0000000606800000, 0x0000000606400000| Updating 
|  26|0x0000000606800000, 0x0000000606c00000, 0x0000000606c00000|100%| O|  |TAMS 0x0000000606c00000, 0x0000000606800000| Updating 
|  27|0x0000000606c00000, 0x0000000607000000, 0x0000000607000000|100%| O|  |TAMS 0x0000000607000000, 0x0000000606c00000| Untracked 
|  28|0x0000000607000000, 0x000000060728cc00, 0x0000000607400000| 63%| O|  |TAMS 0x00000006070f8400, 0x0000000607000000| Updating 
|  29|0x0000000607400000, 0x0000000607400000, 0x0000000607800000|  0%| F|  |TAMS 0x0000000607400000, 0x0000000607400000| Untracked 
|  30|0x0000000607800000, 0x0000000607800000, 0x0000000607c00000|  0%| F|  |TAMS 0x0000000607800000, 0x0000000607800000| Untracked 
|  31|0x0000000607c00000, 0x0000000607c00000, 0x0000000608000000|  0%| F|  |TAMS 0x0000000607c00000, 0x0000000607c00000| Untracked 
|  32|0x0000000608000000, 0x0000000608000000, 0x0000000608400000|  0%| F|  |TAMS 0x0000000608000000, 0x0000000608000000| Untracked 
|  33|0x0000000608400000, 0x0000000608400000, 0x0000000608800000|  0%| F|  |TAMS 0x0000000608400000, 0x0000000608400000| Untracked 
|  34|0x0000000608800000, 0x0000000608800000, 0x0000000608c00000|  0%| F|  |TAMS 0x0000000608800000, 0x0000000608800000| Untracked 
|  35|0x0000000608c00000, 0x0000000608c00000, 0x0000000609000000|  0%| F|  |TAMS 0x0000000608c00000, 0x0000000608c00000| Untracked 
|  36|0x0000000609000000, 0x0000000609000000, 0x0000000609400000|  0%| F|  |TAMS 0x0000000609000000, 0x0000000609000000| Untracked 
|  37|0x0000000609400000, 0x0000000609400000, 0x0000000609800000|  0%| F|  |TAMS 0x0000000609400000, 0x0000000609400000| Untracked 
|  38|0x0000000609800000, 0x0000000609800000, 0x0000000609c00000|  0%| F|  |TAMS 0x0000000609800000, 0x0000000609800000| Untracked 
|  39|0x0000000609c00000, 0x0000000609ffc5e8, 0x000000060a000000| 99%| S|CS|TAMS 0x0000000609c00000, 0x0000000609c00000| Complete 
|  40|0x000000060a000000, 0x000000060a000000, 0x000000060a400000|  0%| F|  |TAMS 0x000000060a000000, 0x000000060a000000| Untracked 
|  41|0x000000060a400000, 0x000000060a400000, 0x000000060a800000|  0%| F|  |TAMS 0x000000060a400000, 0x000000060a400000| Untracked 
|  42|0x000000060a800000, 0x000000060a800000, 0x000000060ac00000|  0%| F|  |TAMS 0x000000060a800000, 0x000000060a800000| Untracked 
|  43|0x000000060ac00000, 0x000000060ac00000, 0x000000060b000000|  0%| F|  |TAMS 0x000000060ac00000, 0x000000060ac00000| Untracked 
|  44|0x000000060b000000, 0x000000060b000000, 0x000000060b400000|  0%| F|  |TAMS 0x000000060b000000, 0x000000060b000000| Untracked 
|  45|0x000000060b400000, 0x000000060b400000, 0x000000060b800000|  0%| F|  |TAMS 0x000000060b400000, 0x000000060b400000| Untracked 
|  46|0x000000060b800000, 0x000000060b800000, 0x000000060bc00000|  0%| F|  |TAMS 0x000000060b800000, 0x000000060b800000| Untracked 
|  47|0x000000060bc00000, 0x000000060bc00000, 0x000000060c000000|  0%| F|  |TAMS 0x000000060bc00000, 0x000000060bc00000| Untracked 
|  48|0x000000060c000000, 0x000000060c000000, 0x000000060c400000|  0%| F|  |TAMS 0x000000060c000000, 0x000000060c000000| Untracked 
|  49|0x000000060c400000, 0x000000060c6a72a0, 0x000000060c800000| 66%| E|  |TAMS 0x000000060c400000, 0x000000060c400000| Complete 

Card table byte_map: [0x000001ce76e00000,0x000001ce77e00000] _byte_map_base: 0x000001ce73e00000

Marking Bits (Prev, Next): (CMBitMap*) 0x000001ce6e0cc970, (CMBitMap*) 0x000001ce6e0cc9b0
 Prev Bits: [0x000001ce20000000, 0x000001ce28000000)
 Next Bits: [0x000001ce28000000, 0x000001ce30000000)

Polling page: 0x000001ce6c3b0000

Metaspace:

Usage:
  Non-class:     78.64 MB used.
      Class:     12.60 MB used.
       Both:     91.24 MB used.

Virtual space:
  Non-class space:      128.00 MB reserved,      79.12 MB ( 62%) committed,  2 nodes.
      Class space:        1.00 GB reserved,      13.00 MB (  1%) committed,  1 nodes.
             Both:        1.12 GB reserved,      92.12 MB (  8%) committed. 

Chunk freelists:
   Non-Class:  640.00 KB
       Class:  2.94 MB
        Both:  3.56 MB

MaxMetaspaceSize: 4.00 GB
CompressedClassSpaceSize: 1.00 GB
Initial GC threshold: 21.00 MB
Current GC threshold: 141.25 MB
CDS: on
MetaspaceReclaimPolicy: balanced
 - commit_granule_bytes: 65536.
 - commit_granule_words: 8192.
 - virtual_space_node_default_size: 8388608.
 - enlarge_chunks_in_place: 1.
 - new_chunks_are_fully_committed: 0.
 - uncommit_free_chunks: 1.
 - use_allocation_guard: 0.
 - handle_deallocations: 1.


Internal statistics:

num_allocs_failed_limit: 9.
num_arena_births: 1294.
num_arena_deaths: 0.
num_vsnodes_births: 3.
num_vsnodes_deaths: 0.
num_space_committed: 1474.
num_space_uncommitted: 0.
num_chunks_returned_to_freelist: 9.
num_chunks_taken_from_freelist: 5321.
num_chunk_merges: 3.
num_chunk_splits: 3392.
num_chunks_enlarged: 2124.
num_purges: 0.
num_inconsistent_stats: 0.

CodeHeap 'non-profiled nmethods': size=259264Kb used=7652Kb max_used=7652Kb free=251611Kb
 bounds [0x000001ce102d0000, 0x000001ce10a50000, 0x000001ce20000000]
CodeHeap 'profiled nmethods': size=259264Kb used=21371Kb max_used=21371Kb free=237892Kb
 bounds [0x000001ce00000000, 0x000001ce014e0000, 0x000001ce0fd30000]
CodeHeap 'non-nmethods': size=5760Kb used=2444Kb max_used=2495Kb free=3315Kb
 bounds [0x000001ce0fd30000, 0x000001ce0ffb0000, 0x000001ce102d0000]
 total_blobs=11875 nmethods=10889 adapters=898
 compilation: enabled
              stopped_count=0, restarted_count=0
 full_count=0

Compilation events (20 events):
Event: 73.658 Thread 0x000001cec7b70d20 nmethod 12403 0x000001ce10a42910 code [0x000001ce10a42a80, 0x000001ce10a42bb8]
Event: 73.707 Thread 0x000001ce78fd3310 nmethod 12401 0x000001ce10a42c10 code [0x000001ce10a42fa0, 0x000001ce10a46408]
Event: 73.743 Thread 0x000001cec7b70d20 12405       4       org.gradle.internal.instantiation.generator.DependencyInjectingInstantiator::verifyParameters (175 bytes)
Event: 73.751 Thread 0x000001ce78fd6c30 12406       1       org.gradle.api.internal.artifacts.configurations.DefaultConfiguration::isCanBeConsumed (5 bytes)
Event: 73.751 Thread 0x000001ce78fd6c30 nmethod 12406 0x000001ce10a48010 code [0x000001ce10a481a0, 0x000001ce10a48278]
Event: 73.752 Thread 0x000001ce78fd6c30 12407       3       kotlin.collections.CollectionsKt__CollectionsJVMKt::listOf (11 bytes)
Event: 73.752 Thread 0x000001ce78fd6c30 nmethod 12407 0x000001ce014da390 code [0x000001ce014da560, 0x000001ce014da928]
Event: 73.753 Thread 0x000001cec7b70d20 nmethod 12405 0x000001ce10a48310 code [0x000001ce10a484c0, 0x000001ce10a48878]
Event: 73.788 Thread 0x000001ce78fd6c30 12408   !   3       sun.net.www.protocol.jar.JarURLConnection::connect (196 bytes)
Event: 73.790 Thread 0x000001ce78fd6c30 nmethod 12408 0x000001ce014daa90 code [0x000001ce014dadc0, 0x000001ce014dc008]
Event: 73.798 Thread 0x000001ce78fd6c30 12409       3       org.gradle.internal.classloader.CachingClassLoader::getResource (59 bytes)
Event: 73.799 Thread 0x000001ce78fd6c30 nmethod 12409 0x000001ce014dc510 code [0x000001ce014dc700, 0x000001ce014dcc28]
Event: 73.802 Thread 0x000001ce78fd6c30 12410       3       org.gradle.api.internal.plugins.ClassloaderBackedPluginDescriptorLocator::findPluginDescriptor (47 bytes)
Event: 73.803 Thread 0x000001ce78fd6c30 nmethod 12410 0x000001ce014dcd90 code [0x000001ce014dcfe0, 0x000001ce014dd888]
Event: 73.825 Thread 0x000001ce78fd6c30 12411       1       org.gradle.api.internal.artifacts.configurations.DefaultConfiguration::access$1900 (5 bytes)
Event: 73.825 Thread 0x000001ce78fd6c30 nmethod 12411 0x000001ce10a48c10 code [0x000001ce10a48da0, 0x000001ce10a48e58]
Event: 73.832 Thread 0x000001ce78fd6c30 12412       3       org.gradle.api.internal.attributes.FreezableAttributeContainer::assertMutable (40 bytes)
Event: 73.834 Thread 0x000001ce78fd6c30 nmethod 12412 0x000001ce014ddb90 code [0x000001ce014dde20, 0x000001ce014deb88]
Event: 73.835 Thread 0x000001ce78fd6c30 12413       1       com.android.build.gradle.internal.api.AndroidSourceSetName::getName (5 bytes)
Event: 73.835 Thread 0x000001ce78fd6c30 nmethod 12413 0x000001ce10a48f10 code [0x000001ce10a490a0, 0x000001ce10a49178]

GC Heap History (20 events):
Event: 58.093 GC heap before
{Heap before GC invocations=36 (full 0):
 garbage-first heap   total 184320K, used 138967K [0x0000000600000000, 0x0000000800000000)
  region size 4096K, 17 young (69632K), 2 survivors (8192K)
 Metaspace       used 79005K, committed 79808K, reserved 1179648K
  class space    used 11072K, committed 11456K, reserved 1048576K
}
Event: 58.105 GC heap after
{Heap after GC invocations=37 (full 0):
 garbage-first heap   total 184320K, used 85666K [0x0000000600000000, 0x0000000800000000)
  region size 4096K, 3 young (12288K), 3 survivors (12288K)
 Metaspace       used 79005K, committed 79808K, reserved 1179648K
  class space    used 11072K, committed 11456K, reserved 1048576K
}
Event: 58.974 GC heap before
{Heap before GC invocations=38 (full 0):
 garbage-first heap   total 184320K, used 134818K [0x0000000600000000, 0x0000000800000000)
  region size 4096K, 16 young (65536K), 3 survivors (12288K)
 Metaspace       used 79014K, committed 79808K, reserved 1179648K
  class space    used 11072K, committed 11456K, reserved 1048576K
}
Event: 58.984 GC heap after
{Heap after GC invocations=39 (full 0):
 garbage-first heap   total 184320K, used 87255K [0x0000000600000000, 0x0000000800000000)
  region size 4096K, 2 young (8192K), 2 survivors (8192K)
 Metaspace       used 79014K, committed 79808K, reserved 1179648K
  class space    used 11072K, committed 11456K, reserved 1048576K
}
Event: 59.656 GC heap before
{Heap before GC invocations=39 (full 0):
 garbage-first heap   total 184320K, used 144599K [0x0000000600000000, 0x0000000800000000)
  region size 4096K, 16 young (65536K), 2 survivors (8192K)
 Metaspace       used 79017K, committed 79808K, reserved 1179648K
  class space    used 11072K, committed 11456K, reserved 1048576K
}
Event: 59.664 GC heap after
{Heap after GC invocations=40 (full 0):
 garbage-first heap   total 184320K, used 88746K [0x0000000600000000, 0x0000000800000000)
  region size 4096K, 2 young (8192K), 2 survivors (8192K)
 Metaspace       used 79017K, committed 79808K, reserved 1179648K
  class space    used 11072K, committed 11456K, reserved 1048576K
}
Event: 63.402 GC heap before
{Heap before GC invocations=41 (full 0):
 garbage-first heap   total 184320K, used 137898K [0x0000000600000000, 0x0000000800000000)
  region size 4096K, 15 young (61440K), 2 survivors (8192K)
 Metaspace       used 80039K, committed 80896K, reserved 1179648K
  class space    used 11195K, committed 11584K, reserved 1048576K
}
Event: 63.411 GC heap after
{Heap after GC invocations=42 (full 0):
 garbage-first heap   total 184320K, used 102162K [0x0000000600000000, 0x0000000800000000)
  region size 4096K, 2 young (8192K), 2 survivors (8192K)
 Metaspace       used 80039K, committed 80896K, reserved 1179648K
  class space    used 11195K, committed 11584K, reserved 1048576K
}
Event: 64.780 GC heap before
{Heap before GC invocations=42 (full 0):
 garbage-first heap   total 184320K, used 130834K [0x0000000600000000, 0x0000000800000000)
  region size 4096K, 10 young (40960K), 2 survivors (8192K)
 Metaspace       used 81748K, committed 82624K, reserved 1179648K
  class space    used 11396K, committed 11840K, reserved 1048576K
}
Event: 64.786 GC heap after
{Heap after GC invocations=43 (full 0):
 garbage-first heap   total 184320K, used 108869K [0x0000000600000000, 0x0000000800000000)
  region size 4096K, 2 young (8192K), 2 survivors (8192K)
 Metaspace       used 81748K, committed 82624K, reserved 1179648K
  class space    used 11396K, committed 11840K, reserved 1048576K
}
Event: 66.211 GC heap before
{Heap before GC invocations=44 (full 0):
 garbage-first heap   total 192512K, used 137541K [0x0000000600000000, 0x0000000800000000)
  region size 4096K, 9 young (36864K), 2 survivors (8192K)
 Metaspace       used 84383K, committed 85248K, reserved 1179648K
  class space    used 11689K, committed 12096K, reserved 1048576K
}
Event: 66.218 GC heap after
{Heap after GC invocations=45 (full 0):
 garbage-first heap   total 192512K, used 110615K [0x0000000600000000, 0x0000000800000000)
  region size 4096K, 1 young (4096K), 1 survivors (4096K)
 Metaspace       used 84383K, committed 85248K, reserved 1179648K
  class space    used 11689K, committed 12096K, reserved 1048576K
}
Event: 68.162 GC heap before
{Heap before GC invocations=45 (full 0):
 garbage-first heap   total 192512K, used 147479K [0x0000000600000000, 0x0000000800000000)
  region size 4096K, 10 young (40960K), 1 survivors (4096K)
 Metaspace       used 85676K, committed 86528K, reserved 1179648K
  class space    used 11886K, committed 12288K, reserved 1048576K
}
Event: 68.171 GC heap after
{Heap after GC invocations=46 (full 0):
 garbage-first heap   total 192512K, used 115027K [0x0000000600000000, 0x0000000800000000)
  region size 4096K, 2 young (8192K), 2 survivors (8192K)
 Metaspace       used 85676K, committed 86528K, reserved 1179648K
  class space    used 11886K, committed 12288K, reserved 1048576K
}
Event: 70.312 GC heap before
{Heap before GC invocations=47 (full 0):
 garbage-first heap   total 204800K, used 147795K [0x0000000600000000, 0x0000000800000000)
  region size 4096K, 10 young (40960K), 2 survivors (8192K)
 Metaspace       used 88022K, committed 88960K, reserved 1179648K
  class space    used 12174K, committed 12608K, reserved 1048576K
}
Event: 70.317 GC heap after
{Heap after GC invocations=48 (full 0):
 garbage-first heap   total 204800K, used 117313K [0x0000000600000000, 0x0000000800000000)
  region size 4096K, 1 young (4096K), 1 survivors (4096K)
 Metaspace       used 88022K, committed 88960K, reserved 1179648K
  class space    used 12174K, committed 12608K, reserved 1048576K
}
Event: 72.125 GC heap before
{Heap before GC invocations=48 (full 0):
 garbage-first heap   total 204800K, used 158273K [0x0000000600000000, 0x0000000800000000)
  region size 4096K, 11 young (45056K), 1 survivors (4096K)
 Metaspace       used 90161K, committed 91008K, reserved 1179648K
  class space    used 12459K, committed 12864K, reserved 1048576K
}
Event: 72.130 GC heap after
{Heap after GC invocations=49 (full 0):
 garbage-first heap   total 204800K, used 119898K [0x0000000600000000, 0x0000000800000000)
  region size 4096K, 2 young (8192K), 2 survivors (8192K)
 Metaspace       used 90161K, committed 91008K, reserved 1179648K
  class space    used 12459K, committed 12864K, reserved 1048576K
}
Event: 73.697 GC heap before
{Heap before GC invocations=49 (full 0):
 garbage-first heap   total 204800K, used 160858K [0x0000000600000000, 0x0000000800000000)
  region size 4096K, 12 young (49152K), 2 survivors (8192K)
 Metaspace       used 93296K, committed 94144K, reserved 1179648K
  class space    used 12887K, committed 13312K, reserved 1048576K
}
Event: 73.702 GC heap after
{Heap after GC invocations=50 (full 0):
 garbage-first heap   total 204800K, used 121088K [0x0000000600000000, 0x0000000800000000)
  region size 4096K, 1 young (4096K), 1 survivors (4096K)
 Metaspace       used 93296K, committed 94144K, reserved 1179648K
  class space    used 12887K, committed 13312K, reserved 1048576K
}

Deoptimization events (20 events):
Event: 72.499 Thread 0x000001ce7bb549d0 Uncommon trap: trap_request=0xffffffd6 fr.pc=0x000001ce10a0a140 relative=0x0000000000000800
Event: 72.499 Thread 0x000001ce7bb549d0 Uncommon trap: reason=array_check action=maybe_recompile pc=0x000001ce10a0a140 method=java.util.TimSort.binarySort([Ljava/lang/Object;IIILjava/util/Comparator;)V @ 193 c2
Event: 72.499 Thread 0x000001ce7bb549d0 DEOPT PACKING pc=0x000001ce10a0a140 sp=0x0000007c115f4410
Event: 72.499 Thread 0x000001ce7bb549d0 DEOPT UNPACKING pc=0x000001ce0fd823a3 sp=0x0000007c115f43b8 mode 2
Event: 72.511 Thread 0x000001ce7bb549d0 Uncommon trap: trap_request=0xffffffd6 fr.pc=0x000001ce10a09fec relative=0x00000000000006ac
Event: 72.511 Thread 0x000001ce7bb549d0 Uncommon trap: reason=array_check action=maybe_recompile pc=0x000001ce10a09fec method=java.util.TimSort.binarySort([Ljava/lang/Object;IIILjava/util/Comparator;)V @ 215 c2
Event: 72.511 Thread 0x000001ce7bb549d0 DEOPT PACKING pc=0x000001ce10a09fec sp=0x0000007c115f4410
Event: 72.511 Thread 0x000001ce7bb549d0 DEOPT UNPACKING pc=0x000001ce0fd823a3 sp=0x0000007c115f43b8 mode 2
Event: 72.512 Thread 0x000001ce7bb549d0 Uncommon trap: trap_request=0xffffffd6 fr.pc=0x000001ce10a09fec relative=0x00000000000006ac
Event: 72.512 Thread 0x000001ce7bb549d0 Uncommon trap: reason=array_check action=maybe_recompile pc=0x000001ce10a09fec method=java.util.TimSort.binarySort([Ljava/lang/Object;IIILjava/util/Comparator;)V @ 215 c2
Event: 72.512 Thread 0x000001ce7bb549d0 DEOPT PACKING pc=0x000001ce10a09fec sp=0x0000007c115f4410
Event: 72.512 Thread 0x000001ce7bb549d0 DEOPT UNPACKING pc=0x000001ce0fd823a3 sp=0x0000007c115f43b8 mode 2
Event: 72.515 Thread 0x000001ce7bb549d0 Uncommon trap: trap_request=0xffffffc6 fr.pc=0x000001ce106044a8 relative=0x00000000000008c8
Event: 72.515 Thread 0x000001ce7bb549d0 Uncommon trap: reason=bimorphic_or_optimized_type_check action=maybe_recompile pc=0x000001ce106044a8 method=java.io.DataInputStream.readChar()C @ 4 c2
Event: 72.515 Thread 0x000001ce7bb549d0 DEOPT PACKING pc=0x000001ce106044a8 sp=0x0000007c115f3780
Event: 72.515 Thread 0x000001ce7bb549d0 DEOPT UNPACKING pc=0x000001ce0fd823a3 sp=0x0000007c115f3740 mode 2
Event: 73.469 Thread 0x000001ce7bb549d0 DEOPT PACKING pc=0x000001ce013f5b68 sp=0x0000007c115f27d0
Event: 73.469 Thread 0x000001ce7bb549d0 DEOPT UNPACKING pc=0x000001ce0fd82b43 sp=0x0000007c115f1ce8 mode 0
Event: 73.838 Thread 0x000001ce7bb549d0 DEOPT PACKING pc=0x000001ce012f209d sp=0x0000007c115f3570
Event: 73.838 Thread 0x000001ce7bb549d0 DEOPT UNPACKING pc=0x000001ce0fd82b43 sp=0x0000007c115f2aa8 mode 0

Classes unloaded (0 events):
No events

Classes redefined (0 events):
No events

Internal exceptions (20 events):
Event: 71.642 Thread 0x000001ce7bb549d0 Exception <a 'java/lang/ClassNotFoundException'{0x000000060a905828}: com/android/build/gradle/AppExtensionBeanInfo> (0x000000060a905828) 
thrown [s\open\src\hotspot\share\classfile\systemDictionary.cpp, line 256]
Event: 71.644 Thread 0x000001ce7bb549d0 Exception <a 'java/lang/ClassNotFoundException'{0x000000060a914b18}: com/android/build/gradle/AbstractAppExtensionBeanInfo> (0x000000060a914b18) 
thrown [s\open\src\hotspot\share\classfile\systemDictionary.cpp, line 256]
Event: 71.646 Thread 0x000001ce7bb549d0 Exception <a 'java/lang/ClassNotFoundException'{0x000000060a924af8}: com/android/build/gradle/TestedExtensionBeanInfo> (0x000000060a924af8) 
thrown [s\open\src\hotspot\share\classfile\systemDictionary.cpp, line 256]
Event: 71.647 Thread 0x000001ce7bb549d0 Exception <a 'java/lang/ClassNotFoundException'{0x000000060a9349d0}: com/android/build/gradle/BaseExtensionBeanInfo> (0x000000060a9349d0) 
thrown [s\open\src\hotspot\share\classfile\systemDictionary.cpp, line 256]
Event: 71.648 Thread 0x000001ce7bb549d0 Exception <a 'java/lang/ClassNotFoundException'{0x000000060a944c20}: com/android/build/gradle/BaseExtensionCustomizer> (0x000000060a944c20) 
thrown [s\open\src\hotspot\share\classfile\systemDictionary.cpp, line 256]
Event: 71.657 Thread 0x000001ce7bb549d0 Exception <a 'java/lang/ClassNotFoundException'{0x000000060a9ad678}: com/android/build/gradle/TestedExtensionCustomizer> (0x000000060a9ad678) 
thrown [s\open\src\hotspot\share\classfile\systemDictionary.cpp, line 256]
Event: 71.661 Thread 0x000001ce7bb549d0 Exception <a 'java/lang/ClassNotFoundException'{0x000000060a9d69e0}: com/android/build/gradle/AbstractAppExtensionCustomizer> (0x000000060a9d69e0) 
thrown [s\open\src\hotspot\share\classfile\systemDictionary.cpp, line 256]
Event: 71.664 Thread 0x000001ce7bb549d0 Exception <a 'java/lang/ClassNotFoundException'{0x000000060a9fbfa0}: com/android/build/gradle/AppExtensionCustomizer> (0x000000060a9fbfa0) 
thrown [s\open\src\hotspot\share\classfile\systemDictionary.cpp, line 256]
Event: 71.678 Thread 0x000001ce7bb549d0 Exception <a 'java/lang/ClassNotFoundException'{0x000000060aa20418}: com/android/build/gradle/internal/dsl/BaseAppModuleExtensionCustomizer> (0x000000060aa20418) 
thrown [s\open\src\hotspot\share\classfile\systemDictionary.cpp, line 256]
Event: 71.690 Thread 0x000001ce7bb549d0 Exception <a 'java/lang/ClassNotFoundException'{0x000000060ab0fc30}: com/android/build/gradle/internal/dsl/BaseAppModuleExtension_DecoratedCustomizer> (0x000000060ab0fc30) 
thrown [s\open\src\hotspot\share\classfile\systemDictionary.cpp, line 256]
Event: 71.712 Thread 0x000001ce7bb549d0 Exception <a 'java/lang/ClassNotFoundException'{0x000000060a16fc30}: org/gradle/api/internal/DefaultDomainObjectSet_DecoratedBeanInfo> (0x000000060a16fc30) 
thrown [s\open\src\hotspot\share\classfile\systemDictionary.cpp, line 256]
Event: 71.727 Thread 0x000001ce7bb549d0 Exception <a 'java/lang/ClassNotFoundException'{0x000000060a18ae50}: org/gradle/api/internal/DefaultDomainObjectSet_DecoratedCustomizer> (0x000000060a18ae50) 
thrown [s\open\src\hotspot\share\classfile\systemDictionary.cpp, line 256]
Event: 72.218 Thread 0x000001ce7bb549d0 Exception <a 'java/lang/NoSuchMethodError'{0x000000060c580af0}: static Lorg/jetbrains/kotlin/gradle/plugin/internal/DefaultProjectIsolationStartParameterAccessor$Factory;.<clinit>()V> (0x000000060c580af0) 
thrown [s\open\src\hotspot\share\prims\jni.cpp, line 1107]
Event: 72.227 Thread 0x000001ce7bb549d0 Exception <a 'java/lang/NoSuchMethodError'{0x000000060c5c4a60}: static Lorg/jetbrains/kotlin/gradle/plugin/internal/DefaultJavaExecTaskParametersCompatibility$Factory;.<clinit>()V> (0x000000060c5c4a60) 
thrown [s\open\src\hotspot\share\prims\jni.cpp, line 1107]
Event: 72.262 Thread 0x000001ce7bb549d0 Exception <a 'java/lang/NoSuchMethodError'{0x000000060c5f5a58}: static Lorg/jetbrains/kotlin/gradle/plugin/internal/DefaultMavenPublicationComponentAccessorFactory;.<clinit>()V> (0x000000060c5f5a58) 
thrown [s\open\src\hotspot\share\prims\jni.cpp, line 1107]
Event: 72.279 Thread 0x000001ce7bb549d0 Exception <a 'java/lang/NoSuchMethodError'{0x000000060c618528}: static Lorg/jetbrains/kotlin/gradle/plugin/diagnostics/DefaultProblemsReporter$Factory;.<clinit>()V> (0x000000060c618528) 
thrown [s\open\src\hotspot\share\prims\jni.cpp, line 1107]
Event: 72.283 Thread 0x000001ce7bb549d0 Exception <a 'java/lang/NoSuchMethodError'{0x000000060c63d338}: static Lorg/jetbrains/kotlin/gradle/plugin/internal/DefaultCompatibilityConventionRegistrar$Factory;.<clinit>()V> (0x000000060c63d338) 
thrown [s\open\src\hotspot\share\prims\jni.cpp, line 1107]
Event: 72.287 Thread 0x000001ce7bb549d0 Exception <a 'java/lang/NoSuchMethodError'{0x000000060c65b928}: static Lorg/jetbrains/kotlin/gradle/plugin/internal/DefaultConfigurationCacheStartParameterAccessorVariantFactory;.<clinit>()V> (0x000000060c65b928) 
thrown [s\open\src\hotspot\share\prims\jni.cpp, line 1107]
Event: 72.499 Thread 0x000001ce7bb549d0 Exception <a 'java/lang/NoSuchMethodError'{0x000000060c343cb0}: static Ljava/lang/Object;.<clinit>()V> (0x000000060c343cb0) 
thrown [s\open\src\hotspot\share\prims\jni.cpp, line 1107]
Event: 72.512 Thread 0x000001ce7bb549d0 Exception <a 'java/lang/NoSuchMethodError'{0x000000060c391e08}: static Lorg/jetbrains/kotlin/gradle/plugin/statistics/MetricContainer;.<clinit>()V> (0x000000060c391e08) 
thrown [s\open\src\hotspot\share\prims\jni.cpp, line 1107]

VM Operations (20 events):
Event: 67.469 Executing VM operation: HandshakeAllThreads done
Event: 68.161 Executing VM operation: G1CollectForAllocation
Event: 68.172 Executing VM operation: G1CollectForAllocation done
Event: 68.310 Executing VM operation: G1Concurrent
Event: 68.321 Executing VM operation: G1Concurrent done
Event: 68.381 Executing VM operation: G1Concurrent
Event: 68.395 Executing VM operation: G1Concurrent done
Event: 69.407 Executing VM operation: Cleanup
Event: 69.408 Executing VM operation: Cleanup done
Event: 70.312 Executing VM operation: G1CollectForAllocation
Event: 70.319 Executing VM operation: G1CollectForAllocation done
Event: 71.321 Executing VM operation: Cleanup
Event: 71.323 Executing VM operation: Cleanup done
Event: 72.125 Executing VM operation: G1CollectForAllocation
Event: 72.130 Executing VM operation: G1CollectForAllocation done
Event: 73.133 Executing VM operation: Cleanup
Event: 73.134 Executing VM operation: Cleanup done
Event: 73.697 Executing VM operation: G1CollectForAllocation
Event: 73.702 Executing VM operation: G1CollectForAllocation done
Event: 73.847 Executing VM operation: G1Concurrent

Events (20 events):
Event: 71.516 loading class java/util/ArrayListBeanInfo
Event: 71.516 loading class java/util/ArrayListBeanInfo done
Event: 71.517 loading class java/util/ArrayListBeanInfo
Event: 71.517 loading class java/util/ArrayListBeanInfo done
Event: 71.517 loading class java/util/AbstractListBeanInfo
Event: 71.517 loading class java/util/AbstractListBeanInfo done
Event: 71.518 loading class java/util/AbstractListBeanInfo
Event: 71.518 loading class java/util/AbstractListBeanInfo done
Event: 71.519 loading class java/util/AbstractListCustomizer
Event: 71.519 loading class java/util/AbstractListCustomizer done
Event: 71.520 loading class java/util/AbstractListCustomizer
Event: 71.520 loading class java/util/AbstractListCustomizer done
Event: 71.521 loading class java/util/ArrayListCustomizer
Event: 71.521 loading class java/util/ArrayListCustomizer done
Event: 71.522 loading class java/util/ArrayListCustomizer
Event: 71.522 loading class java/util/ArrayListCustomizer done
Event: 71.527 Thread 0x000001cec45894d0 Thread added: 0x000001cec45894d0
Event: 72.409 Thread 0x000001cec45894d0 Thread exited: 0x000001cec45894d0
Event: 72.548 Thread 0x000001cec2dfeb60 Thread added: 0x000001cec2dfeb60
Event: 73.489 Thread 0x000001cec7b70d20 Thread added: 0x000001cec7b70d20


Dynamic libraries:
0x00007ff7f3a30000 - 0x00007ff7f3a40000 	C:\Program Files\Java\jdk-17\bin\java.exe
0x00007ffa0d1c0000 - 0x00007ffa0d427000 	C:\WINDOWS\SYSTEM32\ntdll.dll
0x00007ffa0af50000 - 0x00007ffa0b019000 	C:\WINDOWS\System32\KERNEL32.DLL
0x00007ffa0a920000 - 0x00007ffa0ad14000 	C:\WINDOWS\System32\KERNELBASE.dll
0x00007ffa0a5f0000 - 0x00007ffa0a73b000 	C:\WINDOWS\System32\ucrtbase.dll
0x00007ff978380000 - 0x00007ff978399000 	C:\Program Files\Java\jdk-17\bin\jli.dll
0x00007ffa0c8b0000 - 0x00007ffa0c966000 	C:\WINDOWS\System32\ADVAPI32.dll
0x00007ffa0bd10000 - 0x00007ffa0bdb9000 	C:\WINDOWS\System32\msvcrt.dll
0x00007ffa0c740000 - 0x00007ffa0c7e7000 	C:\WINDOWS\System32\sechost.dll
0x00007ffa0bea0000 - 0x00007ffa0bfb8000 	C:\WINDOWS\System32\RPCRT4.dll
0x00007ffa0b360000 - 0x00007ffa0b525000 	C:\WINDOWS\System32\USER32.dll
0x00007ffa0af20000 - 0x00007ffa0af47000 	C:\WINDOWS\System32\win32u.dll
0x00007ff977760000 - 0x00007ff97777b000 	C:\Program Files\Java\jdk-17\bin\VCRUNTIME140.dll
0x00007ffa0c980000 - 0x00007ffa0c9ab000 	C:\WINDOWS\System32\GDI32.dll
0x00007ffa0a7f0000 - 0x00007ffa0a91b000 	C:\WINDOWS\System32\gdi32full.dll
0x00007ffa0a740000 - 0x00007ffa0a7e3000 	C:\WINDOWS\System32\msvcp_win.dll
0x00007ff9f4560000 - 0x00007ff9f47f3000 	C:\WINDOWS\WinSxS\amd64_microsoft.windows.common-controls_6595b64144ccf1df_6.0.26100.8115_none_3e075c82e3354f9c\COMCTL32.dll
0x00007ffa04110000 - 0x00007ffa0411b000 	C:\WINDOWS\SYSTEM32\VERSION.dll
0x00007ffa0d120000 - 0x00007ffa0d152000 	C:\WINDOWS\System32\IMM32.DLL
0x00007ff9926d0000 - 0x00007ff9926dc000 	C:\Program Files\Java\jdk-17\bin\vcruntime140_1.dll
0x00007ff9691c0000 - 0x00007ff96924e000 	C:\Program Files\Java\jdk-17\bin\msvcp140.dll
0x00007ff9217b0000 - 0x00007ff92238e000 	C:\Program Files\Java\jdk-17\bin\server\jvm.dll
0x00007ffa0b050000 - 0x00007ffa0b058000 	C:\WINDOWS\System32\PSAPI.DLL
0x00007ffa040d0000 - 0x00007ffa04106000 	C:\WINDOWS\SYSTEM32\WINMM.dll
0x00007ff992010000 - 0x00007ff99201a000 	C:\WINDOWS\SYSTEM32\WSOCK32.dll
0x00007ffa0b0f0000 - 0x00007ffa0b170000 	C:\WINDOWS\System32\WS2_32.dll
0x00007ffa087c0000 - 0x00007ffa087db000 	C:\WINDOWS\SYSTEM32\kernel.appcore.dll
0x00007ff991f80000 - 0x00007ff991f8a000 	C:\Program Files\Java\jdk-17\bin\jimage.dll
0x00007ff9fc940000 - 0x00007ff9fcb82000 	C:\WINDOWS\SYSTEM32\DBGHELP.DLL
0x00007ffa0c2e0000 - 0x00007ffa0c662000 	C:\WINDOWS\System32\combase.dll
0x00007ffa0bdc0000 - 0x00007ffa0be98000 	C:\WINDOWS\System32\OLEAUT32.dll
0x00007ff9eb4b0000 - 0x00007ff9eb4eb000 	C:\WINDOWS\SYSTEM32\dbgcore.DLL
0x00007ffa0ae70000 - 0x00007ffa0af15000 	C:\WINDOWS\System32\bcryptPrimitives.dll
0x00007ff997fb0000 - 0x00007ff997fbe000 	C:\Program Files\Java\jdk-17\bin\instrument.dll
0x00007ff96d1e0000 - 0x00007ff96d205000 	C:\Program Files\Java\jdk-17\bin\java.dll
0x00007ff9680f0000 - 0x00007ff9681c7000 	C:\Program Files\Java\jdk-17\bin\jsvml.dll
0x00007ffa0c9b0000 - 0x00007ffa0d117000 	C:\WINDOWS\System32\SHELL32.dll
0x00007ffa09a90000 - 0x00007ffa09bfa000 	C:\WINDOWS\System32\wintypes.dll
0x00007ffa09c00000 - 0x00007ffa0a468000 	C:\WINDOWS\System32\windows.storage.dll
0x00007ffa0b730000 - 0x00007ffa0b828000 	C:\WINDOWS\System32\SHCORE.dll
0x00007ffa0c670000 - 0x00007ffa0c6d6000 	C:\WINDOWS\System32\shlwapi.dll
0x00007ffa099b0000 - 0x00007ffa099d9000 	C:\WINDOWS\SYSTEM32\profapi.dll
0x00007ff96eb90000 - 0x00007ff96eba8000 	C:\Program Files\Java\jdk-17\bin\zip.dll
0x00007ff977700000 - 0x00007ff977719000 	C:\Program Files\Java\jdk-17\bin\net.dll
0x00007ffa00ec0000 - 0x00007ffa00fed000 	C:\WINDOWS\SYSTEM32\WINHTTP.dll
0x00007ffa08d90000 - 0x00007ffa08dfc000 	C:\WINDOWS\system32\mswsock.dll
0x00007ff975f40000 - 0x00007ff975f56000 	C:\Program Files\Java\jdk-17\bin\nio.dll
0x00007ff9903a0000 - 0x00007ff9903b0000 	C:\Program Files\Java\jdk-17\bin\verify.dll
0x00007ff9904c0000 - 0x00007ff9904e7000 	C:\Users\hp\.gradle\native\1def1411415f61bf3af743bc5b6707747c0891f09f0c88961ee8f79bc544acac\windows-amd64\native-platform.dll
0x00007ff969290000 - 0x00007ff969308000 	C:\Users\hp\.gradle\native\0.2.7\x86_64-windows-gnu\gradle-fileevents.dll
0x00007ff98dab0000 - 0x00007ff98daba000 	C:\Program Files\Java\jdk-17\bin\management.dll
0x00007ff98d160000 - 0x00007ff98d16b000 	C:\Program Files\Java\jdk-17\bin\management_ext.dll
0x00007ffa08200000 - 0x00007ffa08232000 	C:\WINDOWS\SYSTEM32\IPHLPAPI.DLL
0x00007ffa0c970000 - 0x00007ffa0c97a000 	C:\WINDOWS\System32\NSI.dll
0x00007ffa04630000 - 0x00007ffa0464d000 	C:\WINDOWS\SYSTEM32\dhcpcsvc6.DLL
0x00007ffa04600000 - 0x00007ffa04625000 	C:\WINDOWS\SYSTEM32\dhcpcsvc.DLL
0x00007ffa08290000 - 0x00007ffa083c2000 	C:\WINDOWS\SYSTEM32\DNSAPI.dll
0x00007ffa09070000 - 0x00007ffa0908b000 	C:\WINDOWS\SYSTEM32\CRYPTSP.dll
0x00007ffa08780000 - 0x00007ffa087b9000 	C:\WINDOWS\system32\rsaenh.dll
0x00007ffa08e40000 - 0x00007ffa08e73000 	C:\WINDOWS\SYSTEM32\USERENV.dll
0x00007ffa09980000 - 0x00007ffa099aa000 	C:\WINDOWS\SYSTEM32\bcrypt.dll
0x00007ffa09090000 - 0x00007ffa0909c000 	C:\WINDOWS\SYSTEM32\CRYPTBASE.dll
0x00007ff98c4f0000 - 0x00007ff98c4fe000 	C:\Program Files\Java\jdk-17\bin\sunmscapi.dll
0x00007ffa0a470000 - 0x00007ffa0a5e7000 	C:\WINDOWS\System32\CRYPT32.dll
0x00007ffa09290000 - 0x00007ffa092c0000 	C:\WINDOWS\SYSTEM32\ncrypt.dll
0x00007ffa09240000 - 0x00007ffa0927f000 	C:\WINDOWS\SYSTEM32\NTASN1.dll
0x00007ff99d150000 - 0x00007ff99d158000 	C:\WINDOWS\system32\wshunix.dll
0x00007ffa00860000 - 0x00007ffa0086b000 	C:\Windows\System32\rasadhlp.dll
0x00007ffa04da0000 - 0x00007ffa04e26000 	C:\WINDOWS\System32\fwpuclnt.dll
0x00007ff9ec060000 - 0x00007ff9ec078000 	C:\WINDOWS\system32\napinsp.dll
0x00007ff9e90b0000 - 0x00007ff9e90c3000 	C:\WINDOWS\System32\winrnr.dll
0x00007ff9e9020000 - 0x00007ff9e9042000 	C:\WINDOWS\system32\nlansp_c.dll
0x00007ff9e8e20000 - 0x00007ff9e8e36000 	C:\WINDOWS\system32\wshbth.dll

dbghelp: loaded successfully - version: 4.0.5 - missing functions: none
symbol engine: initialized successfully - sym options: 0x614 - pdb path: .;C:\Program Files\Java\jdk-17\bin;C:\WINDOWS\SYSTEM32;C:\WINDOWS\WinSxS\amd64_microsoft.windows.common-controls_6595b64144ccf1df_6.0.26100.8115_none_3e075c82e3354f9c;C:\Program Files\Java\jdk-17\bin\server;C:\Users\hp\.gradle\native\1def1411415f61bf3af743bc5b6707747c0891f09f0c88961ee8f79bc544acac\windows-amd64;C:\Users\hp\.gradle\native\0.2.7\x86_64-windows-gnu

VM Arguments:
jvm_args: --add-opens=java.base/java.lang=ALL-UNNAMED --add-opens=java.base/java.lang.invoke=ALL-UNNAMED --add-opens=java.base/java.util=ALL-UNNAMED --add-opens=java.prefs/java.util.prefs=ALL-UNNAMED --add-exports=jdk.compiler/com.sun.tools.javac.api=ALL-UNNAMED --add-exports=jdk.compiler/com.sun.tools.javac.util=ALL-UNNAMED --add-opens=java.base/java.util=ALL-UNNAMED --add-opens=java.prefs/java.util.prefs=ALL-UNNAMED --add-opens=java.base/java.nio.charset=ALL-UNNAMED --add-opens=java.base/java.net=ALL-UNNAMED --add-opens=java.base/java.util.concurrent.atomic=ALL-UNNAMED --add-opens=java.xml/javax.xml.namespace=ALL-UNNAMED -XX:MaxMetaspaceSize=4G -XX:ReservedCodeCacheSize=512m -XX:+HeapDumpOnOutOfMemoryError -Xmx8G -Dfile.encoding=UTF-8 -Duser.country=US -Duser.language=en -Duser.variant -javaagent:C:\Users\hp\.gradle\wrapper\dists\gradle-8.14-all\c2qonpi39x1mddn7hk5gh9iqj\gradle-8.14\lib\agents\gradle-instrumentation-agent-8.14.jar 
java_command: org.gradle.launcher.daemon.bootstrap.GradleDaemon 8.14
java_class_path (initial): C:\Users\hp\.gradle\wrapper\dists\gradle-8.14-all\c2qonpi39x1mddn7hk5gh9iqj\gradle-8.14\lib\gradle-daemon-main-8.14.jar
Launcher Type: SUN_STANDARD

[Global flags]
     intx CICompilerCount                          = 4                                         {product} {ergonomic}
     uint ConcGCThreads                            = 2                                         {product} {ergonomic}
     uint G1ConcRefinementThreads                  = 8                                         {product} {ergonomic}
   size_t G1HeapRegionSize                         = 4194304                                   {product} {ergonomic}
    uintx GCDrainStackTargetSize                   = 64                                        {product} {ergonomic}
     bool HeapDumpOnOutOfMemoryError               = true                                   {manageable} {command line}
   size_t InitialHeapSize                          = 125829120                                 {product} {ergonomic}
   size_t MarkStackSize                            = 4194304                                   {product} {ergonomic}
   size_t MaxHeapSize                              = 8589934592                                {product} {command line}
   size_t MaxMetaspaceSize                         = 4294967296                                {product} {command line}
   size_t MaxNewSize                               = 5150605312                                {product} {ergonomic}
   size_t MinHeapDeltaBytes                        = 4194304                                   {product} {ergonomic}
   size_t MinHeapSize                              = 8388608                                   {product} {ergonomic}
    uintx NonNMethodCodeHeapSize                   = 5839372                                {pd product} {ergonomic}
    uintx NonProfiledCodeHeapSize                  = 265515770                              {pd product} {ergonomic}
    uintx ProfiledCodeHeapSize                     = 265515770                              {pd product} {ergonomic}
    uintx ReservedCodeCacheSize                    = 536870912                              {pd product} {command line}
     bool SegmentedCodeCache                       = true                                      {product} {ergonomic}
   size_t SoftMaxHeapSize                          = 8589934592                             {manageable} {ergonomic}
   double SweeperThreshold                         = 0.234375                                  {product} {ergonomic}
     bool UseCompressedClassPointers               = true                           {product lp64_product} {ergonomic}
     bool UseCompressedOops                        = true                           {product lp64_product} {ergonomic}
     bool UseG1GC                                  = true                                      {product} {ergonomic}
     bool UseLargePagesIndividualAllocation        = false                                  {pd product} {ergonomic}

Logging:
Log output configuration:
 #0: stdout all=warning uptime,level,tags
 #1: stderr all=off uptime,level,tags

Environment Variables:
JAVA_HOME=C:\Program Files\Java\jdk-17
PATH=C:\Users\hp\AppData\Local\Programs\Microsoft VS Code;C:\Program Files\Common Files\Oracle\Java\javapath;C:\Program Files (x86)\Common Files\Oracle\Java\javapath;C:\windows\system32;C:\windows;C:\windows\System32\Wbem;C:\windows\System32\WindowsPowerShell\v1.0\;C:\windows\System32\OpenSSH\;C:\Program Files\Microsoft SQL Server\150\Tools\Binn\;C:\Program Files\Microsoft SQL Server\Client SDK\ODBC\170\Tools\Binn\;C:\Program Files (x86)\dotnet\;C:\Program Files\Go\bin;C:\xampp\php;C:\Program Files\Git\cmd;C:\Program Files (x86)\Microsoft SQL Server\160\Tools\Binn\;C:\Program Files\Microsoft SQL Server\160\Tools\Binn\;C:\Program Files\Microsoft SQL Server\160\DTS\Binn\;C:\ProgramData\ComposerSetup\bin;C:\Program Files (x86)\Microsoft SQL Server\150\Tools\Binn\;C:\Program Files\Microsoft SQL Server\150\DTS\Binn\;C:\Program Files\Azure Data Studio\bin;D:\Naufal Data\PKL\Dev\flutter\bin;C:\MinGW\bin;C:\WINDOWS\system32;C:\WINDOWS;C:\WINDOWS\System32\Wbem;C:\WINDOWS\System32\WindowsPowerShell\v1.0\;C:\WINDOWS\System32\OpenSSH\;C:\Program Files\dotnet\;JAVA_HOME;C:\Program Files\nodejs\;C:\src\Android\SDK\cmdline-tools\tools\bin;C:\Program Files\Java\jdk-17;D:\NaufalData\PKL\JDK\jdk-21.0.1\bin;C:\Users\hp\.dotnet\tools;C:\Program Files\Java\scripts;C:\Users\hp\AppData\Local\Microsoft\WindowsApps;C:\Users\hp\AppData\Local\Programs\Microsoft VS Code\bin;C:\Users\hp\go\bin;C:\Users\hp\AppData\Roaming\Composer\vendor\bin;D:\NaufalData\Koding\Flutter\flutter\bin;C:\Users\hp\AppData\Local\spicetify;C:\Users\hp\AppData\Local\Microsoft\WindowsApps;C:\zig-windows-x86_64-0.13.0;C:\Users\hp\AppData\Local\GitHubDesktop\bin;C:\Users\hp\.dotnet\tools;C:\Users\hp\AppData\Local\Programs\Antigravity\bin;C:\src\Android\SDK\cmdline-tools\latest\bin;C:\src\Android\SDK\platform-tools;C:\Users\hp\AppData\Local\Python\bin;C:\Users\hp\AppData\Local\Python\bin\python.exe;C:\Users\hp\AppData\Local\Python\pythoncore-3.14-64\Scripts;C:\Program Files (x86)\MongoDB Atlas CLI\;C:\Users\hp\AppData\Local\M
USERNAME=hp
OS=Windows_NT
PROCESSOR_IDENTIFIER=AMD64 Family 23 Model 104 Stepping 1, AuthenticAMD



---------------  S Y S T E M  ---------------

OS:
 Windows 11 , 64 bit Build 26100 (10.0.26100.8246)
OS uptime: 0 days 13:58 hours
Hyper-V role detected

CPU: total 8 (initial active 8) (8 cores per cpu, 2 threads per core) family 23 model 104 stepping 1 microcode 0x8608104, cx8, cmov, fxsr, ht, mmx, 3dnowpref, sse, sse2, sse3, ssse3, sse4a, sse4.1, sse4.2, popcnt, lzcnt, tsc, tscinvbit, avx, avx2, aes, clmul, bmi1, bmi2, adx, sha, fma, vzeroupper, clflush, clflushopt, hv

Memory: 4k page, system-wide physical 7502M (862M free)
TotalPageFile size 18327M (AvailPageFile size 9M)
current process WorkingSet (physical memory assigned to process): 419M, peak: 443M
current process commit charge ("private bytes"): 519M, peak: 527M

vm_info: Java HotSpot(TM) 64-Bit Server VM (17.0.8+9-LTS-211) for windows-amd64 JRE (17.0.8+9-LTS-211), built on Jun 14 2023 10:34:31 by "mach5one" with MS VC++ 17.1 (VS2022)

END.
