#
# There is insufficient memory for the Java Runtime Environment to continue.
# Native memory allocation (malloc) failed to allocate 255744 bytes. Error detail: Chunk::new
# Possible reasons:
#   The system is out of physical RAM or swap space
#   This process is running with CompressedOops enabled, and the Java Heap may be blocking the growth of the native heap
# Possible solutions:
#   Reduce memory load on the system
#   Increase physical memory or swap space
#   Check if swap backing store is full
#   Decrease Java heap size (-Xmx/-Xms)
#   Decrease number of Java threads
#   Decrease Java thread stack sizes (-Xss)
#   Set larger code cache with -XX:ReservedCodeCacheSize=
#   JVM is running with Zero Based Compressed Oops mode in which the Java heap is
#     placed in the first 32GB address space. The Java Heap base address is the
#     maximum limit for the native heap growth. Please use -XX:HeapBaseMinAddress
#     to set the Java Heap base and to place the Java Heap above 32GB virtual address.
# This output file may be truncated or incomplete.
#
#  Out of Memory Error (arena.cpp:168), pid=22392, tid=12952
#
# JRE version: OpenJDK Runtime Environment Temurin-21.0.10+7 (21.0.10+7) (build 21.0.10+7-LTS)
# Java VM: OpenJDK 64-Bit Server VM Temurin-21.0.10+7 (21.0.10+7-LTS, mixed mode, sharing, tiered, compressed oops, compressed class ptrs, g1 gc, windows-amd64)
# No core dump will be written. Minidumps are not enabled by default on client versions of Windows
#

---------------  S U M M A R Y ------------

Command Line: --add-opens=java.base/java.lang=ALL-UNNAMED --add-opens=java.base/java.lang.invoke=ALL-UNNAMED --add-opens=java.base/java.util=ALL-UNNAMED --add-opens=java.prefs/java.util.prefs=ALL-UNNAMED --add-exports=jdk.compiler/com.sun.tools.javac.api=ALL-UNNAMED --add-exports=jdk.compiler/com.sun.tools.javac.util=ALL-UNNAMED --add-opens=java.base/java.util=ALL-UNNAMED --add-opens=java.prefs/java.util.prefs=ALL-UNNAMED --add-opens=java.base/java.nio.charset=ALL-UNNAMED --add-opens=java.base/java.net=ALL-UNNAMED --add-opens=java.base/java.util.concurrent.atomic=ALL-UNNAMED --add-opens=java.xml/javax.xml.namespace=ALL-UNNAMED -XX:MaxMetaspaceSize=4G -XX:ReservedCodeCacheSize=512m -XX:+HeapDumpOnOutOfMemoryError -Xmx8G -Dfile.encoding=UTF-8 -Duser.country=US -Duser.language=en -Duser.variant -javaagent:C:\Users\hp\.gradle\wrapper\dists\gradle-8.14-all\c2qonpi39x1mddn7hk5gh9iqj\gradle-8.14\lib\agents\gradle-instrumentation-agent-8.14.jar org.gradle.launcher.daemon.bootstrap.GradleDaemon 8.14

Host: AMD Ryzen 3 5300U with Radeon Graphics         , 8 cores, 7G,  Windows 11 , 64 bit Build 26100 (10.0.26100.8246)
Time: Wed May 13 10:36:09 2026 SE Asia Standard Time elapsed time: 95.486069 seconds (0d 0h 1m 35s)

---------------  T H R E A D  ---------------

Current thread (0x000002ad710ed760):  JavaThread "C2 CompilerThread0" daemon [_thread_in_native, id=12952, stack(0x000000fd1d100000,0x000000fd1d200000) (1024K)]


Current CompileTask:
C2:95486 11182       4       org.gradle.cache.internal.btree.KeyHasher$MessageDigestStream::getChecksum (41 bytes)

Stack: [0x000000fd1d100000,0x000000fd1d200000]
Native frames: (J=compiled Java code, j=interpreted, Vv=VM code, C=native code)
V  [jvm.dll+0x6d7a39]
V  [jvm.dll+0x8b4b26]
V  [jvm.dll+0x8b70de]
V  [jvm.dll+0x8b77c3]
V  [jvm.dll+0x284346]
V  [jvm.dll+0xc66ed]
V  [jvm.dll+0xc6c31]
V  [jvm.dll+0x3bec3b]
V  [jvm.dll+0x38b162]
V  [jvm.dll+0x38a5aa]
V  [jvm.dll+0x24c560]
V  [jvm.dll+0x24bb40]
V  [jvm.dll+0x1cb34e]
V  [jvm.dll+0x25b85d]
V  [jvm.dll+0x259dea]
V  [jvm.dll+0x3f857e]
V  [jvm.dll+0x85f59d]
V  [jvm.dll+0x6d626d]
C  [ucrtbase.dll+0x37b0]
C  [KERNEL32.DLL+0x2e8d7]
C  [ntdll.dll+0x8c3fc]


---------------  P R O C E S S  ---------------

Threads class SMR info:
_java_thread_list=0x000002ad7d1b59b0, length=115, elements={
0x000002ad637e8b70, 0x000002ad710dfa70, 0x000002ad710e3300, 0x000002ad710eaab0,
0x000002ad710eb510, 0x000002ad710ebf70, 0x000002ad710ec9d0, 0x000002ad710ed760,
0x000002ad710f2ed0, 0x000002ad73ba9850, 0x000002ad73c3c500, 0x000002ad78c2bb20,
0x000002ad795c9030, 0x000002ad797361e0, 0x000002ad7963a440, 0x000002ad7963aab0,
0x000002ad79707920, 0x000002ad797a6580, 0x000002ad797a6c10, 0x000002ad797a8ce0,
0x000002ad797a7930, 0x000002ad797a72a0, 0x000002ad797a7fc0, 0x000002ad797a8650,
0x000002ad7a0c54c0, 0x000002ad7a0c2d60, 0x000002ad7a0c26d0, 0x000002ad7a0c4110,
0x000002ad7a0c4e30, 0x000002ad7a0c5b50, 0x000002ad7a0c3a80, 0x000002ad7a0c8940,
0x000002ad7a0c9660, 0x000002ad7a0c61e0, 0x000002ad7a0c6870, 0x000002ad7a0c7590,
0x000002ad7a0c7c20, 0x000002ad7b22c6d0, 0x000002ad7b22d3f0, 0x000002ad7b22ee30,
0x000002ad7b22fb50, 0x000002ad7b2301e0, 0x000002ad7b22e110, 0x000002ad7b22da80,
0x000002ad7b22e7a0, 0x000002ad7b22f4c0, 0x000002ad7b22cd60, 0x000002ad7b233cf0,
0x000002ad7b231590, 0x000002ad7b230870, 0x000002ad7b230f00, 0x000002ad7b231c20,
0x000002ad7b232fd0, 0x000002ad7b232940, 0x000002ad7b2322b0, 0x000002ad7cc700b0,
0x000002ad7cc6e670, 0x000002ad7cc6ed00, 0x000002ad7cc6fa20, 0x000002ad7c94b330,
0x000002ad7c94b9c0, 0x000002ad7c94a610, 0x000002ad7c94c050, 0x000002ad7c94c6e0,
0x000002ad7c949260, 0x000002ad7c94aca0, 0x000002ad7c94cd70, 0x000002ad7c9498f0,
0x000002ad7c94d400, 0x000002ad7c949f80, 0x000002ad7c94ee40, 0x000002ad7c950880,
0x000002ad7c94f4d0, 0x000002ad7c94da90, 0x000002ad7c94fb60, 0x000002ad7c9501f0,
0x000002ad7c94e120, 0x000002ad7c94e7b0, 0x000002ad7d48fb70, 0x000002ad7d48e130,
0x000002ad7d48daa0, 0x000002ad7d48d410, 0x000002ad7d48f4e0, 0x000002ad7d48e7c0,
0x000002ad7d490200, 0x000002ad7d490890, 0x000002ad7d490f20, 0x000002ad7d491c40,
0x000002ad7d48ee50, 0x000002ad7d4943a0, 0x000002ad7d492960, 0x000002ad7d492ff0,
0x000002ad7d493680, 0x000002ad7d493d10, 0x000002ad797a9370, 0x000002ad7d494a30,
0x000002ad73c84670, 0x000002ad73c860b0, 0x000002ad73c83950, 0x000002ad73c83fe0,
0x000002ad73c84d00, 0x000002ad73c85390, 0x000002ad73c85a20, 0x000002ad73c82c30,
0x000002ad73c86740, 0x000002ad73c832c0, 0x000002ad73c87460, 0x000002ad73c88810,
0x000002ad73c87af0, 0x000002ad73c89bc0, 0x000002ad73c8a250, 0x000002ad73c88180,
0x000002ad73c88ea0, 0x000002ad73c89530, 0x000002ad73c86dd0
}

Java Threads: ( => current thread )
  0x000002ad637e8b70 JavaThread "main"                              [_thread_blocked, id=18688, stack(0x000000fd1c300000,0x000000fd1c400000) (1024K)]
  0x000002ad710dfa70 JavaThread "Reference Handler"          daemon [_thread_blocked, id=15632, stack(0x000000fd1cb00000,0x000000fd1cc00000) (1024K)]
  0x000002ad710e3300 JavaThread "Finalizer"                  daemon [_thread_blocked, id=14552, stack(0x000000fd1cc00000,0x000000fd1cd00000) (1024K)]
  0x000002ad710eaab0 JavaThread "Signal Dispatcher"          daemon [_thread_blocked, id=22148, stack(0x000000fd1cd00000,0x000000fd1ce00000) (1024K)]
  0x000002ad710eb510 JavaThread "Attach Listener"            daemon [_thread_blocked, id=8764, stack(0x000000fd1ce00000,0x000000fd1cf00000) (1024K)]
  0x000002ad710ebf70 JavaThread "Service Thread"             daemon [_thread_blocked, id=15384, stack(0x000000fd1cf00000,0x000000fd1d000000) (1024K)]
  0x000002ad710ec9d0 JavaThread "Monitor Deflation Thread"   daemon [_thread_blocked, id=21240, stack(0x000000fd1d000000,0x000000fd1d100000) (1024K)]
=>0x000002ad710ed760 JavaThread "C2 CompilerThread0"         daemon [_thread_in_native, id=12952, stack(0x000000fd1d100000,0x000000fd1d200000) (1024K)]
  0x000002ad710f2ed0 JavaThread "C1 CompilerThread0"         daemon [_thread_blocked, id=8216, stack(0x000000fd1d200000,0x000000fd1d300000) (1024K)]
  0x000002ad73ba9850 JavaThread "Common-Cleaner"             daemon [_thread_blocked, id=4384, stack(0x000000fd1d300000,0x000000fd1d400000) (1024K)]
  0x000002ad73c3c500 JavaThread "Notification Thread"        daemon [_thread_blocked, id=19508, stack(0x000000fd1d400000,0x000000fd1d500000) (1024K)]
  0x000002ad78c2bb20 JavaThread "Daemon health stats"               [_thread_blocked, id=6712, stack(0x000000fd1dc00000,0x000000fd1dd00000) (1024K)]
  0x000002ad795c9030 JavaThread "Incoming local TCP Connector on port 62759"        [_thread_in_native, id=12380, stack(0x000000fd1dd00000,0x000000fd1de00000) (1024K)]
  0x000002ad797361e0 JavaThread "Daemon periodic checks"            [_thread_blocked, id=19536, stack(0x000000fd1df00000,0x000000fd1e000000) (1024K)]
  0x000002ad7963a440 JavaThread "Daemon"                            [_thread_blocked, id=14236, stack(0x000000fd1de00000,0x000000fd1df00000) (1024K)]
  0x000002ad7963aab0 JavaThread "Handler for socket connection from /127.0.0.1:62759 to /127.0.0.1:62760"        [_thread_in_native, id=12628, stack(0x000000fd1e000000,0x000000fd1e100000) (1024K)]
  0x000002ad79707920 JavaThread "Cancel handler"                    [_thread_blocked, id=20436, stack(0x000000fd1e100000,0x000000fd1e200000) (1024K)]
  0x000002ad797a6580 JavaThread "Daemon worker"                     [_thread_in_native, id=8804, stack(0x000000fd1e200000,0x000000fd1e300000) (1024K)]
  0x000002ad797a6c10 JavaThread "Asynchronous log dispatcher for DefaultDaemonConnection: socket connection from /127.0.0.1:62759 to /127.0.0.1:62760"        [_thread_blocked, id=18280, stack(0x000000fd1e300000,0x000000fd1e400000) (1024K)]
  0x000002ad797a8ce0 JavaThread "Stdin handler"                     [_thread_blocked, id=12272, stack(0x000000fd1e400000,0x000000fd1e500000) (1024K)]
  0x000002ad797a7930 JavaThread "Daemon client event forwarder"        [_thread_blocked, id=21748, stack(0x000000fd1e500000,0x000000fd1e600000) (1024K)]
  0x000002ad797a72a0 JavaThread "Cache worker for journal cache (C:\Users\hp\.gradle\caches\journal-1)"        [_thread_blocked, id=11048, stack(0x000000fd1e600000,0x000000fd1e700000) (1024K)]
  0x000002ad797a7fc0 JavaThread "File lock request listener"        [_thread_in_native, id=2160, stack(0x000000fd1e700000,0x000000fd1e800000) (1024K)]
  0x000002ad797a8650 JavaThread "Cache worker for file hash cache (C:\Users\hp\.gradle\caches\8.14\fileHashes)"        [_thread_blocked, id=13760, stack(0x000000fd1e900000,0x000000fd1ea00000) (1024K)]
  0x000002ad7a0c54c0 JavaThread "Cache worker for file hash cache (D:\NaufalData\Polban\Semester4\Proyek4\tubes\Tubes-Proyek_4-B4\sigma\android\.gradle\8.14\fileHashes)"        [_thread_blocked, id=22112, stack(0x000000fd1ec00000,0x000000fd1ed00000) (1024K)]
  0x000002ad7a0c2d60 JavaThread "Cache worker for Build Output Cleanup Cache (D:\NaufalData\Polban\Semester4\Proyek4\tubes\Tubes-Proyek_4-B4\sigma\android\.gradle\buildOutputCleanup)"        [_thread_blocked, id=18480, stack(0x000000fd1ed00000,0x000000fd1ee00000) (1024K)]
  0x000002ad7a0c26d0 JavaThread "File watcher server"        daemon [_thread_in_native, id=16804, stack(0x000000fd1ee00000,0x000000fd1ef00000) (1024K)]
  0x000002ad7a0c4110 JavaThread "File watcher consumer"      daemon [_thread_blocked, id=6220, stack(0x000000fd1ef00000,0x000000fd1f000000) (1024K)]
  0x000002ad7a0c4e30 JavaThread "Cache worker for checksums cache (D:\NaufalData\Polban\Semester4\Proyek4\tubes\Tubes-Proyek_4-B4\sigma\android\.gradle\8.14\checksums)"        [_thread_blocked, id=12596, stack(0x000000fd1ea00000,0x000000fd1eb00000) (1024K)]
  0x000002ad7a0c5b50 JavaThread "Cache worker for file content cache (C:\Users\hp\.gradle\caches\8.14\fileContent)"        [_thread_blocked, id=22060, stack(0x000000fd1f000000,0x000000fd1f100000) (1024K)]
  0x000002ad7a0c3a80 JavaThread "Cache worker for cache directory md-supplier (C:\Users\hp\.gradle\caches\8.14\md-supplier)"        [_thread_blocked, id=21196, stack(0x000000fd1f100000,0x000000fd1f200000) (1024K)]
  0x000002ad7a0c8940 JavaThread "Cache worker for cache directory md-rule (C:\Users\hp\.gradle\caches\8.14\md-rule)"        [_thread_blocked, id=16956, stack(0x000000fd1f200000,0x000000fd1f300000) (1024K)]
  0x000002ad7a0c9660 JavaThread "Cache worker for Build Output Cleanup Cache (D:\NaufalData\Koding\Flutter\flutter\packages\flutter_tools\gradle\.gradle\buildOutputCleanup)"        [_thread_blocked, id=1112, stack(0x000000fd1f400000,0x000000fd1f500000) (1024K)]
  0x000002ad7a0c61e0 JavaThread "Unconstrained build operations"        [_thread_blocked, id=19660, stack(0x000000fd1f300000,0x000000fd1f400000) (1024K)]
  0x000002ad7a0c6870 JavaThread "Unconstrained build operations Thread 2"        [_thread_blocked, id=16320, stack(0x000000fd1f500000,0x000000fd1f600000) (1024K)]
  0x000002ad7a0c7590 JavaThread "Unconstrained build operations Thread 3"        [_thread_blocked, id=15480, stack(0x000000fd1f600000,0x000000fd1f700000) (1024K)]
  0x000002ad7a0c7c20 JavaThread "Unconstrained build operations Thread 4"        [_thread_blocked, id=19896, stack(0x000000fd1f700000,0x000000fd1f800000) (1024K)]
  0x000002ad7b22c6d0 JavaThread "Unconstrained build operations Thread 5"        [_thread_blocked, id=16952, stack(0x000000fd1f800000,0x000000fd1f900000) (1024K)]
  0x000002ad7b22d3f0 JavaThread "Unconstrained build operations Thread 6"        [_thread_blocked, id=2100, stack(0x000000fd1f900000,0x000000fd1fa00000) (1024K)]
  0x000002ad7b22ee30 JavaThread "Unconstrained build operations Thread 7"        [_thread_blocked, id=17364, stack(0x000000fd1fa00000,0x000000fd1fb00000) (1024K)]
  0x000002ad7b22fb50 JavaThread "Unconstrained build operations Thread 8"        [_thread_blocked, id=7732, stack(0x000000fd1fb00000,0x000000fd1fc00000) (1024K)]
  0x000002ad7b2301e0 JavaThread "Unconstrained build operations Thread 9"        [_thread_blocked, id=14284, stack(0x000000fd1fc00000,0x000000fd1fd00000) (1024K)]
  0x000002ad7b22e110 JavaThread "Unconstrained build operations Thread 10"        [_thread_blocked, id=6472, stack(0x000000fd1fd00000,0x000000fd1fe00000) (1024K)]
  0x000002ad7b22da80 JavaThread "Unconstrained build operations Thread 11"        [_thread_blocked, id=17544, stack(0x000000fd1fe00000,0x000000fd1ff00000) (1024K)]
  0x000002ad7b22e7a0 JavaThread "Unconstrained build operations Thread 12"        [_thread_blocked, id=5536, stack(0x000000fd1ff00000,0x000000fd20000000) (1024K)]
  0x000002ad7b22f4c0 JavaThread "Unconstrained build operations Thread 13"        [_thread_blocked, id=21960, stack(0x000000fd20000000,0x000000fd20100000) (1024K)]
  0x000002ad7b22cd60 JavaThread "Unconstrained build operations Thread 14"        [_thread_blocked, id=6240, stack(0x000000fd20100000,0x000000fd20200000) (1024K)]
  0x000002ad7b233cf0 JavaThread "Unconstrained build operations Thread 15"        [_thread_blocked, id=5028, stack(0x000000fd20200000,0x000000fd20300000) (1024K)]
  0x000002ad7b231590 JavaThread "Unconstrained build operations Thread 16"        [_thread_blocked, id=14560, stack(0x000000fd20300000,0x000000fd20400000) (1024K)]
  0x000002ad7b230870 JavaThread "Unconstrained build operations Thread 17"        [_thread_blocked, id=17100, stack(0x000000fd20400000,0x000000fd20500000) (1024K)]
  0x000002ad7b230f00 JavaThread "Unconstrained build operations Thread 18"        [_thread_blocked, id=16488, stack(0x000000fd20500000,0x000000fd20600000) (1024K)]
  0x000002ad7b231c20 JavaThread "Unconstrained build operations Thread 19"        [_thread_blocked, id=2008, stack(0x000000fd20600000,0x000000fd20700000) (1024K)]
  0x000002ad7b232fd0 JavaThread "Unconstrained build operations Thread 20"        [_thread_blocked, id=9532, stack(0x000000fd20700000,0x000000fd20800000) (1024K)]
  0x000002ad7b232940 JavaThread "Unconstrained build operations Thread 21"        [_thread_blocked, id=11256, stack(0x000000fd20800000,0x000000fd20900000) (1024K)]
  0x000002ad7b2322b0 JavaThread "Memory manager"                    [_thread_blocked, id=8124, stack(0x000000fd20b00000,0x000000fd20c00000) (1024K)]
  0x000002ad7cc700b0 JavaThread "build event listener"              [_thread_blocked, id=19260, stack(0x000000fd20900000,0x000000fd20a00000) (1024K)]
  0x000002ad7cc6e670 JavaThread "included builds"                   [_thread_blocked, id=19840, stack(0x000000fd20c00000,0x000000fd20d00000) (1024K)]
  0x000002ad7cc6ed00 JavaThread "Execution worker"                  [_thread_blocked, id=4336, stack(0x000000fd20d00000,0x000000fd20e00000) (1024K)]
  0x000002ad7cc6fa20 JavaThread "Execution worker Thread 2"         [_thread_blocked, id=17244, stack(0x000000fd20e00000,0x000000fd20f00000) (1024K)]
  0x000002ad7c94b330 JavaThread "Execution worker Thread 3"         [_thread_blocked, id=7712, stack(0x000000fd20f00000,0x000000fd21000000) (1024K)]
  0x000002ad7c94b9c0 JavaThread "Execution worker Thread 4"         [_thread_blocked, id=6852, stack(0x000000fd21000000,0x000000fd21100000) (1024K)]
  0x000002ad7c94a610 JavaThread "Execution worker Thread 5"         [_thread_blocked, id=11880, stack(0x000000fd21100000,0x000000fd21200000) (1024K)]
  0x000002ad7c94c050 JavaThread "Execution worker Thread 6"         [_thread_blocked, id=12244, stack(0x000000fd21200000,0x000000fd21300000) (1024K)]
  0x000002ad7c94c6e0 JavaThread "Execution worker Thread 7"         [_thread_blocked, id=10860, stack(0x000000fd21300000,0x000000fd21400000) (1024K)]
  0x000002ad7c949260 JavaThread "Cache worker for execution history cache (D:\NaufalData\Koding\Flutter\flutter\packages\flutter_tools\gradle\.gradle\8.14\executionHistory)"        [_thread_blocked, id=13288, stack(0x000000fd21400000,0x000000fd21500000) (1024K)]
  0x000002ad7c94aca0 JavaThread "Unconstrained build operations Thread 22"        [_thread_blocked, id=21800, stack(0x000000fd1c000000,0x000000fd1c100000) (1024K)]
  0x000002ad7c94cd70 JavaThread "Unconstrained build operations Thread 23"        [_thread_blocked, id=22456, stack(0x000000fd20a00000,0x000000fd20b00000) (1024K)]
  0x000002ad7c9498f0 JavaThread "Unconstrained build operations Thread 24"        [_thread_blocked, id=17384, stack(0x000000fd21500000,0x000000fd21600000) (1024K)]
  0x000002ad7c94d400 JavaThread "Unconstrained build operations Thread 25"        [_thread_blocked, id=16376, stack(0x000000fd21600000,0x000000fd21700000) (1024K)]
  0x000002ad7c949f80 JavaThread "Unconstrained build operations Thread 26"        [_thread_blocked, id=21536, stack(0x000000fd21700000,0x000000fd21800000) (1024K)]
  0x000002ad7c94ee40 JavaThread "Unconstrained build operations Thread 27"        [_thread_blocked, id=17236, stack(0x000000fd21800000,0x000000fd21900000) (1024K)]
  0x000002ad7c950880 JavaThread "Unconstrained build operations Thread 28"        [_thread_blocked, id=17400, stack(0x000000fd21900000,0x000000fd21a00000) (1024K)]
  0x000002ad7c94f4d0 JavaThread "Unconstrained build operations Thread 29"        [_thread_blocked, id=20384, stack(0x000000fd21a00000,0x000000fd21b00000) (1024K)]
  0x000002ad7c94da90 JavaThread "Unconstrained build operations Thread 30"        [_thread_blocked, id=20440, stack(0x000000fd21b00000,0x000000fd21c00000) (1024K)]
  0x000002ad7c94fb60 JavaThread "Unconstrained build operations Thread 31"        [_thread_blocked, id=1952, stack(0x000000fd21c00000,0x000000fd21d00000) (1024K)]
  0x000002ad7c9501f0 JavaThread "Unconstrained build operations Thread 32"        [_thread_blocked, id=4444, stack(0x000000fd21d00000,0x000000fd21e00000) (1024K)]
  0x000002ad7c94e120 JavaThread "Unconstrained build operations Thread 33"        [_thread_blocked, id=12188, stack(0x000000fd21e00000,0x000000fd21f00000) (1024K)]
  0x000002ad7c94e7b0 JavaThread "Unconstrained build operations Thread 34"        [_thread_blocked, id=1884, stack(0x000000fd21f00000,0x000000fd22000000) (1024K)]
  0x000002ad7d48fb70 JavaThread "Unconstrained build operations Thread 35"        [_thread_blocked, id=14364, stack(0x000000fd22000000,0x000000fd22100000) (1024K)]
  0x000002ad7d48e130 JavaThread "Unconstrained build operations Thread 36"        [_thread_blocked, id=12480, stack(0x000000fd22100000,0x000000fd22200000) (1024K)]
  0x000002ad7d48daa0 JavaThread "Unconstrained build operations Thread 37"        [_thread_blocked, id=19832, stack(0x000000fd22200000,0x000000fd22300000) (1024K)]
  0x000002ad7d48d410 JavaThread "Unconstrained build operations Thread 38"        [_thread_blocked, id=12512, stack(0x000000fd22300000,0x000000fd22400000) (1024K)]
  0x000002ad7d48f4e0 JavaThread "Unconstrained build operations Thread 39"        [_thread_blocked, id=1988, stack(0x000000fd22400000,0x000000fd22500000) (1024K)]
  0x000002ad7d48e7c0 JavaThread "Unconstrained build operations Thread 40"        [_thread_blocked, id=19820, stack(0x000000fd22500000,0x000000fd22600000) (1024K)]
  0x000002ad7d490200 JavaThread "Unconstrained build operations Thread 41"        [_thread_blocked, id=20912, stack(0x000000fd22600000,0x000000fd22700000) (1024K)]
  0x000002ad7d490890 JavaThread "Unconstrained build operations Thread 42"        [_thread_blocked, id=5632, stack(0x000000fd22700000,0x000000fd22800000) (1024K)]
  0x000002ad7d490f20 JavaThread "Unconstrained build operations Thread 43"        [_thread_blocked, id=19036, stack(0x000000fd22800000,0x000000fd22900000) (1024K)]
  0x000002ad7d491c40 JavaThread "Unconstrained build operations Thread 44"        [_thread_blocked, id=21988, stack(0x000000fd22900000,0x000000fd22a00000) (1024K)]
  0x000002ad7d48ee50 JavaThread "WorkerExecutor Queue"              [_thread_blocked, id=3108, stack(0x000000fd22b00000,0x000000fd22c00000) (1024K)]
  0x000002ad7d4943a0 JavaThread "RMI Scheduler(0)"           daemon [_thread_blocked, id=4712, stack(0x000000fd22a00000,0x000000fd22b00000) (1024K)]
  0x000002ad7d492960 JavaThread "RMI GC Daemon"              daemon [_thread_blocked, id=18180, stack(0x000000fd22d00000,0x000000fd22e00000) (1024K)]
  0x000002ad7d492ff0 JavaThread "RMI TCP Accept-0"           daemon [_thread_in_native, id=17828, stack(0x000000fd22e00000,0x000000fd22f00000) (1024K)]
  0x000002ad7d493680 JavaThread "RMI Reaper"                        [_thread_blocked, id=2404, stack(0x000000fd22f00000,0x000000fd23000000) (1024K)]
  0x000002ad7d493d10 JavaThread "RMI TCP Connection(2)-127.0.0.1" daemon [_thread_in_native, id=9468, stack(0x000000fd23000000,0x000000fd23100000) (1024K)]
  0x000002ad797a9370 JavaThread "Unconstrained build operations Thread 45"        [_thread_blocked, id=6812, stack(0x000000fd1c200000,0x000000fd1c300000) (1024K)]
  0x000002ad7d494a30 JavaThread "Unconstrained build operations Thread 46"        [_thread_blocked, id=20620, stack(0x000000fd1e800000,0x000000fd1e900000) (1024K)]
  0x000002ad73c84670 JavaThread "Unconstrained build operations Thread 47"        [_thread_blocked, id=15504, stack(0x000000fd22c00000,0x000000fd22d00000) (1024K)]
  0x000002ad73c860b0 JavaThread "Unconstrained build operations Thread 48"        [_thread_blocked, id=12992, stack(0x000000fd23200000,0x000000fd23300000) (1024K)]
  0x000002ad73c83950 JavaThread "Unconstrained build operations Thread 49"        [_thread_blocked, id=20712, stack(0x000000fd23300000,0x000000fd23400000) (1024K)]
  0x000002ad73c83fe0 JavaThread "Unconstrained build operations Thread 50"        [_thread_blocked, id=13088, stack(0x000000fd23400000,0x000000fd23500000) (1024K)]
  0x000002ad73c84d00 JavaThread "Unconstrained build operations Thread 51"        [_thread_blocked, id=17932, stack(0x000000fd23500000,0x000000fd23600000) (1024K)]
  0x000002ad73c85390 JavaThread "Unconstrained build operations Thread 52"        [_thread_blocked, id=1684, stack(0x000000fd23600000,0x000000fd23700000) (1024K)]
  0x000002ad73c85a20 JavaThread "Unconstrained build operations Thread 53"        [_thread_blocked, id=20424, stack(0x000000fd23700000,0x000000fd23800000) (1024K)]
  0x000002ad73c82c30 JavaThread "Unconstrained build operations Thread 54"        [_thread_blocked, id=21452, stack(0x000000fd23800000,0x000000fd23900000) (1024K)]
  0x000002ad73c86740 JavaThread "Unconstrained build operations Thread 55"        [_thread_blocked, id=20504, stack(0x000000fd23900000,0x000000fd23a00000) (1024K)]
  0x000002ad73c832c0 JavaThread "Unconstrained build operations Thread 56"        [_thread_blocked, id=1752, stack(0x000000fd23a00000,0x000000fd23b00000) (1024K)]
  0x000002ad73c87460 JavaThread "Unconstrained build operations Thread 57"        [_thread_blocked, id=2316, stack(0x000000fd23b00000,0x000000fd23c00000) (1024K)]
  0x000002ad73c88810 JavaThread "Unconstrained build operations Thread 58"        [_thread_blocked, id=11380, stack(0x000000fd23c00000,0x000000fd23d00000) (1024K)]
  0x000002ad73c87af0 JavaThread "Unconstrained build operations Thread 59"        [_thread_in_native, id=9276, stack(0x000000fd23e00000,0x000000fd23f00000) (1024K)]
  0x000002ad73c89bc0 JavaThread "Unconstrained build operations Thread 60"        [_thread_in_native, id=3940, stack(0x000000fd23f00000,0x000000fd24000000) (1024K)]
  0x000002ad73c8a250 JavaThread "Unconstrained build operations Thread 61"        [_thread_in_native, id=14632, stack(0x000000fd24000000,0x000000fd24100000) (1024K)]
  0x000002ad73c88180 JavaThread "Unconstrained build operations Thread 62"        [_thread_in_native, id=19208, stack(0x000000fd24100000,0x000000fd24200000) (1024K)]
  0x000002ad73c88ea0 JavaThread "Unconstrained build operations Thread 63"        [_thread_in_native, id=13028, stack(0x000000fd24200000,0x000000fd24300000) (1024K)]
  0x000002ad73c89530 JavaThread "Unconstrained build operations Thread 64"        [_thread_in_native, id=15296, stack(0x000000fd24300000,0x000000fd24400000) (1024K)]
  0x000002ad73c86dd0 JavaThread "Unconstrained build operations Thread 65"        [_thread_in_native, id=8532, stack(0x000000fd24400000,0x000000fd24500000) (1024K)]
Total: 115

Other Threads:
  0x000002ad710c50f0 VMThread "VM Thread"                           [id=22516, stack(0x000000fd1ca00000,0x000000fd1cb00000) (1024K)]
  0x000002ad710b2790 WatcherThread "VM Periodic Task Thread"        [id=22176, stack(0x000000fd1c900000,0x000000fd1ca00000) (1024K)]
  0x000002ad63891e00 WorkerThread "GC Thread#0"                     [id=3336, stack(0x000000fd1c400000,0x000000fd1c500000) (1024K)]
  0x000002ad73d84f90 WorkerThread "GC Thread#1"                     [id=13508, stack(0x000000fd1d600000,0x000000fd1d700000) (1024K)]
  0x000002ad73d5c770 WorkerThread "GC Thread#2"                     [id=16436, stack(0x000000fd1d700000,0x000000fd1d800000) (1024K)]
  0x000002ad78c2cb60 WorkerThread "GC Thread#3"                     [id=21208, stack(0x000000fd1d500000,0x000000fd1d600000) (1024K)]
  0x000002ad78c2d380 WorkerThread "GC Thread#4"                     [id=17776, stack(0x000000fd1d800000,0x000000fd1d900000) (1024K)]
  0x000002ad793edca0 WorkerThread "GC Thread#5"                     [id=2764, stack(0x000000fd1d900000,0x000000fd1da00000) (1024K)]
  0x000002ad79549cc0 WorkerThread "GC Thread#6"                     [id=19460, stack(0x000000fd1da00000,0x000000fd1db00000) (1024K)]
  0x000002ad7954a8e0 WorkerThread "GC Thread#7"                     [id=6700, stack(0x000000fd1db00000,0x000000fd1dc00000) (1024K)]
  0x000002ad6161dfb0 ConcurrentGCThread "G1 Main Marker"            [id=18276, stack(0x000000fd1c500000,0x000000fd1c600000) (1024K)]
  0x000002ad70f38e40 WorkerThread "G1 Conc#0"                       [id=4992, stack(0x000000fd1c600000,0x000000fd1c700000) (1024K)]
  0x000002ad7a154d80 WorkerThread "G1 Conc#1"                       [id=9256, stack(0x000000fd1eb00000,0x000000fd1ec00000) (1024K)]
  0x000002ad70f81220 ConcurrentGCThread "G1 Refine#0"               [id=18740, stack(0x000000fd1c700000,0x000000fd1c800000) (1024K)]
  0x000002ad70f81cb0 ConcurrentGCThread "G1 Service"                [id=7460, stack(0x000000fd1c800000,0x000000fd1c900000) (1024K)]
Total: 15

Threads with active compile tasks:
C2 CompilerThread0  95544 11182       4       org.gradle.cache.internal.btree.KeyHasher$MessageDigestStream::getChecksum (41 bytes)
Total: 1

VM state: not at safepoint (normal execution)

VM Mutex/Monitor currently owned by a thread: None

Heap address: 0x0000000600000000, size: 8192 MB, Compressed Oops mode: Zero based, Oop shift amount: 3

CDS archive(s) mapped at: [0x000002ad20000000-0x000002ad20ba0000-0x000002ad20ba0000), size 12189696, SharedBaseAddress: 0x000002ad20000000, ArchiveRelocationMode: 1.
Compressed class space mapped at: 0x000002ad21000000-0x000002ad61000000, reserved size: 1073741824
Narrow klass base: 0x000002ad20000000, Narrow klass shift: 0, Narrow klass range: 0x100000000

GC Precious Log:
 CardTable entry size: 512
 Card Set container configuration: InlinePtr #cards 4 size 8 Array Of Cards #cards 32 size 80 Howl #buckets 8 coarsen threshold 7372 Howl Bitmap #cards 1024 size 144 coarsen threshold 921 Card regions per heap region 1 cards per card region 8192
 CPUs: 8 total, 8 available
 Memory: 7502M
 Large Page Support: Disabled
 NUMA Support: Disabled
 Compressed Oops: Enabled (Zero based)
 Heap Region Size: 4M
 Heap Min Capacity: 8M
 Heap Initial Capacity: 120M
 Heap Max Capacity: 8G
 Pre-touch: Disabled
 Parallel Workers: 8
 Concurrent Workers: 2
 Concurrent Refinement Workers: 8
 Periodic GC: Disabled

Heap:
 garbage-first heap   total 151552K, used 83962K [0x0000000600000000, 0x0000000800000000)
  region size 4096K, 3 young (12288K), 2 survivors (8192K)
 Metaspace       used 77080K, committed 79296K, reserved 1179648K
  class space    used 11282K, committed 12352K, reserved 1048576K

Heap Regions: E=young(eden), S=young(survivor), O=old, HS=humongous(starts), HC=humongous(continues), CS=collection set, F=free, TAMS=top-at-mark-start, PB=parsable bottom
|   0|0x0000000600000000, 0x0000000600400000, 0x0000000600400000|100%|HS|  |TAMS 0x0000000600000000| PB 0x0000000600000000| Complete 
|   1|0x0000000600400000, 0x0000000600800000, 0x0000000600800000|100%| O|  |TAMS 0x0000000600400000| PB 0x0000000600400000| Untracked 
|   2|0x0000000600800000, 0x0000000600c00000, 0x0000000600c00000|100%| O|  |TAMS 0x0000000600800000| PB 0x0000000600800000| Untracked 
|   3|0x0000000600c00000, 0x0000000601000000, 0x0000000601000000|100%| O|  |TAMS 0x0000000600c00000| PB 0x0000000600c00000| Untracked 
|   4|0x0000000601000000, 0x0000000601400000, 0x0000000601400000|100%| O|  |TAMS 0x0000000601000000| PB 0x0000000601000000| Untracked 
|   5|0x0000000601400000, 0x0000000601800000, 0x0000000601800000|100%| O|  |TAMS 0x0000000601400000| PB 0x0000000601400000| Untracked 
|   6|0x0000000601800000, 0x0000000601c00000, 0x0000000601c00000|100%| O|  |TAMS 0x0000000601800000| PB 0x0000000601800000| Untracked 
|   7|0x0000000601c00000, 0x0000000602000000, 0x0000000602000000|100%| O|  |TAMS 0x0000000601c00000| PB 0x0000000601c00000| Untracked 
|   8|0x0000000602000000, 0x0000000602400000, 0x0000000602400000|100%| O|  |TAMS 0x0000000602000000| PB 0x0000000602000000| Untracked 
|   9|0x0000000602400000, 0x0000000602800000, 0x0000000602800000|100%| O|  |TAMS 0x0000000602400000| PB 0x0000000602400000| Untracked 
|  10|0x0000000602800000, 0x0000000602c00000, 0x0000000602c00000|100%|HS|  |TAMS 0x0000000602800000| PB 0x0000000602800000| Complete 
|  11|0x0000000602c00000, 0x0000000603000000, 0x0000000603000000|100%|HS|  |TAMS 0x0000000602c00000| PB 0x0000000602c00000| Complete 
|  12|0x0000000603000000, 0x0000000603400000, 0x0000000603400000|100%| O|  |TAMS 0x0000000603000000| PB 0x0000000603000000| Untracked 
|  13|0x0000000603400000, 0x0000000603800000, 0x0000000603800000|100%| O|  |TAMS 0x0000000603400000| PB 0x0000000603400000| Untracked 
|  14|0x0000000603800000, 0x0000000603c00000, 0x0000000603c00000|100%| O|  |TAMS 0x0000000603800000| PB 0x0000000603800000| Untracked 
|  15|0x0000000603c00000, 0x0000000604000000, 0x0000000604000000|100%| O|Cm|TAMS 0x0000000603c00000| PB 0x0000000603c00000| Complete 
|  16|0x0000000604000000, 0x0000000604400000, 0x0000000604400000|100%| O|  |TAMS 0x0000000604000000| PB 0x0000000604000000| Untracked 
|  17|0x0000000604400000, 0x000000060457ef90, 0x0000000604800000| 37%| O|  |TAMS 0x0000000604400000| PB 0x0000000604400000| Untracked 
|  18|0x0000000604800000, 0x0000000604c00000, 0x0000000604c00000|100%| O|  |TAMS 0x0000000604800000| PB 0x0000000604800000| Untracked 
|  19|0x0000000604c00000, 0x0000000604c00000, 0x0000000605000000|  0%| F|  |TAMS 0x0000000604c00000| PB 0x0000000604c00000| Untracked 
|  20|0x0000000605000000, 0x0000000605000000, 0x0000000605400000|  0%| F|  |TAMS 0x0000000605000000| PB 0x0000000605000000| Untracked 
|  21|0x0000000605400000, 0x0000000605400000, 0x0000000605800000|  0%| F|  |TAMS 0x0000000605400000| PB 0x0000000605400000| Untracked 
|  22|0x0000000605800000, 0x0000000605800000, 0x0000000605c00000|  0%| F|  |TAMS 0x0000000605800000| PB 0x0000000605800000| Untracked 
|  23|0x0000000605c00000, 0x0000000605c00000, 0x0000000606000000|  0%| F|  |TAMS 0x0000000605c00000| PB 0x0000000605c00000| Untracked 
|  24|0x0000000606000000, 0x0000000606000000, 0x0000000606400000|  0%| F|  |TAMS 0x0000000606000000| PB 0x0000000606000000| Untracked 
|  25|0x0000000606400000, 0x0000000606400000, 0x0000000606800000|  0%| F|  |TAMS 0x0000000606400000| PB 0x0000000606400000| Untracked 
|  26|0x0000000606800000, 0x0000000606800000, 0x0000000606c00000|  0%| F|  |TAMS 0x0000000606800000| PB 0x0000000606800000| Untracked 
|  27|0x0000000606c00000, 0x0000000606c7fbc0, 0x0000000607000000| 12%| S|CS|TAMS 0x0000000606c00000| PB 0x0000000606c00000| Complete 
|  28|0x0000000607000000, 0x0000000607400000, 0x0000000607400000|100%| S|CS|TAMS 0x0000000607000000| PB 0x0000000607000000| Complete 
|  29|0x0000000607400000, 0x0000000607400000, 0x0000000607800000|  0%| F|  |TAMS 0x0000000607400000| PB 0x0000000607400000| Untracked 
|  30|0x0000000607800000, 0x0000000607800000, 0x0000000607c00000|  0%| F|  |TAMS 0x0000000607800000| PB 0x0000000607800000| Untracked 
|  31|0x0000000607c00000, 0x0000000607c00000, 0x0000000608000000|  0%| F|  |TAMS 0x0000000607c00000| PB 0x0000000607c00000| Untracked 
|  32|0x0000000608000000, 0x0000000608000000, 0x0000000608400000|  0%| F|  |TAMS 0x0000000608000000| PB 0x0000000608000000| Untracked 
|  33|0x0000000608400000, 0x0000000608400000, 0x0000000608800000|  0%| F|  |TAMS 0x0000000608400000| PB 0x0000000608400000| Untracked 
|  34|0x0000000608800000, 0x0000000608806660, 0x0000000608c00000|  0%| E|  |TAMS 0x0000000608800000| PB 0x0000000608800000| Complete 
|2046|0x00000007ff800000, 0x00000007ffc00000, 0x00000007ffc00000|100%| O|  |TAMS 0x00000007ff800000| PB 0x00000007ff800000| Untracked 
|2047|0x00000007ffc00000, 0x0000000800000000, 0x0000000800000000|100%| E|CS|TAMS 0x00000007ffc00000| PB 0x00000007ffc00000| Complete 

Card table byte_map: [0x000002ad67f30000,0x000002ad68f30000] _byte_map_base: 0x000002ad64f30000

Marking Bits: (CMBitMap*) 0x000002ad63892c30
 Bits: [0x000002ad68f30000, 0x000002ad70f30000)

Polling page: 0x000002ad61780000

Metaspace:

Usage:
  Non-class:     64.26 MB used.
      Class:     11.02 MB used.
       Both:     75.27 MB used.

Virtual space:
  Non-class space:      128.00 MB reserved,      65.38 MB ( 51%) committed,  2 nodes.
      Class space:        1.00 GB reserved,      12.06 MB (  1%) committed,  1 nodes.
             Both:        1.12 GB reserved,      77.44 MB (  7%) committed. 

Chunk freelists:
   Non-Class:  13.98 MB
       Class:  3.81 MB
        Both:  17.80 MB

MaxMetaspaceSize: 4.00 GB
CompressedClassSpaceSize: 1.00 GB
Initial GC threshold: 21.00 MB
Current GC threshold: 129.06 MB
CDS: on
 - commit_granule_bytes: 65536.
 - commit_granule_words: 8192.
 - virtual_space_node_default_size: 8388608.
 - enlarge_chunks_in_place: 1.
 - use_allocation_guard: 0.


Internal statistics:

num_allocs_failed_limit: 12.
num_arena_births: 4048.
num_arena_deaths: 0.
num_vsnodes_births: 3.
num_vsnodes_deaths: 0.
num_space_committed: 1239.
num_space_uncommitted: 0.
num_chunks_returned_to_freelist: 12.
num_chunks_taken_from_freelist: 7850.
num_chunk_merges: 6.
num_chunk_splits: 5037.
num_chunks_enlarged: 2975.
num_inconsistent_stats: 0.

CodeHeap 'non-profiled nmethods': size=259264Kb used=5375Kb max_used=5473Kb free=253888Kb
 bounds [0x000002ad102d0000, 0x000002ad10830000, 0x000002ad20000000]
CodeHeap 'profiled nmethods': size=259264Kb used=17865Kb max_used=18593Kb free=241398Kb
 bounds [0x000002ad00000000, 0x000002ad01230000, 0x000002ad0fd30000]
CodeHeap 'non-nmethods': size=5760Kb used=1976Kb max_used=2013Kb free=3783Kb
 bounds [0x000002ad0fd30000, 0x000002ad0ffa0000, 0x000002ad102d0000]
CodeCache: size=524288Kb, used=25216Kb, max_used=26079Kb, free=499069Kb
 total_blobs=10463, nmethods=9626, adapters=741, full_count=0
Compilation: enabled, stopped_count=0, restarted_count=0

Compilation events (20 events):
Event: 95.053 Thread 0x000002ad710f2ed0 11174       3       java.util.Collections$2::forEachRemaining (7 bytes)
Event: 95.054 Thread 0x000002ad710f2ed0 nmethod 11174 0x000002ad00306990 code [0x000002ad00306b40, 0x000002ad00306c98]
Event: 95.091 Thread 0x000002ad710ed760 nmethod 11169 0x000002ad106b7710 code [0x000002ad106b79c0, 0x000002ad106b87a8]
Event: 95.091 Thread 0x000002ad710ed760 11173       4       org.gradle.internal.snapshot.FileSystemLocationSnapshot$$Lambda/0x000002ad2155cff8::apply (10 bytes)
Event: 95.093 Thread 0x000002ad710ed760 nmethod 11173 0x000002ad106e5090 code [0x000002ad106e5220, 0x000002ad106e5378]
Event: 95.134 Thread 0x000002ad710ed760 11175       4       com.google.common.io.CountingOutputStream::write (22 bytes)
Event: 95.136 Thread 0x000002ad710ed760 nmethod 11175 0x000002ad1040c410 code [0x000002ad1040c5a0, 0x000002ad1040c6b8]
Event: 95.182 Thread 0x000002ad710ed760 11176       4       org.gradle.internal.snapshot.LargeChildMap::withNode (45 bytes)
Event: 95.218 Thread 0x000002ad710f2ed0 11177       3       java.util.Collections$SingletonSet::spliterator (8 bytes)
Event: 95.219 Thread 0x000002ad710f2ed0 nmethod 11177 0x000002ad001d1910 code [0x000002ad001d1ac0, 0x000002ad001d1db8]
Event: 95.232 Thread 0x000002ad710ed760 nmethod 11176 0x000002ad1055c390 code [0x000002ad1055c680, 0x000002ad1055d798]
Event: 95.232 Thread 0x000002ad710ed760 11178       4       com.google.common.collect.CollectSpliterators$1WithCharacteristics::characteristics (9 bytes)
Event: 95.233 Thread 0x000002ad710ed760 nmethod 11178 0x000002ad1055c090 code [0x000002ad1055c220, 0x000002ad1055c2b0]
Event: 95.275 Thread 0x000002ad710ed760 11179   !   4       org.gradle.cache.internal.DefaultCacheCoordinator::getFileLock (98 bytes)
Event: 95.285 Thread 0x000002ad710ed760 nmethod 11179 0x000002ad1063e590 code [0x000002ad1063e780, 0x000002ad1063ec48]
Event: 95.349 Thread 0x000002ad710f2ed0 11180       3       com.google.common.collect.SingletonImmutableList::spliterator (13 bytes)
Event: 95.350 Thread 0x000002ad710f2ed0 nmethod 11180 0x000002ad00047d90 code [0x000002ad00047f80, 0x000002ad00048578]
Event: 95.397 Thread 0x000002ad710ed760 11181       4       java.util.ArrayDeque::peekLast (19 bytes)
Event: 95.398 Thread 0x000002ad710ed760 nmethod 11181 0x000002ad1040bf90 code [0x000002ad1040c120, 0x000002ad1040c200]
Event: 95.452 Thread 0x000002ad710ed760 11182       4       org.gradle.cache.internal.btree.KeyHasher$MessageDigestStream::getChecksum (41 bytes)

GC Heap History (20 events):
Event: 36.626 GC heap before
{Heap before GC invocations=18 (full 0):
 garbage-first heap   total 114688K, used 103052K [0x0000000600000000, 0x0000000800000000)
  region size 4096K, 11 young (45056K), 1 survivors (4096K)
 Metaspace       used 64211K, committed 66176K, reserved 1114112K
  class space    used 9424K, committed 10368K, reserved 1048576K
}
Event: 36.634 GC heap after
{Heap after GC invocations=19 (full 0):
 garbage-first heap   total 118784K, used 63192K [0x0000000600000000, 0x0000000800000000)
  region size 4096K, 2 young (8192K), 2 survivors (8192K)
 Metaspace       used 64211K, committed 66176K, reserved 1114112K
  class space    used 9424K, committed 10368K, reserved 1048576K
}
Event: 37.737 GC heap before
{Heap before GC invocations=19 (full 0):
 garbage-first heap   total 118784K, used 100056K [0x0000000600000000, 0x0000000800000000)
  region size 4096K, 11 young (45056K), 2 survivors (8192K)
 Metaspace       used 65908K, committed 67904K, reserved 1114112K
  class space    used 9668K, committed 10624K, reserved 1048576K
}
Event: 37.745 GC heap after
{Heap after GC invocations=20 (full 0):
 garbage-first heap   total 118784K, used 67382K [0x0000000600000000, 0x0000000800000000)
  region size 4096K, 2 young (8192K), 2 survivors (8192K)
 Metaspace       used 65908K, committed 67904K, reserved 1114112K
  class space    used 9668K, committed 10624K, reserved 1048576K
}
Event: 38.929 GC heap before
{Heap before GC invocations=21 (full 0):
 garbage-first heap   total 118784K, used 104246K [0x0000000600000000, 0x0000000800000000)
  region size 4096K, 11 young (45056K), 2 survivors (8192K)
 Metaspace       used 68603K, committed 70720K, reserved 1114112K
  class space    used 10074K, committed 11136K, reserved 1048576K
}
Event: 38.939 GC heap after
{Heap after GC invocations=22 (full 0):
 garbage-first heap   total 118784K, used 70485K [0x0000000600000000, 0x0000000800000000)
  region size 4096K, 2 young (8192K), 2 survivors (8192K)
 Metaspace       used 68603K, committed 70720K, reserved 1114112K
  class space    used 10074K, committed 11136K, reserved 1048576K
}
Event: 40.724 GC heap before
{Heap before GC invocations=22 (full 0):
 garbage-first heap   total 118784K, used 103253K [0x0000000600000000, 0x0000000800000000)
  region size 4096K, 10 young (40960K), 2 survivors (8192K)
 Metaspace       used 71010K, committed 73088K, reserved 1114112K
  class space    used 10496K, committed 11584K, reserved 1048576K
}
Event: 40.736 GC heap after
{Heap after GC invocations=23 (full 0):
 garbage-first heap   total 118784K, used 70845K [0x0000000600000000, 0x0000000800000000)
  region size 4096K, 2 young (8192K), 2 survivors (8192K)
 Metaspace       used 71010K, committed 73088K, reserved 1114112K
  class space    used 10496K, committed 11584K, reserved 1048576K
}
Event: 42.107 GC heap before
{Heap before GC invocations=23 (full 0):
 garbage-first heap   total 118784K, used 103613K [0x0000000600000000, 0x0000000800000000)
  region size 4096K, 10 young (40960K), 2 survivors (8192K)
 Metaspace       used 73496K, committed 75648K, reserved 1114112K
  class space    used 10830K, committed 11904K, reserved 1048576K
}
Event: 42.118 GC heap after
{Heap after GC invocations=24 (full 0):
 garbage-first heap   total 118784K, used 75306K [0x0000000600000000, 0x0000000800000000)
  region size 4096K, 2 young (8192K), 2 survivors (8192K)
 Metaspace       used 73496K, committed 75648K, reserved 1114112K
  class space    used 10830K, committed 11904K, reserved 1048576K
}
Event: 88.574 GC heap before
{Heap before GC invocations=25 (full 0):
 garbage-first heap   total 131072K, used 103978K [0x0000000600000000, 0x0000000800000000)
  region size 4096K, 9 young (36864K), 2 survivors (8192K)
 Metaspace       used 76403K, committed 78656K, reserved 1179648K
  class space    used 11257K, committed 12352K, reserved 1048576K
}
Event: 88.586 GC heap after
{Heap after GC invocations=26 (full 0):
 garbage-first heap   total 131072K, used 78165K [0x0000000600000000, 0x0000000800000000)
  region size 4096K, 1 young (4096K), 1 survivors (4096K)
 Metaspace       used 76403K, committed 78656K, reserved 1179648K
  class space    used 11257K, committed 12352K, reserved 1048576K
}
Event: 91.719 GC heap before
{Heap before GC invocations=26 (full 0):
 garbage-first heap   total 131072K, used 110933K [0x0000000600000000, 0x0000000800000000)
  region size 4096K, 9 young (36864K), 1 survivors (4096K)
 Metaspace       used 76967K, committed 79104K, reserved 1179648K
  class space    used 11279K, committed 12352K, reserved 1048576K
}
Event: 91.730 GC heap after
{Heap after GC invocations=27 (full 0):
 garbage-first heap   total 131072K, used 81174K [0x0000000600000000, 0x0000000800000000)
  region size 4096K, 2 young (8192K), 2 survivors (8192K)
 Metaspace       used 76967K, committed 79104K, reserved 1179648K
  class space    used 11279K, committed 12352K, reserved 1048576K
}
Event: 92.784 GC heap before
{Heap before GC invocations=27 (full 0):
 garbage-first heap   total 131072K, used 113942K [0x0000000600000000, 0x0000000800000000)
  region size 4096K, 10 young (40960K), 2 survivors (8192K)
 Metaspace       used 77069K, committed 79296K, reserved 1179648K
  class space    used 11282K, committed 12352K, reserved 1048576K
}
Event: 92.794 GC heap after
{Heap after GC invocations=28 (full 0):
 garbage-first heap   total 131072K, used 82512K [0x0000000600000000, 0x0000000800000000)
  region size 4096K, 1 young (4096K), 1 survivors (4096K)
 Metaspace       used 77069K, committed 79296K, reserved 1179648K
  class space    used 11282K, committed 12352K, reserved 1048576K
}
Event: 94.230 GC heap before
{Heap before GC invocations=28 (full 0):
 garbage-first heap   total 131072K, used 115280K [0x0000000600000000, 0x0000000800000000)
  region size 4096K, 9 young (36864K), 1 survivors (4096K)
 Metaspace       used 77076K, committed 79296K, reserved 1179648K
  class space    used 11282K, committed 12352K, reserved 1048576K
}
Event: 94.238 GC heap after
{Heap after GC invocations=29 (full 0):
 garbage-first heap   total 131072K, used 82917K [0x0000000600000000, 0x0000000800000000)
  region size 4096K, 2 young (8192K), 2 survivors (8192K)
 Metaspace       used 77076K, committed 79296K, reserved 1179648K
  class space    used 11282K, committed 12352K, reserved 1048576K
}
Event: 95.421 GC heap before
{Heap before GC invocations=30 (full 0):
 garbage-first heap   total 151552K, used 111589K [0x0000000600000000, 0x0000000800000000)
  region size 4096K, 9 young (36864K), 2 survivors (8192K)
 Metaspace       used 77080K, committed 79296K, reserved 1179648K
  class space    used 11282K, committed 12352K, reserved 1048576K
}
Event: 95.429 GC heap after
{Heap after GC invocations=31 (full 0):
 garbage-first heap   total 151552K, used 83962K [0x0000000600000000, 0x0000000800000000)
  region size 4096K, 2 young (8192K), 2 survivors (8192K)
 Metaspace       used 77080K, committed 79296K, reserved 1179648K
  class space    used 11282K, committed 12352K, reserved 1048576K
}

Dll operation events (15 events):
Event: 0.026 Loaded shared library C:\Users\hp\.vscode\extensions\redhat.java-1.54.0-win32-x64\jre\21.0.10-win32-x86_64\bin\java.dll
Event: 0.409 Loaded shared library C:\Users\hp\.vscode\extensions\redhat.java-1.54.0-win32-x64\jre\21.0.10-win32-x86_64\bin\zip.dll
Event: 0.617 Loaded shared library C:\Users\hp\.vscode\extensions\redhat.java-1.54.0-win32-x64\jre\21.0.10-win32-x86_64\bin\instrument.dll
Event: 0.655 Loaded shared library C:\Users\hp\.vscode\extensions\redhat.java-1.54.0-win32-x64\jre\21.0.10-win32-x86_64\bin\net.dll
Event: 0.665 Loaded shared library C:\Users\hp\.vscode\extensions\redhat.java-1.54.0-win32-x64\jre\21.0.10-win32-x86_64\bin\nio.dll
Event: 0.674 Loaded shared library C:\Users\hp\.vscode\extensions\redhat.java-1.54.0-win32-x64\jre\21.0.10-win32-x86_64\bin\zip.dll
Event: 1.900 Loaded shared library C:\Users\hp\.vscode\extensions\redhat.java-1.54.0-win32-x64\jre\21.0.10-win32-x86_64\bin\jimage.dll
Event: 2.312 Loaded shared library C:\Users\hp\.vscode\extensions\redhat.java-1.54.0-win32-x64\jre\21.0.10-win32-x86_64\bin\verify.dll
Event: 2.569 Loaded shared library C:\Users\hp\.gradle\native\1def1411415f61bf3af743bc5b6707747c0891f09f0c88961ee8f79bc544acac\windows-amd64\native-platform.dll
Event: 2.905 Loaded shared library C:\Users\hp\.gradle\native\0.2.7\x86_64-windows-gnu\gradle-fileevents.dll
Event: 7.219 Loaded shared library C:\Users\hp\.vscode\extensions\redhat.java-1.54.0-win32-x64\jre\21.0.10-win32-x86_64\bin\management.dll
Event: 7.232 Loaded shared library C:\Users\hp\.vscode\extensions\redhat.java-1.54.0-win32-x64\jre\21.0.10-win32-x86_64\bin\management_ext.dll
Event: 7.787 Loaded shared library C:\Users\hp\.vscode\extensions\redhat.java-1.54.0-win32-x64\jre\21.0.10-win32-x86_64\bin\extnet.dll
Event: 8.628 Loaded shared library C:\Users\hp\.vscode\extensions\redhat.java-1.54.0-win32-x64\jre\21.0.10-win32-x86_64\bin\sunmscapi.dll
Event: 44.627 Loaded shared library C:\Users\hp\.vscode\extensions\redhat.java-1.54.0-win32-x64\jre\21.0.10-win32-x86_64\bin\rmi.dll

Deoptimization events (20 events):
Event: 92.768 Thread 0x000002ad73c89bc0 Uncommon trap: trap_request=0xffffffde fr.pc=0x000002ad10696f18 relative=0x00000000000002d8
Event: 92.768 Thread 0x000002ad73c89bc0 Uncommon trap: reason=class_check action=maybe_recompile pc=0x000002ad10696f18 method=java.util.concurrent.ConcurrentHashMap.get(Ljava/lang/Object;)Ljava/lang/Object; @ 93 c2
Event: 92.768 Thread 0x000002ad73c89bc0 DEOPT PACKING pc=0x000002ad10696f18 sp=0x000000fd23ffdf20
Event: 92.768 Thread 0x000002ad73c89bc0 DEOPT UNPACKING pc=0x000002ad0fd84422 sp=0x000000fd23ffde78 mode 2
Event: 92.768 Thread 0x000002ad73c87af0 Uncommon trap: trap_request=0xffffffde fr.pc=0x000002ad10696f18 relative=0x00000000000002d8
Event: 92.768 Thread 0x000002ad73c87af0 Uncommon trap: reason=class_check action=maybe_recompile pc=0x000002ad10696f18 method=java.util.concurrent.ConcurrentHashMap.get(Ljava/lang/Object;)Ljava/lang/Object; @ 93 c2
Event: 92.768 Thread 0x000002ad73c87af0 DEOPT PACKING pc=0x000002ad10696f18 sp=0x000000fd23efe070
Event: 92.768 Thread 0x000002ad73c87af0 DEOPT UNPACKING pc=0x000002ad0fd84422 sp=0x000000fd23efdfc8 mode 2
Event: 92.769 Thread 0x000002ad73c87af0 Uncommon trap: trap_request=0xffffff45 fr.pc=0x000002ad103afac4 relative=0x0000000000001224
Event: 92.769 Thread 0x000002ad73c87af0 Uncommon trap: reason=unstable_if action=reinterpret pc=0x000002ad103afac4 method=java.util.concurrent.ConcurrentHashMap.transfer([Ljava/util/concurrent/ConcurrentHashMap$Node;[Ljava/util/concurrent/ConcurrentHashMap$Node;)V @ 273 c2
Event: 92.769 Thread 0x000002ad73c87af0 DEOPT PACKING pc=0x000002ad103afac4 sp=0x000000fd23efdfa0
Event: 92.769 Thread 0x000002ad73c87af0 DEOPT UNPACKING pc=0x000002ad0fd84422 sp=0x000000fd23efdf28 mode 2
Event: 94.267 Thread 0x000002ad73c89bc0 Uncommon trap: trap_request=0xffffff45 fr.pc=0x000002ad1077a8b0 relative=0x00000000000014f0
Event: 94.267 Thread 0x000002ad73c89bc0 Uncommon trap: reason=unstable_if action=reinterpret pc=0x000002ad1077a8b0 method=java.util.concurrent.locks.AbstractQueuedSynchronizer.acquire(Ljava/util/concurrent/locks/AbstractQueuedSynchronizer$Node;IZZZJ)I @ 83 c2
Event: 94.267 Thread 0x000002ad73c89bc0 DEOPT PACKING pc=0x000002ad1077a8b0 sp=0x000000fd23ffb610
Event: 94.267 Thread 0x000002ad73c89bc0 DEOPT UNPACKING pc=0x000002ad0fd84422 sp=0x000000fd23ffb5a8 mode 2
Event: 94.704 Thread 0x000002ad73c8a250 Uncommon trap: trap_request=0xfffffff4 fr.pc=0x000002ad1071e060 relative=0x0000000000000ca0
Event: 94.704 Thread 0x000002ad73c8a250 Uncommon trap: reason=null_check action=make_not_entrant pc=0x000002ad1071e060 method=org.gradle.tooling.internal.provider.runner.ClientBuildEventGenerator$Enabled.accept(Lorg/gradle/internal/operations/BuildOperationDescriptor;)Lorg/gradle/tooling/intern
Event: 94.704 Thread 0x000002ad73c8a250 DEOPT PACKING pc=0x000002ad1071e060 sp=0x000000fd240fe360
Event: 94.704 Thread 0x000002ad73c8a250 DEOPT UNPACKING pc=0x000002ad0fd84422 sp=0x000000fd240fe298 mode 2

Classes loaded (20 events):
Event: 44.867 Loading class sun/rmi/transport/tcp/TCPTransport$ConnectionHandler
Event: 44.867 Loading class sun/rmi/transport/tcp/TCPTransport$ConnectionHandler done
Event: 44.874 Loading class sun/rmi/transport/Transport$1
Event: 44.874 Loading class sun/rmi/transport/Transport$1 done
Event: 44.876 Loading class sun/rmi/transport/DGCImpl$LeaseInfo
Event: 44.876 Loading class sun/rmi/transport/DGCImpl$LeaseInfo done
Event: 44.877 Loading class sun/rmi/transport/DGCImpl$1
Event: 44.877 Loading class sun/rmi/transport/DGCImpl$1 done
Event: 44.877 Loading class sun/rmi/transport/SequenceEntry
Event: 44.877 Loading class sun/rmi/transport/SequenceEntry done
Event: 69.332 Loading class java/time/Instant$1
Event: 69.333 Loading class java/time/Instant$1 done
Event: 88.078 Loading class java/util/concurrent/ConcurrentLinkedQueue$Itr
Event: 88.079 Loading class java/util/concurrent/ConcurrentLinkedQueue$Itr done
Event: 88.587 Loading class sun/rmi/transport/DGCClient$EndpointEntry$CleanRequest
Event: 88.588 Loading class sun/rmi/transport/DGCClient$EndpointEntry$CleanRequest done
Event: 90.173 Loading class java/util/Collections$ReverseComparator
Event: 90.173 Loading class java/util/Collections$ReverseComparator done
Event: 90.174 Loading class java/util/Collections$ReverseComparator2
Event: 90.174 Loading class java/util/Collections$ReverseComparator2 done

Classes unloaded (0 events):
No events

Classes redefined (0 events):
No events

Internal exceptions (20 events):
Event: 44.638 Thread 0x000002ad7d48ee50 Exception <a 'java/lang/NoSuchMethodError'{0x0000000606f0a6b8}: static [B.<clinit>()V> (0x0000000606f0a6b8) 
thrown [s\src\hotspot\share\prims\jni.cpp, line 1111]
Event: 44.656 Thread 0x000002ad7d494a30 Exception <a 'java/lang/NoSuchMethodError'{0x0000000606ecf140}: 'java.lang.Object java.lang.invoke.DirectMethodHandle$Holder.invokeSpecial(java.lang.Object, java.lang.Object, int, java.lang.Object, long)'> (0x0000000606ecf140) 
thrown [s\src\hotspot\share\interpreter\linkResolver.cpp, line 773]
Event: 44.657 Thread 0x000002ad7d494a30 Exception <a 'java/lang/NoSuchMethodError'{0x0000000606f1c200}: 'java.lang.Object java.lang.invoke.DirectMethodHandle$Holder.newInvokeSpecial(java.lang.Object, java.lang.Object, int, java.lang.Object, long)'> (0x0000000606f1c200) 
thrown [s\src\hotspot\share\interpreter\linkResolver.cpp, line 773]
Event: 44.687 Thread 0x000002ad7d48ee50 Exception <a 'java/lang/NoSuchMethodError'{0x0000000606f50160}: static Lorg/jetbrains/kotlin/daemon/common/CompileService$CallResult;.<clinit>()V> (0x0000000606f50160) 
thrown [s\src\hotspot\share\prims\jni.cpp, line 1111]
Event: 44.689 Thread 0x000002ad7d48ee50 Exception <a 'java/lang/NoSuchMethodError'{0x0000000606f5c470}: static Lorg/jetbrains/kotlin/daemon/common/CompileService$CallResult$Good;.<clinit>()V> (0x0000000606f5c470) 
thrown [s\src\hotspot\share\prims\jni.cpp, line 1111]
Event: 44.691 Thread 0x000002ad7d48ee50 Exception <a 'java/lang/NoSuchMethodError'{0x0000000606f69a38}: static Lorg/jetbrains/kotlin/daemon/common/DaemonJVMOptions;.<clinit>()V> (0x0000000606f69a38) 
thrown [s\src\hotspot\share\prims\jni.cpp, line 1111]
Event: 44.709 Thread 0x000002ad7d48ee50 Exception <a 'java/lang/NoSuchMethodError'{0x0000000606f851b8}: static Lorg/jetbrains/kotlin/daemon/common/CompileService$CallResult$Ok;.<clinit>()V> (0x0000000606f851b8) 
thrown [s\src\hotspot\share\prims\jni.cpp, line 1111]
Event: 44.770 Thread 0x000002ad7d48ee50 Exception <a 'java/lang/NoSuchMethodError'{0x00000006068c17d0}: static [Ljava/lang/Integer;.<clinit>()V> (0x00000006068c17d0) 
thrown [s\src\hotspot\share\prims\jni.cpp, line 1111]
Event: 83.510 Thread 0x000002ad7d493d10 Exception <a 'java/lang/NoSuchMethodError'{0x000000060640ee30}: 'void java.lang.invoke.DirectMethodHandle$Holder.invokeInterface(java.lang.Object, java.lang.Object, int, java.lang.Object)'> (0x000000060640ee30) 
thrown [s\src\hotspot\share\interpreter\linkResolver.cpp, line 773]
Event: 83.511 Thread 0x000002ad7d493d10 Exception <a 'java/lang/NoSuchMethodError'{0x0000000606412798}: 'void java.lang.invoke.DelegatingMethodHandle$Holder.reinvoke_L(java.lang.Object, java.lang.Object, int, java.lang.Object)'> (0x0000000606412798) 
thrown [s\src\hotspot\share\interpreter\linkResolver.cpp, line 773]
Event: 83.526 Thread 0x000002ad7d493d10 Exception <a 'java/lang/NoSuchMethodError'{0x0000000606430ba0}: 'void java.lang.invoke.DelegatingMethodHandle$Holder.reinvoke_L(java.lang.Object, java.lang.Object, int, int, java.lang.Object, java.lang.Object)'> (0x0000000606430ba0) 
thrown [s\src\hotspot\share\interpreter\linkResolver.cpp, line 773]
Event: 88.026 Thread 0x000002ad7cc6ed00 Exception <a 'sun/nio/fs/WindowsException'{0x00000006061a3c30}> (0x00000006061a3c30) 
thrown [s\src\hotspot\share\prims\jni.cpp, line 520]
Event: 88.028 Thread 0x000002ad7cc6ed00 Exception <a 'sun/nio/fs/WindowsException'{0x00000006061a6210}> (0x00000006061a6210) 
thrown [s\src\hotspot\share\prims\jni.cpp, line 520]
Event: 88.029 Thread 0x000002ad7cc6ed00 Exception <a 'sun/nio/fs/WindowsException'{0x00000006061a8670}> (0x00000006061a8670) 
thrown [s\src\hotspot\share\prims\jni.cpp, line 520]
Event: 88.030 Thread 0x000002ad7cc6ed00 Exception <a 'sun/nio/fs/WindowsException'{0x00000006061aa718}> (0x00000006061aa718) 
thrown [s\src\hotspot\share\prims\jni.cpp, line 520]
Event: 88.038 Thread 0x000002ad7cc6ed00 Exception <a 'sun/nio/fs/WindowsException'{0x000000060621b880}> (0x000000060621b880) 
thrown [s\src\hotspot\share\prims\jni.cpp, line 520]
Event: 88.039 Thread 0x000002ad7cc6ed00 Exception <a 'sun/nio/fs/WindowsException'{0x000000060621d7f0}> (0x000000060621d7f0) 
thrown [s\src\hotspot\share\prims\jni.cpp, line 520]
Event: 88.589 Thread 0x000002ad7d494a30 Implicit null exception at 0x000002ad1064128b to 0x000002ad10641364
Event: 91.887 Thread 0x000002ad73c82c30 Implicit null exception at 0x000002ad107facea to 0x000002ad107fad94
Event: 94.704 Thread 0x000002ad73c8a250 Implicit null exception at 0x000002ad1071d8e8 to 0x000002ad1071e044

ZGC Phase Switch (0 events):
No events

VM Operations (20 events):
Event: 91.304 Executing safepoint VM operation: ICBufferFull
Event: 91.304 Executing safepoint VM operation: ICBufferFull done
Event: 91.305 Executing safepoint VM operation: ICBufferFull
Event: 91.305 Executing safepoint VM operation: ICBufferFull done
Event: 91.719 Executing safepoint VM operation: G1CollectForAllocation (G1 Evacuation Pause)
Event: 91.730 Executing safepoint VM operation: G1CollectForAllocation (G1 Evacuation Pause) done
Event: 92.332 Executing non-safepoint VM operation: HandshakeAllThreads (Deoptimize)
Event: 92.333 Executing non-safepoint VM operation: HandshakeAllThreads (Deoptimize) done
Event: 92.784 Executing safepoint VM operation: G1CollectForAllocation (G1 Evacuation Pause)
Event: 92.794 Executing safepoint VM operation: G1CollectForAllocation (G1 Evacuation Pause) done
Event: 93.798 Executing safepoint VM operation: Cleanup
Event: 93.799 Executing safepoint VM operation: Cleanup done
Event: 94.229 Executing safepoint VM operation: G1CollectForAllocation (G1 Evacuation Pause)
Event: 94.238 Executing safepoint VM operation: G1CollectForAllocation (G1 Evacuation Pause) done
Event: 94.352 Executing safepoint VM operation: G1PauseRemark
Event: 94.364 Executing safepoint VM operation: G1PauseRemark done
Event: 94.407 Executing safepoint VM operation: G1PauseCleanup
Event: 94.423 Executing safepoint VM operation: G1PauseCleanup done
Event: 95.421 Executing safepoint VM operation: G1CollectForAllocation (G1 Evacuation Pause)
Event: 95.429 Executing safepoint VM operation: G1CollectForAllocation (G1 Evacuation Pause) done

Memory protections (0 events):
No events

Nmethod flushes (20 events):
Event: 94.362 Thread 0x000002ad710c50f0 flushing  nmethod 0x000002ad10629310
Event: 94.362 Thread 0x000002ad710c50f0 flushing  nmethod 0x000002ad1063e590
Event: 94.362 Thread 0x000002ad710c50f0 flushing  nmethod 0x000002ad0002ce90
Event: 94.362 Thread 0x000002ad710c50f0 flushing  nmethod 0x000002ad0007f210
Event: 94.362 Thread 0x000002ad710c50f0 flushing  nmethod 0x000002ad00416910
Event: 94.362 Thread 0x000002ad710c50f0 flushing  nmethod 0x000002ad00419390
Event: 94.362 Thread 0x000002ad710c50f0 flushing  nmethod 0x000002ad0041ae90
Event: 94.362 Thread 0x000002ad710c50f0 flushing  nmethod 0x000002ad00570610
Event: 94.362 Thread 0x000002ad710c50f0 flushing  nmethod 0x000002ad00580f90
Event: 94.362 Thread 0x000002ad710c50f0 flushing  nmethod 0x000002ad005a8090
Event: 94.362 Thread 0x000002ad710c50f0 flushing  nmethod 0x000002ad006fb310
Event: 94.362 Thread 0x000002ad710c50f0 flushing  nmethod 0x000002ad00a2cc10
Event: 94.362 Thread 0x000002ad710c50f0 flushing  nmethod 0x000002ad00a2e990
Event: 94.362 Thread 0x000002ad710c50f0 flushing  nmethod 0x000002ad00a71d10
Event: 94.362 Thread 0x000002ad710c50f0 flushing  nmethod 0x000002ad00c09890
Event: 94.362 Thread 0x000002ad710c50f0 flushing  nmethod 0x000002ad00c0b510
Event: 94.362 Thread 0x000002ad710c50f0 flushing  nmethod 0x000002ad00c37f90
Event: 94.362 Thread 0x000002ad710c50f0 flushing  nmethod 0x000002ad00c55a90
Event: 94.362 Thread 0x000002ad710c50f0 flushing  nmethod 0x000002ad00d38710
Event: 94.362 Thread 0x000002ad710c50f0 flushing  nmethod 0x000002ad00d42f90

Events (20 events):
Event: 91.137 Thread 0x000002ad797a6580 Thread added: 0x000002ad73c860b0
Event: 91.137 Thread 0x000002ad797a6580 Thread added: 0x000002ad73c83950
Event: 91.138 Thread 0x000002ad797a6580 Thread added: 0x000002ad73c83fe0
Event: 91.139 Thread 0x000002ad797a6580 Thread added: 0x000002ad73c84d00
Event: 91.271 Thread 0x000002ad797a6580 Thread added: 0x000002ad73c85390
Event: 91.273 Thread 0x000002ad797a6580 Thread added: 0x000002ad73c85a20
Event: 91.276 Thread 0x000002ad797a6580 Thread added: 0x000002ad73c82c30
Event: 91.280 Thread 0x000002ad797a6580 Thread added: 0x000002ad73c86740
Event: 91.283 Thread 0x000002ad797a6580 Thread added: 0x000002ad73c832c0
Event: 91.287 Thread 0x000002ad797a6580 Thread added: 0x000002ad73c87460
Event: 91.290 Thread 0x000002ad797a6580 Thread added: 0x000002ad73c88810
Event: 91.404 Thread 0x000002ad710f2ed0 Thread added: 0x000002ad7db2ccb0
Event: 92.410 Thread 0x000002ad797a6580 Thread added: 0x000002ad73c87af0
Event: 92.412 Thread 0x000002ad797a6580 Thread added: 0x000002ad73c89bc0
Event: 92.417 Thread 0x000002ad797a6580 Thread added: 0x000002ad73c8a250
Event: 92.419 Thread 0x000002ad797a6580 Thread added: 0x000002ad73c88180
Event: 92.421 Thread 0x000002ad797a6580 Thread added: 0x000002ad73c88ea0
Event: 92.422 Thread 0x000002ad797a6580 Thread added: 0x000002ad73c89530
Event: 92.423 Thread 0x000002ad797a6580 Thread added: 0x000002ad73c86dd0
Event: 92.680 Thread 0x000002ad7db2ccb0 Thread exited: 0x000002ad7db2ccb0


Dynamic libraries:
0x00007ff6593f0000 - 0x00007ff6593fe000 	C:\Users\hp\.vscode\extensions\redhat.java-1.54.0-win32-x64\jre\21.0.10-win32-x86_64\bin\java.exe
0x00007ffa0d1c0000 - 0x00007ffa0d427000 	C:\WINDOWS\SYSTEM32\ntdll.dll
0x00007ffa0af50000 - 0x00007ffa0b019000 	C:\WINDOWS\System32\KERNEL32.DLL
0x00007ffa0a920000 - 0x00007ffa0ad14000 	C:\WINDOWS\System32\KERNELBASE.dll
0x00007ffa0a5f0000 - 0x00007ffa0a73b000 	C:\WINDOWS\System32\ucrtbase.dll
0x00007ff9efef0000 - 0x00007ff9eff08000 	C:\Users\hp\.vscode\extensions\redhat.java-1.54.0-win32-x64\jre\21.0.10-win32-x86_64\bin\jli.dll
0x00007ff9ccbb0000 - 0x00007ff9ccbce000 	C:\Users\hp\.vscode\extensions\redhat.java-1.54.0-win32-x64\jre\21.0.10-win32-x86_64\bin\VCRUNTIME140.dll
0x00007ffa0b360000 - 0x00007ffa0b525000 	C:\WINDOWS\System32\USER32.dll
0x00007ff9f4560000 - 0x00007ff9f47f3000 	C:\WINDOWS\WinSxS\amd64_microsoft.windows.common-controls_6595b64144ccf1df_6.0.26100.8115_none_3e075c82e3354f9c\COMCTL32.dll
0x00007ffa0af20000 - 0x00007ffa0af47000 	C:\WINDOWS\System32\win32u.dll
0x00007ffa0bd10000 - 0x00007ffa0bdb9000 	C:\WINDOWS\System32\msvcrt.dll
0x00007ffa0c980000 - 0x00007ffa0c9ab000 	C:\WINDOWS\System32\GDI32.dll
0x00007ffa0a7f0000 - 0x00007ffa0a91b000 	C:\WINDOWS\System32\gdi32full.dll
0x00007ffa0a740000 - 0x00007ffa0a7e3000 	C:\WINDOWS\System32\msvcp_win.dll
0x00007ffa0d120000 - 0x00007ffa0d152000 	C:\WINDOWS\System32\IMM32.DLL
0x00007ff9fa2d0000 - 0x00007ff9fa2dc000 	C:\Users\hp\.vscode\extensions\redhat.java-1.54.0-win32-x64\jre\21.0.10-win32-x86_64\bin\vcruntime140_1.dll
0x00007ff96d210000 - 0x00007ff96d29d000 	C:\Users\hp\.vscode\extensions\redhat.java-1.54.0-win32-x64\jre\21.0.10-win32-x86_64\bin\msvcp140.dll
0x00007ff932b50000 - 0x00007ff9338f1000 	C:\Users\hp\.vscode\extensions\redhat.java-1.54.0-win32-x64\jre\21.0.10-win32-x86_64\bin\server\jvm.dll
0x00007ffa0c8b0000 - 0x00007ffa0c966000 	C:\WINDOWS\System32\ADVAPI32.dll
0x00007ffa0c740000 - 0x00007ffa0c7e7000 	C:\WINDOWS\System32\sechost.dll
0x00007ffa0bea0000 - 0x00007ffa0bfb8000 	C:\WINDOWS\System32\RPCRT4.dll
0x00007ffa0b0f0000 - 0x00007ffa0b170000 	C:\WINDOWS\System32\WS2_32.dll
0x00007ffa098f0000 - 0x00007ffa0994e000 	C:\WINDOWS\SYSTEM32\POWRPROF.dll
0x00007ffa040d0000 - 0x00007ffa04106000 	C:\WINDOWS\SYSTEM32\WINMM.dll
0x00007ffa04110000 - 0x00007ffa0411b000 	C:\WINDOWS\SYSTEM32\VERSION.dll
0x00007ffa098d0000 - 0x00007ffa098e4000 	C:\WINDOWS\SYSTEM32\UMPDC.dll
0x00007ffa087c0000 - 0x00007ffa087db000 	C:\WINDOWS\SYSTEM32\kernel.appcore.dll
0x00007ff9cf540000 - 0x00007ff9cf54a000 	C:\Users\hp\.vscode\extensions\redhat.java-1.54.0-win32-x64\jre\21.0.10-win32-x86_64\bin\jimage.dll
0x00007ff9fc940000 - 0x00007ff9fcb82000 	C:\WINDOWS\SYSTEM32\DBGHELP.DLL
0x00007ffa0c2e0000 - 0x00007ffa0c662000 	C:\WINDOWS\System32\combase.dll
0x00007ffa0bdc0000 - 0x00007ffa0be98000 	C:\WINDOWS\System32\OLEAUT32.dll
0x00007ff9eb4b0000 - 0x00007ff9eb4eb000 	C:\WINDOWS\SYSTEM32\dbgcore.DLL
0x00007ffa0ae70000 - 0x00007ffa0af15000 	C:\WINDOWS\System32\bcryptPrimitives.dll
0x00007ffa05790000 - 0x00007ffa0579f000 	C:\Users\hp\.vscode\extensions\redhat.java-1.54.0-win32-x64\jre\21.0.10-win32-x86_64\bin\instrument.dll
0x00007ff990510000 - 0x00007ff990530000 	C:\Users\hp\.vscode\extensions\redhat.java-1.54.0-win32-x64\jre\21.0.10-win32-x86_64\bin\java.dll
0x00007ffa0c9b0000 - 0x00007ffa0d117000 	C:\WINDOWS\System32\SHELL32.dll
0x00007ffa09a90000 - 0x00007ffa09bfa000 	C:\WINDOWS\System32\wintypes.dll
0x00007ffa09c00000 - 0x00007ffa0a468000 	C:\WINDOWS\System32\windows.storage.dll
0x00007ffa0b730000 - 0x00007ffa0b828000 	C:\WINDOWS\System32\SHCORE.dll
0x00007ffa0c670000 - 0x00007ffa0c6d6000 	C:\WINDOWS\System32\shlwapi.dll
0x00007ffa099b0000 - 0x00007ffa099d9000 	C:\WINDOWS\SYSTEM32\profapi.dll
0x00007ff9904f0000 - 0x00007ff990508000 	C:\Users\hp\.vscode\extensions\redhat.java-1.54.0-win32-x64\jre\21.0.10-win32-x86_64\bin\zip.dll
0x00007ff9ccb20000 - 0x00007ff9ccb30000 	C:\Users\hp\.vscode\extensions\redhat.java-1.54.0-win32-x64\jre\21.0.10-win32-x86_64\bin\net.dll
0x00007ffa00ec0000 - 0x00007ffa00fed000 	C:\WINDOWS\SYSTEM32\WINHTTP.dll
0x00007ffa08d90000 - 0x00007ffa08dfc000 	C:\WINDOWS\system32\mswsock.dll
0x00007ff97e3c0000 - 0x00007ff97e3d6000 	C:\Users\hp\.vscode\extensions\redhat.java-1.54.0-win32-x64\jre\21.0.10-win32-x86_64\bin\nio.dll
0x00007ff9a1030000 - 0x00007ff9a1040000 	C:\Users\hp\.vscode\extensions\redhat.java-1.54.0-win32-x64\jre\21.0.10-win32-x86_64\bin\verify.dll
0x00007ff9904c0000 - 0x00007ff9904e7000 	C:\Users\hp\.gradle\native\1def1411415f61bf3af743bc5b6707747c0891f09f0c88961ee8f79bc544acac\windows-amd64\native-platform.dll
0x00007ff96e090000 - 0x00007ff96e108000 	C:\Users\hp\.gradle\native\0.2.7\x86_64-windows-gnu\gradle-fileevents.dll
0x00007ff999ab0000 - 0x00007ff999aba000 	C:\Users\hp\.vscode\extensions\redhat.java-1.54.0-win32-x64\jre\21.0.10-win32-x86_64\bin\management.dll
0x00007ff992ae0000 - 0x00007ff992aec000 	C:\Users\hp\.vscode\extensions\redhat.java-1.54.0-win32-x64\jre\21.0.10-win32-x86_64\bin\management_ext.dll
0x00007ffa0b050000 - 0x00007ffa0b058000 	C:\WINDOWS\System32\PSAPI.DLL
0x00007ffa08200000 - 0x00007ffa08232000 	C:\WINDOWS\SYSTEM32\IPHLPAPI.DLL
0x00007ffa0c970000 - 0x00007ffa0c97a000 	C:\WINDOWS\System32\NSI.dll
0x00007ff9a3340000 - 0x00007ff9a3349000 	C:\Users\hp\.vscode\extensions\redhat.java-1.54.0-win32-x64\jre\21.0.10-win32-x86_64\bin\extnet.dll
0x00007ffa09070000 - 0x00007ffa0908b000 	C:\WINDOWS\SYSTEM32\CRYPTSP.dll
0x00007ffa08780000 - 0x00007ffa087b9000 	C:\WINDOWS\system32\rsaenh.dll
0x00007ffa08e40000 - 0x00007ffa08e73000 	C:\WINDOWS\SYSTEM32\USERENV.dll
0x00007ffa09980000 - 0x00007ffa099aa000 	C:\WINDOWS\SYSTEM32\bcrypt.dll
0x00007ffa09090000 - 0x00007ffa0909c000 	C:\WINDOWS\SYSTEM32\CRYPTBASE.dll
0x00007ff9c5840000 - 0x00007ff9c584e000 	C:\Users\hp\.vscode\extensions\redhat.java-1.54.0-win32-x64\jre\21.0.10-win32-x86_64\bin\sunmscapi.dll
0x00007ffa0a470000 - 0x00007ffa0a5e7000 	C:\WINDOWS\System32\CRYPT32.dll
0x00007ffa09290000 - 0x00007ffa092c0000 	C:\WINDOWS\SYSTEM32\ncrypt.dll
0x00007ffa09240000 - 0x00007ffa0927f000 	C:\WINDOWS\SYSTEM32\NTASN1.dll
0x00007ff99d150000 - 0x00007ff99d158000 	C:\WINDOWS\system32\wshunix.dll
0x00007ff9ec060000 - 0x00007ff9ec078000 	C:\WINDOWS\system32\napinsp.dll
0x00007ffa08290000 - 0x00007ffa083c2000 	C:\WINDOWS\SYSTEM32\DNSAPI.dll
0x00007ff9e90b0000 - 0x00007ff9e90c3000 	C:\WINDOWS\System32\winrnr.dll
0x00007ff9e9020000 - 0x00007ff9e9042000 	C:\WINDOWS\system32\nlansp_c.dll
0x00007ff9e8e20000 - 0x00007ff9e8e36000 	C:\WINDOWS\system32\wshbth.dll
0x00007ffa00860000 - 0x00007ffa0086b000 	C:\Windows\System32\rasadhlp.dll
0x00007ffa04da0000 - 0x00007ffa04e26000 	C:\WINDOWS\System32\fwpuclnt.dll
0x00007ff9d1a70000 - 0x00007ff9d1a77000 	C:\Users\hp\.vscode\extensions\redhat.java-1.54.0-win32-x64\jre\21.0.10-win32-x86_64\bin\rmi.dll

JVMTI agents:
C:\Users\hp\.gradle\wrapper\dists\gradle-8.14-all\c2qonpi39x1mddn7hk5gh9iqj\gradle-8.14\lib\agents\gradle-instrumentation-agent-8.14.jar path:C:\Users\hp\.vscode\extensions\redhat.java-1.54.0-win32-x64\jre\21.0.10-win32-x86_64\bin\instrument.dll, loaded, initialized, instrumentlib options:none

dbghelp: loaded successfully - version: 4.0.5 - missing functions: none
symbol engine: initialized successfully - sym options: 0x614 - pdb path: .;C:\Users\hp\.vscode\extensions\redhat.java-1.54.0-win32-x64\jre\21.0.10-win32-x86_64\bin;C:\WINDOWS\SYSTEM32;C:\WINDOWS\WinSxS\amd64_microsoft.windows.common-controls_6595b64144ccf1df_6.0.26100.8115_none_3e075c82e3354f9c;C:\Users\hp\.vscode\extensions\redhat.java-1.54.0-win32-x64\jre\21.0.10-win32-x86_64\bin\server;C:\Users\hp\.gradle\native\1def1411415f61bf3af743bc5b6707747c0891f09f0c88961ee8f79bc544acac\windows-amd64;C:\Users\hp\.gradle\native\0.2.7\x86_64-windows-gnu

VM Arguments:
jvm_args: --add-opens=java.base/java.lang=ALL-UNNAMED --add-opens=java.base/java.lang.invoke=ALL-UNNAMED --add-opens=java.base/java.util=ALL-UNNAMED --add-opens=java.prefs/java.util.prefs=ALL-UNNAMED --add-exports=jdk.compiler/com.sun.tools.javac.api=ALL-UNNAMED --add-exports=jdk.compiler/com.sun.tools.javac.util=ALL-UNNAMED --add-opens=java.base/java.util=ALL-UNNAMED --add-opens=java.prefs/java.util.prefs=ALL-UNNAMED --add-opens=java.base/java.nio.charset=ALL-UNNAMED --add-opens=java.base/java.net=ALL-UNNAMED --add-opens=java.base/java.util.concurrent.atomic=ALL-UNNAMED --add-opens=java.xml/javax.xml.namespace=ALL-UNNAMED -XX:MaxMetaspaceSize=4G -XX:ReservedCodeCacheSize=512m -XX:+HeapDumpOnOutOfMemoryError -Xmx8G -Dfile.encoding=UTF-8 -Duser.country=US -Duser.language=en -Duser.variant -javaagent:C:\Users\hp\.gradle\wrapper\dists\gradle-8.14-all\c2qonpi39x1mddn7hk5gh9iqj\gradle-8.14\lib\agents\gradle-instrumentation-agent-8.14.jar 
java_command: org.gradle.launcher.daemon.bootstrap.GradleDaemon 8.14
java_class_path (initial): C:\Users\hp\.gradle\wrapper\dists\gradle-8.14-all\c2qonpi39x1mddn7hk5gh9iqj\gradle-8.14\lib\gradle-daemon-main-8.14.jar
Launcher Type: SUN_STANDARD

[Global flags]
     intx CICompilerCount                          = 4                                         {product} {ergonomic}
     uint ConcGCThreads                            = 2                                         {product} {ergonomic}
     uint G1ConcRefinementThreads                  = 8                                         {product} {ergonomic}
   size_t G1HeapRegionSize                         = 4194304                                   {product} {ergonomic}
    uintx GCDrainStackTargetSize                   = 64                                        {product} {ergonomic}
     bool HeapDumpOnOutOfMemoryError               = true                                   {manageable} {command line}
   size_t InitialHeapSize                          = 125829120                                 {product} {ergonomic}
   size_t MarkStackSize                            = 4194304                                   {product} {ergonomic}
   size_t MaxHeapSize                              = 8589934592                                {product} {command line}
   size_t MaxMetaspaceSize                         = 4294967296                                {product} {command line}
   size_t MaxNewSize                               = 5150605312                                {product} {ergonomic}
   size_t MinHeapDeltaBytes                        = 4194304                                   {product} {ergonomic}
   size_t MinHeapSize                              = 8388608                                   {product} {ergonomic}
    uintx NonNMethodCodeHeapSize                   = 5839372                                {pd product} {ergonomic}
    uintx NonProfiledCodeHeapSize                  = 265515770                              {pd product} {ergonomic}
    uintx ProfiledCodeHeapSize                     = 265515770                              {pd product} {ergonomic}
    uintx ReservedCodeCacheSize                    = 536870912                              {pd product} {command line}
     bool SegmentedCodeCache                       = true                                      {product} {ergonomic}
   size_t SoftMaxHeapSize                          = 8589934592                             {manageable} {ergonomic}
     bool UseCompressedOops                        = true                           {product lp64_product} {ergonomic}
     bool UseG1GC                                  = true                                      {product} {ergonomic}
     bool UseLargePagesIndividualAllocation        = false                                  {pd product} {ergonomic}

Logging:
Log output configuration:
 #0: stdout all=warning uptime,level,tags foldmultilines=false
 #1: stderr all=off uptime,level,tags foldmultilines=false

Release file:
JAVA_VERSION="21.0.10" 
MODULES="java.base java.compiler java.datatransfer java.xml java.prefs java.desktop java.instrument java.logging java.management java.security.sasl java.naming java.rmi java.management.rmi java.net.http java.scripting java.security.jgss java.transaction.xa java.sql java.sql.rowset java.xml.crypto java.se java.smartcardio jdk.accessibility jdk.internal.jvmstat jdk.attach jdk.charsets jdk.internal.opt jdk.zipfs jdk.compiler jdk.crypto.ec jdk.crypto.cryptoki jdk.crypto.mscapi jdk.dynalink jdk.internal.ed jdk.editpad jdk.hotspot.agent jdk.httpserver jdk.internal.le jdk.internal.vm.ci jdk.internal.vm.compiler jdk.internal.vm.compiler.management jdk.jartool jdk.javadoc jdk.jcmd jdk.management jdk.management.agent jdk.jconsole jdk.jdeps jdk.jdwp.agent jdk.jdi jdk.jfr jdk.jshell jdk.jsobject jdk.jstatd jdk.localedata jdk.management.jfr jdk.naming.dns jdk.naming.rmi jdk.net jdk.nio.mapmode jdk.random jdk.sctp jdk.security.auth jdk.security.jgss jdk.unsupported jdk.unsupported.desktop jdk.xml.dom" 

Environment Variables:
JAVA_HOME=C:\Program Files\Java\jdk-17
PATH=C:\Users\hp\AppData\Local\Programs\Microsoft VS Code;C:\Program Files\Common Files\Oracle\Java\javapath;C:\Program Files (x86)\Common Files\Oracle\Java\javapath;C:\windows\system32;C:\windows;C:\windows\System32\Wbem;C:\windows\System32\WindowsPowerShell\v1.0\;C:\windows\System32\OpenSSH\;C:\Program Files\Microsoft SQL Server\150\Tools\Binn\;C:\Program Files\Microsoft SQL Server\Client SDK\ODBC\170\Tools\Binn\;C:\Program Files (x86)\dotnet\;C:\Program Files\Go\bin;C:\xampp\php;C:\Program Files\Git\cmd;C:\Program Files (x86)\Microsoft SQL Server\160\Tools\Binn\;C:\Program Files\Microsoft SQL Server\160\Tools\Binn\;C:\Program Files\Microsoft SQL Server\160\DTS\Binn\;C:\ProgramData\ComposerSetup\bin;C:\Program Files (x86)\Microsoft SQL Server\150\Tools\Binn\;C:\Program Files\Microsoft SQL Server\150\DTS\Binn\;C:\Program Files\Azure Data Studio\bin;D:\Naufal Data\PKL\Dev\flutter\bin;C:\MinGW\bin;C:\WINDOWS\system32;C:\WINDOWS;C:\WINDOWS\System32\Wbem;C:\WINDOWS\System32\WindowsPowerShell\v1.0\;C:\WINDOWS\System32\OpenSSH\;C:\Program Files\dotnet\;JAVA_HOME;C:\Program Files\nodejs\;C:\src\Android\SDK\cmdline-tools\tools\bin;C:\Program Files\Java\jdk-17;D:\NaufalData\PKL\JDK\jdk-21.0.1\bin;C:\Users\hp\.dotnet\tools;C:\Program Files\Java\scripts;C:\Users\hp\AppData\Local\Microsoft\WindowsApps;C:\Users\hp\AppData\Local\Programs\Microsoft VS Code\bin;C:\Users\hp\go\bin;C:\Users\hp\AppData\Roaming\Composer\vendor\bin;D:\NaufalData\Koding\Flutter\flutter\bin;C:\Users\hp\AppData\Local\spicetify;C:\Users\hp\AppData\Local\Microsoft\WindowsApps;C:\zig-windows-x86_64-0.13.0;C:\Users\hp\AppData\Local\GitHubDesktop\bin;C:\Users\hp\.dotnet\tools;C:\Users\hp\AppData\Local\Programs\Antigravity\bin;C:\src\Android\SDK\cmdline-tools\latest\bin;C:\src\Android\SDK\platform-tools;C:\Users\hp\AppData\Local\Python\bin;C:\Users\hp\AppData\Local\Python\bin\python.exe;C:\Users\hp\AppData\Local\Python\pythoncore-3.14-64\Scripts;C:\Program Files (x86)\MongoDB Atlas CLI\;C:\Users\hp\AppData\Local\Microsoft\WinGet\Packages\Genymobile.scrcpy_Microsoft.Winget.Source_8wekyb3d8bbwe\scrcpy-win64-v3.3.4;C:\Users\hp\AppData\Roaming\npm;C:\Users\hp\AppData\Local\Pub\Cache\bin
USERNAME=hp
OS=Windows_NT
PROCESSOR_IDENTIFIER=AMD64 Family 23 Model 104 Stepping 1, AuthenticAMD
TMP=C:\Users\hp\AppData\Local\Temp
TEMP=C:\Users\hp\AppData\Local\Temp




Periodic native trim disabled

---------------  S Y S T E M  ---------------

OS:
 Windows 11 , 64 bit Build 26100 (10.0.26100.8246)
OS uptime: 0 days 14:01 hours
Hyper-V role detected

CPU: total 8 (initial active 8) (8 cores per cpu, 2 threads per core) family 23 model 104 stepping 1 microcode 0x8608104, cx8, cmov, fxsr, ht, mmx, 3dnowpref, sse, sse2, sse3, ssse3, sse4a, sse4.1, sse4.2, popcnt, lzcnt, tsc, tscinvbit, avx, avx2, aes, clmul, bmi1, bmi2, adx, sha, fma, vzeroupper, clflush, clflushopt, hv, rdtscp, rdpid, f16c
Processor Information for the first 8 processors :
  Max Mhz: 2600, Current Mhz: 1896, Mhz Limit: 2600

Memory: 4k page, system-wide physical 7502M (587M free)
TotalPageFile size 18327M (AvailPageFile size 0M)
current process WorkingSet (physical memory assigned to process): 331M, peak: 357M
current process commit charge ("private bytes"): 415M, peak: 415M

vm_info: OpenJDK 64-Bit Server VM (21.0.10+7-LTS) for windows-amd64 JRE (21.0.10+7-LTS), built on 2026-01-20T00:00:00Z by "admin" with MS VC++ 17.12 (VS2022)

END.
